[2.724s] DEBUG:colcon:Command line arguments: ['/usr/bin/colcon', 'build', '--packages-select', 'my_package']
[2.724s] DEBUG:colcon:Parsed command line arguments: Namespace(log_base=None, log_level=None, verb_name='build', build_base='build', install_base='install', merge_install=False, symlink_install=False, test_result_base=None, continue_on_error=False, executor='parallel', parallel_workers=8, event_handlers=None, ignore_user_meta=False, metas=['./colcon.meta'], base_paths=['.'], packages_ignore=None, packages_ignore_regex=None, paths=None, packages_up_to=None, packages_up_to_regex=None, packages_above=None, packages_above_and_dependencies=None, packages_above_depth=None, packages_select_by_dep=None, packages_skip_by_dep=None, packages_skip_up_to=None, packages_select_build_failed=False, packages_skip_build_finished=False, packages_select_test_failures=False, packages_skip_test_passed=False, packages_select=['my_package'], packages_skip=None, packages_select_regex=None, packages_skip_regex=None, packages_start=None, packages_end=None, allow_overriding=[], cmake_args=None, cmake_target=None, cmake_target_skip_unavailable=False, cmake_clean_cache=False, cmake_clean_first=False, cmake_force_configure=False, ament_cmake_args=None, catkin_cmake_args=None, catkin_skip_building_tests=False, verb_parser=<colcon_defaults.argument_parser.defaults.DefaultArgumentsDecorator object at 0x7f463ecb2e60>, verb_extension=<colcon_core.verb.build.BuildVerb object at 0x7f463ef64a30>, main=<bound method BuildVerb.main of <colcon_core.verb.build.BuildVerb object at 0x7f463ef64a30>>)
[2.770s] Level 1:colcon.colcon_core.package_discovery:discover_packages(colcon_meta) check parameters
[2.770s] Level 1:colcon.colcon_core.package_discovery:discover_packages(recursive) check parameters
[2.770s] Level 1:colcon.colcon_core.package_discovery:discover_packages(ignore) check parameters
[2.770s] Level 1:colcon.colcon_core.package_discovery:discover_packages(path) check parameters
[2.770s] Level 1:colcon.colcon_core.package_discovery:discover_packages(colcon_meta) discover
[2.771s] Level 1:colcon.colcon_core.package_discovery:discover_packages(recursive) discover
[2.771s] INFO:colcon.colcon_core.package_discovery:Crawling recursively for packages in '/home/manoj/ros2_ws'
[2.771s] Level 1:colcon.colcon_core.package_identification:_identify(.) by extensions ['ignore', 'ignore_ament_install']
[2.771s] Level 1:colcon.colcon_core.package_identification:_identify(.) by extension 'ignore'
[2.771s] Level 1:colcon.colcon_core.package_identification:_identify(.) by extension 'ignore_ament_install'
[2.771s] Level 1:colcon.colcon_core.package_identification:_identify(.) by extensions ['colcon_pkg']
[2.771s] Level 1:colcon.colcon_core.package_identification:_identify(.) by extension 'colcon_pkg'
[2.771s] Level 1:colcon.colcon_core.package_identification:_identify(.) by extensions ['colcon_meta']
[2.771s] Level 1:colcon.colcon_core.package_identification:_identify(.) by extension 'colcon_meta'
[2.771s] Level 1:colcon.colcon_core.package_identification:_identify(.) by extensions ['ros']
[2.771s] Level 1:colcon.colcon_core.package_identification:_identify(.) by extension 'ros'
[2.782s] Level 1:colcon.colcon_core.package_identification:_identify(.) by extensions ['cmake', 'python']
[2.782s] Level 1:colcon.colcon_core.package_identification:_identify(.) by extension 'cmake'
[2.782s] Level 1:colcon.colcon_core.package_identification:_identify(.) by extension 'python'
[2.782s] Level 1:colcon.colcon_core.package_identification:_identify(.) by extensions ['python_setup_py']
[2.782s] Level 1:colcon.colcon_core.package_identification:_identify(.) by extension 'python_setup_py'
[2.782s] Level 1:colcon.colcon_core.package_identification:_identify(build) by extensions ['ignore', 'ignore_ament_install']
[2.782s] Level 1:colcon.colcon_core.package_identification:_identify(build) by extension 'ignore'
[2.782s] Level 1:colcon.colcon_core.package_identification:_identify(build) ignored
[2.782s] Level 1:colcon.colcon_core.package_identification:_identify(install) by extensions ['ignore', 'ignore_ament_install']
[2.783s] Level 1:colcon.colcon_core.package_identification:_identify(install) by extension 'ignore'
[2.783s] Level 1:colcon.colcon_core.package_identification:_identify(install) ignored
[2.783s] Level 1:colcon.colcon_core.package_identification:_identify(log) by extensions ['ignore', 'ignore_ament_install']
[2.783s] Level 1:colcon.colcon_core.package_identification:_identify(log) by extension 'ignore'
[2.783s] Level 1:colcon.colcon_core.package_identification:_identify(log) ignored
[2.783s] Level 1:colcon.colcon_core.package_identification:_identify(src) by extensions ['ignore', 'ignore_ament_install']
[2.783s] Level 1:colcon.colcon_core.package_identification:_identify(src) by extension 'ignore'
[2.783s] Level 1:colcon.colcon_core.package_identification:_identify(src) by extension 'ignore_ament_install'
[2.783s] Level 1:colcon.colcon_core.package_identification:_identify(src) by extensions ['colcon_pkg']
[2.783s] Level 1:colcon.colcon_core.package_identification:_identify(src) by extension 'colcon_pkg'
[2.783s] Level 1:colcon.colcon_core.package_identification:_identify(src) by extensions ['colcon_meta']
[2.783s] Level 1:colcon.colcon_core.package_identification:_identify(src) by extension 'colcon_meta'
[2.783s] Level 1:colcon.colcon_core.package_identification:_identify(src) by extensions ['ros']
[2.783s] Level 1:colcon.colcon_core.package_identification:_identify(src) by extension 'ros'
[2.783s] Level 1:colcon.colcon_core.package_identification:_identify(src) by extensions ['cmake', 'python']
[2.783s] Level 1:colcon.colcon_core.package_identification:_identify(src) by extension 'cmake'
[2.783s] Level 1:colcon.colcon_core.package_identification:_identify(src) by extension 'python'
[2.783s] Level 1:colcon.colcon_core.package_identification:_identify(src) by extensions ['python_setup_py']
[2.783s] Level 1:colcon.colcon_core.package_identification:_identify(src) by extension 'python_setup_py'
[2.783s] Level 1:colcon.colcon_core.package_identification:_identify(src/my_package) by extensions ['ignore', 'ignore_ament_install']
[2.784s] Level 1:colcon.colcon_core.package_identification:_identify(src/my_package) by extension 'ignore'
[2.784s] Level 1:colcon.colcon_core.package_identification:_identify(src/my_package) by extension 'ignore_ament_install'
[2.784s] Level 1:colcon.colcon_core.package_identification:_identify(src/my_package) by extensions ['colcon_pkg']
[2.784s] Level 1:colcon.colcon_core.package_identification:_identify(src/my_package) by extension 'colcon_pkg'
[2.784s] Level 1:colcon.colcon_core.package_identification:_identify(src/my_package) by extensions ['colcon_meta']
[2.784s] Level 1:colcon.colcon_core.package_identification:_identify(src/my_package) by extension 'colcon_meta'
[2.784s] Level 1:colcon.colcon_core.package_identification:_identify(src/my_package) by extensions ['ros']
[2.784s] Level 1:colcon.colcon_core.package_identification:_identify(src/my_package) by extension 'ros'
[2.786s] DEBUG:colcon.colcon_core.package_identification:Package 'src/my_package' with type 'ros.ament_python' and name 'my_package'
[2.786s] Level 1:colcon.colcon_core.package_discovery:discover_packages(recursive) using defaults
[2.786s] Level 1:colcon.colcon_core.package_discovery:discover_packages(ignore) discover
[2.786s] Level 1:colcon.colcon_core.package_discovery:discover_packages(ignore) using defaults
[2.786s] Level 1:colcon.colcon_core.package_discovery:discover_packages(path) discover
[2.786s] Level 1:colcon.colcon_core.package_discovery:discover_packages(path) using defaults
[2.887s] Level 1:colcon.colcon_core.package_discovery:discover_packages(prefix_path) check parameters
[2.887s] Level 1:colcon.colcon_core.package_discovery:discover_packages(prefix_path) discover
[2.904s] WARNING:colcon.colcon_ros.prefix_path.ament:The path '/home/manoj/ros2_ws/install/bug0' in the environment variable AMENT_PREFIX_PATH doesn't exist
[2.921s] DEBUG:colcon.colcon_installed_package_information.package_discovery:Found 1 installed packages in /home/manoj/ros2_ws/install
[2.952s] DEBUG:colcon.colcon_installed_package_information.package_discovery:Found 394 installed packages in /opt/ros/humble
[2.953s] Level 1:colcon.colcon_core.package_discovery:discover_packages(prefix_path) using defaults
[3.100s] Level 5:colcon.colcon_core.verb:set package 'my_package' build argument 'cmake_args' from command line to 'None'
[3.100s] Level 5:colcon.colcon_core.verb:set package 'my_package' build argument 'cmake_target' from command line to 'None'
[3.100s] Level 5:colcon.colcon_core.verb:set package 'my_package' build argument 'cmake_target_skip_unavailable' from command line to 'False'
[3.100s] Level 5:colcon.colcon_core.verb:set package 'my_package' build argument 'cmake_clean_cache' from command line to 'False'
[3.100s] Level 5:colcon.colcon_core.verb:set package 'my_package' build argument 'cmake_clean_first' from command line to 'False'
[3.101s] Level 5:colcon.colcon_core.verb:set package 'my_package' build argument 'cmake_force_configure' from command line to 'False'
[3.101s] Level 5:colcon.colcon_core.verb:set package 'my_package' build argument 'ament_cmake_args' from command line to 'None'
[3.101s] Level 5:colcon.colcon_core.verb:set package 'my_package' build argument 'catkin_cmake_args' from command line to 'None'
[3.101s] Level 5:colcon.colcon_core.verb:set package 'my_package' build argument 'catkin_skip_building_tests' from command line to 'False'
[3.101s] DEBUG:colcon.colcon_core.verb:Building package 'my_package' with the following arguments: {'ament_cmake_args': None, 'build_base': '/home/manoj/ros2_ws/build/my_package', 'catkin_cmake_args': None, 'catkin_skip_building_tests': False, 'cmake_args': None, 'cmake_clean_cache': False, 'cmake_clean_first': False, 'cmake_force_configure': False, 'cmake_target': None, 'cmake_target_skip_unavailable': False, 'install_base': '/home/manoj/ros2_ws/install/my_package', 'merge_install': False, 'path': '/home/manoj/ros2_ws/src/my_package', 'symlink_install': False, 'test_result_base': None}
[3.118s] INFO:colcon.colcon_core.executor:Executing jobs using 'parallel' executor
[3.139s] DEBUG:colcon.colcon_parallel_executor.executor.parallel:run_until_complete
[3.140s] INFO:colcon.colcon_ros.task.ament_python.build:Building ROS package in '/home/manoj/ros2_ws/src/my_package' with build type 'ament_python'
[3.140s] Level 1:colcon.colcon_core.shell:create_environment_hook('my_package', 'ament_prefix_path')
[3.161s] INFO:colcon.colcon_core.plugin_system:Skipping extension 'colcon_core.shell.bat': Not used on non-Windows systems
[3.161s] INFO:colcon.colcon_core.shell:Creating environment hook '/home/manoj/ros2_ws/install/my_package/share/my_package/hook/ament_prefix_path.ps1'
[3.162s] INFO:colcon.colcon_core.shell:Creating environment descriptor '/home/manoj/ros2_ws/install/my_package/share/my_package/hook/ament_prefix_path.dsv'
[3.162s] INFO:colcon.colcon_core.shell:Creating environment hook '/home/manoj/ros2_ws/install/my_package/share/my_package/hook/ament_prefix_path.sh'
[3.182s] INFO:colcon.colcon_core.shell:Skip shell extension 'powershell' for command environment: Not usable outside of PowerShell
[3.182s] DEBUG:colcon.colcon_core.shell:Skip shell extension 'dsv' for command environment
[3.608s] INFO:colcon.colcon_core.task.python.build:Building Python package in '/home/manoj/ros2_ws/src/my_package'
[3.626s] INFO:colcon.colcon_core.shell:Skip shell extension 'powershell' for command environment: Not usable outside of PowerShell
[3.626s] DEBUG:colcon.colcon_core.shell:Skip shell extension 'dsv' for command environment
[4.216s] DEBUG:colcon.colcon_core.event_handler.log_command:Invoking command in '/home/manoj/ros2_ws/src/my_package': PYTHONPATH=/home/manoj/ros2_ws/build/my_package/prefix_override:/home/manoj/ros2_ws/install/my_package/lib/python3.10/site-packages:${PYTHONPATH} /usr/bin/python3 setup.py egg_info --egg-base ../../build/my_package build --build-base /home/manoj/ros2_ws/build/my_package/build install --record /home/manoj/ros2_ws/build/my_package/install.log --single-version-externally-managed
[4.791s] DEBUG:colcon.colcon_core.event_handler.log_command:Invoked command in '/home/manoj/ros2_ws/src/my_package' returned '0': PYTHONPATH=/home/manoj/ros2_ws/build/my_package/prefix_override:/home/manoj/ros2_ws/install/my_package/lib/python3.10/site-packages:${PYTHONPATH} /usr/bin/python3 setup.py egg_info --egg-base ../../build/my_package build --build-base /home/manoj/ros2_ws/build/my_package/build install --record /home/manoj/ros2_ws/build/my_package/install.log --single-version-externally-managed
[4.818s] Level 1:colcon.colcon_core.environment:checking '/home/manoj/ros2_ws/install/my_package' for CMake module files
[4.818s] Level 1:colcon.colcon_core.environment:checking '/home/manoj/ros2_ws/install/my_package' for CMake config files
[4.829s] Level 1:colcon.colcon_core.environment:checking '/home/manoj/ros2_ws/install/my_package/lib'
[4.830s] Level 1:colcon.colcon_core.environment:checking '/home/manoj/ros2_ws/install/my_package/bin'
[4.830s] Level 1:colcon.colcon_core.environment:checking '/home/manoj/ros2_ws/install/my_package/lib/pkgconfig/my_package.pc'
[4.830s] Level 1:colcon.colcon_core.environment:checking '/home/manoj/ros2_ws/install/my_package/lib/python3.10/site-packages'
[4.830s] Level 1:colcon.colcon_core.shell:create_environment_hook('my_package', 'pythonpath')
[4.856s] INFO:colcon.colcon_core.shell:Creating environment hook '/home/manoj/ros2_ws/install/my_package/share/my_package/hook/pythonpath.ps1'
[4.857s] INFO:colcon.colcon_core.shell:Creating environment descriptor '/home/manoj/ros2_ws/install/my_package/share/my_package/hook/pythonpath.dsv'
[4.858s] INFO:colcon.colcon_core.shell:Creating environment hook '/home/manoj/ros2_ws/install/my_package/share/my_package/hook/pythonpath.sh'
[4.858s] Level 1:colcon.colcon_core.environment:checking '/home/manoj/ros2_ws/install/my_package/bin'
[4.858s] Level 1:colcon.colcon_core.environment:create_environment_scripts_only(my_package)
[4.884s] INFO:colcon.colcon_core.shell:Creating package script '/home/manoj/ros2_ws/install/my_package/share/my_package/package.ps1'
[4.885s] INFO:colcon.colcon_core.shell:Creating package descriptor '/home/manoj/ros2_ws/install/my_package/share/my_package/package.dsv'
[4.886s] INFO:colcon.colcon_core.shell:Creating package script '/home/manoj/ros2_ws/install/my_package/share/my_package/package.sh'
[4.887s] INFO:colcon.colcon_core.shell:Creating package script '/home/manoj/ros2_ws/install/my_package/share/my_package/package.bash'
[4.889s] INFO:colcon.colcon_core.shell:Creating package script '/home/manoj/ros2_ws/install/my_package/share/my_package/package.zsh'
[4.890s] Level 1:colcon.colcon_core.environment:create_file_with_runtime_dependencies(/home/manoj/ros2_ws/install/my_package/share/colcon-core/packages/my_package)
[4.891s] DEBUG:colcon.colcon_parallel_executor.executor.parallel:closing loop
[4.891s] DEBUG:colcon.colcon_parallel_executor.executor.parallel:loop closed
[4.891s] DEBUG:colcon.colcon_parallel_executor.executor.parallel:run_until_complete finished with '0'
[4.892s] DEBUG:colcon.colcon_core.event_reactor:joining thread
[4.946s] INFO:colcon.colcon_core.plugin_system:Skipping extension 'colcon_notification.desktop_notification.terminal_notifier': Not used on non-Darwin systems
[4.946s] INFO:colcon.colcon_core.plugin_system:Skipping extension 'colcon_notification.desktop_notification.win32': Not used on non-Windows systems
[4.946s] INFO:colcon.colcon_notification.desktop_notification:Sending desktop notification using 'notify2'
[4.967s] DEBUG:colcon.colcon_core.event_reactor:joined thread
[4.991s] INFO:colcon.colcon_core.shell:Creating prefix script '/home/manoj/ros2_ws/install/local_setup.ps1'
[4.993s] INFO:colcon.colcon_core.shell:Creating prefix util module '/home/manoj/ros2_ws/install/_local_setup_util_ps1.py'
[4.995s] INFO:colcon.colcon_core.shell:Creating prefix chain script '/home/manoj/ros2_ws/install/setup.ps1'
[5.023s] INFO:colcon.colcon_core.shell:Creating prefix script '/home/manoj/ros2_ws/install/local_setup.sh'
[5.024s] INFO:colcon.colcon_core.shell:Creating prefix util module '/home/manoj/ros2_ws/install/_local_setup_util_sh.py'
[5.025s] INFO:colcon.colcon_core.shell:Creating prefix chain script '/home/manoj/ros2_ws/install/setup.sh'
[5.052s] INFO:colcon.colcon_core.shell:Creating prefix script '/home/manoj/ros2_ws/install/local_setup.bash'
[5.053s] INFO:colcon.colcon_core.shell:Creating prefix chain script '/home/manoj/ros2_ws/install/setup.bash'
[5.078s] INFO:colcon.colcon_core.shell:Creating prefix script '/home/manoj/ros2_ws/install/local_setup.zsh'
[5.078s] INFO:colcon.colcon_core.shell:Creating prefix chain script '/home/manoj/ros2_ws/install/setup.zsh'
