[2.800s] Invoking command in '/home/manoj/ros2_ws/src/my_package': PYTHONPATH=/home/manoj/ros2_ws/src/my_package/build/my_package/prefix_override:/home/manoj/ros2_ws/src/my_package/install/my_package/lib/python3.10/site-packages:${PYTHONPATH} /usr/bin/python3 setup.py egg_info --egg-base build/my_package build --build-base /home/manoj/ros2_ws/src/my_package/build/my_package/build install --record /home/manoj/ros2_ws/src/my_package/build/my_package/install.log --single-version-externally-managed
[3.613s] running egg_info
[3.614s] writing build/my_package/my_package.egg-info/PKG-INFO
[3.614s] writing dependency_links to build/my_package/my_package.egg-info/dependency_links.txt
[3.614s] writing entry points to build/my_package/my_package.egg-info/entry_points.txt
[3.614s] writing requirements to build/my_package/my_package.egg-info/requires.txt
[3.614s] writing top-level names to build/my_package/my_package.egg-info/top_level.txt
[3.620s] reading manifest file 'build/my_package/my_package.egg-info/SOURCES.txt'
[3.625s] writing manifest file 'build/my_package/my_package.egg-info/SOURCES.txt'
[3.626s] running build
[3.626s] running build_py
[3.627s] running install
[3.628s] running install_lib
[3.630s] running install_data
[3.631s] running install_egg_info
[3.638s] removing '/home/manoj/ros2_ws/src/my_package/install/my_package/lib/python3.10/site-packages/my_package-0.0.0-py3.10.egg-info' (and everything under it)
[3.640s] Copying build/my_package/my_package.egg-info to /home/manoj/ros2_ws/src/my_package/install/my_package/lib/python3.10/site-packages/my_package-0.0.0-py3.10.egg-info
[3.644s] running install_scripts
[3.722s] Installing my_node script to /home/manoj/ros2_ws/src/my_package/install/my_package/lib/my_package
[3.724s] writing list of installed files to '/home/manoj/ros2_ws/src/my_package/build/my_package/install.log'
[3.888s] Invoked command in '/home/manoj/ros2_ws/src/my_package' returned '0': PYTHONPATH=/home/manoj/ros2_ws/src/my_package/build/my_package/prefix_override:/home/manoj/ros2_ws/src/my_package/install/my_package/lib/python3.10/site-packages:${PYTHONPATH} /usr/bin/python3 setup.py egg_info --egg-base build/my_package build --build-base /home/manoj/ros2_ws/src/my_package/build/my_package/build install --record /home/manoj/ros2_ws/src/my_package/build/my_package/install.log --single-version-externally-managed
