[4.063s] DEBUG:colcon:Command line arguments: ['/usr/bin/colcon', 'build', '--symlink-install']
[4.064s] DEBUG:colcon:Parsed command line arguments: Namespace(log_base=None, log_level=None, verb_name='build', build_base='build', install_base='install', merge_install=False, symlink_install=True, test_result_base=None, continue_on_error=False, executor='parallel', parallel_workers=8, event_handlers=None, ignore_user_meta=False, metas=['./colcon.meta'], base_paths=['.'], packages_ignore=None, packages_ignore_regex=None, paths=None, packages_up_to=None, packages_up_to_regex=None, packages_above=None, packages_above_and_dependencies=None, packages_above_depth=None, packages_select_by_dep=None, packages_skip_by_dep=None, packages_skip_up_to=None, packages_select_build_failed=False, packages_skip_build_finished=False, packages_select_test_failures=False, packages_skip_test_passed=False, packages_select=None, packages_skip=None, packages_select_regex=None, packages_skip_regex=None, packages_start=None, packages_end=None, allow_overriding=[], cmake_args=None, cmake_target=None, cmake_target_skip_unavailable=False, cmake_clean_cache=False, cmake_clean_first=False, cmake_force_configure=False, ament_cmake_args=None, catkin_cmake_args=None, catkin_skip_building_tests=False, verb_parser=<colcon_defaults.argument_parser.defaults.DefaultArgumentsDecorator object at 0x7fa7db3a0f40>, verb_extension=<colcon_core.verb.build.BuildVerb object at 0x7fa7db82e9b0>, main=<bound method BuildVerb.main of <colcon_core.verb.build.BuildVerb object at 0x7fa7db82e9b0>>)
[4.270s] Level 1:colcon.colcon_core.package_discovery:discover_packages(colcon_meta) check parameters
[4.270s] Level 1:colcon.colcon_core.package_discovery:discover_packages(recursive) check parameters
[4.270s] Level 1:colcon.colcon_core.package_discovery:discover_packages(ignore) check parameters
[4.270s] Level 1:colcon.colcon_core.package_discovery:discover_packages(path) check parameters
[4.270s] Level 1:colcon.colcon_core.package_discovery:discover_packages(colcon_meta) discover
[4.270s] Level 1:colcon.colcon_core.package_discovery:discover_packages(recursive) discover
[4.270s] INFO:colcon.colcon_core.package_discovery:Crawling recursively for packages in '/home/manoj/turtlebot3_ws'
[4.270s] Level 1:colcon.colcon_core.package_identification:_identify(.) by extensions ['ignore', 'ignore_ament_install']
[4.270s] Level 1:colcon.colcon_core.package_identification:_identify(.) by extension 'ignore'
[4.271s] Level 1:colcon.colcon_core.package_identification:_identify(.) by extension 'ignore_ament_install'
[4.271s] Level 1:colcon.colcon_core.package_identification:_identify(.) by extensions ['colcon_pkg']
[4.271s] Level 1:colcon.colcon_core.package_identification:_identify(.) by extension 'colcon_pkg'
[4.271s] Level 1:colcon.colcon_core.package_identification:_identify(.) by extensions ['colcon_meta']
[4.271s] Level 1:colcon.colcon_core.package_identification:_identify(.) by extension 'colcon_meta'
[4.271s] Level 1:colcon.colcon_core.package_identification:_identify(.) by extensions ['ros']
[4.271s] Level 1:colcon.colcon_core.package_identification:_identify(.) by extension 'ros'
[4.280s] Level 1:colcon.colcon_core.package_identification:_identify(.) by extensions ['cmake', 'python']
[4.280s] Level 1:colcon.colcon_core.package_identification:_identify(.) by extension 'cmake'
[4.280s] Level 1:colcon.colcon_core.package_identification:_identify(.) by extension 'python'
[4.280s] Level 1:colcon.colcon_core.package_identification:_identify(.) by extensions ['python_setup_py']
[4.280s] Level 1:colcon.colcon_core.package_identification:_identify(.) by extension 'python_setup_py'
[4.280s] Level 1:colcon.colcon_core.package_identification:_identify(build) by extensions ['ignore', 'ignore_ament_install']
[4.281s] Level 1:colcon.colcon_core.package_identification:_identify(build) by extension 'ignore'
[4.281s] Level 1:colcon.colcon_core.package_identification:_identify(build) ignored
[4.281s] Level 1:colcon.colcon_core.package_identification:_identify(install) by extensions ['ignore', 'ignore_ament_install']
[4.281s] Level 1:colcon.colcon_core.package_identification:_identify(install) by extension 'ignore'
[4.281s] Level 1:colcon.colcon_core.package_identification:_identify(install) ignored
[4.281s] Level 1:colcon.colcon_core.package_identification:_identify(log) by extensions ['ignore', 'ignore_ament_install']
[4.281s] Level 1:colcon.colcon_core.package_identification:_identify(log) by extension 'ignore'
[4.281s] Level 1:colcon.colcon_core.package_identification:_identify(log) ignored
[4.310s] Level 1:colcon.colcon_core.package_identification:_identify(src) by extensions ['ignore', 'ignore_ament_install']
[4.310s] Level 1:colcon.colcon_core.package_identification:_identify(src) by extension 'ignore'
[4.310s] Level 1:colcon.colcon_core.package_identification:_identify(src) by extension 'ignore_ament_install'
[4.311s] Level 1:colcon.colcon_core.package_identification:_identify(src) by extensions ['colcon_pkg']
[4.311s] Level 1:colcon.colcon_core.package_identification:_identify(src) by extension 'colcon_pkg'
[4.311s] Level 1:colcon.colcon_core.package_identification:_identify(src) by extensions ['colcon_meta']
[4.311s] Level 1:colcon.colcon_core.package_identification:_identify(src) by extension 'colcon_meta'
[4.311s] Level 1:colcon.colcon_core.package_identification:_identify(src) by extensions ['ros']
[4.311s] Level 1:colcon.colcon_core.package_identification:_identify(src) by extension 'ros'
[4.311s] Level 1:colcon.colcon_core.package_identification:_identify(src) by extensions ['cmake', 'python']
[4.312s] Level 1:colcon.colcon_core.package_identification:_identify(src) by extension 'cmake'
[4.312s] Level 1:colcon.colcon_core.package_identification:_identify(src) by extension 'python'
[4.312s] Level 1:colcon.colcon_core.package_identification:_identify(src) by extensions ['python_setup_py']
[4.312s] Level 1:colcon.colcon_core.package_identification:_identify(src) by extension 'python_setup_py'
[4.312s] Level 1:colcon.colcon_core.package_identification:_identify(turtlebot3_simulations) by extensions ['ignore', 'ignore_ament_install']
[4.312s] Level 1:colcon.colcon_core.package_identification:_identify(turtlebot3_simulations) by extension 'ignore'
[4.312s] Level 1:colcon.colcon_core.package_identification:_identify(turtlebot3_simulations) by extension 'ignore_ament_install'
[4.312s] Level 1:colcon.colcon_core.package_identification:_identify(turtlebot3_simulations) by extensions ['colcon_pkg']
[4.313s] Level 1:colcon.colcon_core.package_identification:_identify(turtlebot3_simulations) by extension 'colcon_pkg'
[4.313s] Level 1:colcon.colcon_core.package_identification:_identify(turtlebot3_simulations) by extensions ['colcon_meta']
[4.313s] Level 1:colcon.colcon_core.package_identification:_identify(turtlebot3_simulations) by extension 'colcon_meta'
[4.313s] Level 1:colcon.colcon_core.package_identification:_identify(turtlebot3_simulations) by extensions ['ros']
[4.313s] Level 1:colcon.colcon_core.package_identification:_identify(turtlebot3_simulations) by extension 'ros'
[4.313s] Level 1:colcon.colcon_core.package_identification:_identify(turtlebot3_simulations) by extensions ['cmake', 'python']
[4.313s] Level 1:colcon.colcon_core.package_identification:_identify(turtlebot3_simulations) by extension 'cmake'
[4.313s] Level 1:colcon.colcon_core.package_identification:_identify(turtlebot3_simulations) by extension 'python'
[4.313s] Level 1:colcon.colcon_core.package_identification:_identify(turtlebot3_simulations) by extensions ['python_setup_py']
[4.313s] Level 1:colcon.colcon_core.package_identification:_identify(turtlebot3_simulations) by extension 'python_setup_py'
[4.346s] Level 1:colcon.colcon_core.package_identification:_identify(turtlebot3_simulations/turtlebot3_fake_node) by extensions ['ignore', 'ignore_ament_install']
[4.346s] Level 1:colcon.colcon_core.package_identification:_identify(turtlebot3_simulations/turtlebot3_fake_node) by extension 'ignore'
[4.346s] Level 1:colcon.colcon_core.package_identification:_identify(turtlebot3_simulations/turtlebot3_fake_node) by extension 'ignore_ament_install'
[4.347s] Level 1:colcon.colcon_core.package_identification:_identify(turtlebot3_simulations/turtlebot3_fake_node) by extensions ['colcon_pkg']
[4.347s] Level 1:colcon.colcon_core.package_identification:_identify(turtlebot3_simulations/turtlebot3_fake_node) by extension 'colcon_pkg'
[4.347s] Level 1:colcon.colcon_core.package_identification:_identify(turtlebot3_simulations/turtlebot3_fake_node) by extensions ['colcon_meta']
[4.347s] Level 1:colcon.colcon_core.package_identification:_identify(turtlebot3_simulations/turtlebot3_fake_node) by extension 'colcon_meta'
[4.347s] Level 1:colcon.colcon_core.package_identification:_identify(turtlebot3_simulations/turtlebot3_fake_node) by extensions ['ros']
[4.347s] Level 1:colcon.colcon_core.package_identification:_identify(turtlebot3_simulations/turtlebot3_fake_node) by extension 'ros'
[4.353s] DEBUG:colcon.colcon_core.package_identification:Package 'turtlebot3_simulations/turtlebot3_fake_node' with type 'ros.ament_cmake' and name 'turtlebot3_fake_node'
[4.354s] Level 1:colcon.colcon_core.package_identification:_identify(turtlebot3_simulations/turtlebot3_gazebo) by extensions ['ignore', 'ignore_ament_install']
[4.354s] Level 1:colcon.colcon_core.package_identification:_identify(turtlebot3_simulations/turtlebot3_gazebo) by extension 'ignore'
[4.354s] Level 1:colcon.colcon_core.package_identification:_identify(turtlebot3_simulations/turtlebot3_gazebo) by extension 'ignore_ament_install'
[4.354s] Level 1:colcon.colcon_core.package_identification:_identify(turtlebot3_simulations/turtlebot3_gazebo) by extensions ['colcon_pkg']
[4.354s] Level 1:colcon.colcon_core.package_identification:_identify(turtlebot3_simulations/turtlebot3_gazebo) by extension 'colcon_pkg'
[4.354s] Level 1:colcon.colcon_core.package_identification:_identify(turtlebot3_simulations/turtlebot3_gazebo) by extensions ['colcon_meta']
[4.354s] Level 1:colcon.colcon_core.package_identification:_identify(turtlebot3_simulations/turtlebot3_gazebo) by extension 'colcon_meta'
[4.355s] Level 1:colcon.colcon_core.package_identification:_identify(turtlebot3_simulations/turtlebot3_gazebo) by extensions ['ros']
[4.355s] Level 1:colcon.colcon_core.package_identification:_identify(turtlebot3_simulations/turtlebot3_gazebo) by extension 'ros'
[4.356s] DEBUG:colcon.colcon_core.package_identification:Package 'turtlebot3_simulations/turtlebot3_gazebo' with type 'ros.ament_cmake' and name 'turtlebot3_gazebo'
[4.357s] Level 1:colcon.colcon_core.package_identification:_identify(turtlebot3_simulations/turtlebot3_simulations) by extensions ['ignore', 'ignore_ament_install']
[4.357s] Level 1:colcon.colcon_core.package_identification:_identify(turtlebot3_simulations/turtlebot3_simulations) by extension 'ignore'
[4.357s] Level 1:colcon.colcon_core.package_identification:_identify(turtlebot3_simulations/turtlebot3_simulations) by extension 'ignore_ament_install'
[4.357s] Level 1:colcon.colcon_core.package_identification:_identify(turtlebot3_simulations/turtlebot3_simulations) by extensions ['colcon_pkg']
[4.357s] Level 1:colcon.colcon_core.package_identification:_identify(turtlebot3_simulations/turtlebot3_simulations) by extension 'colcon_pkg'
[4.357s] Level 1:colcon.colcon_core.package_identification:_identify(turtlebot3_simulations/turtlebot3_simulations) by extensions ['colcon_meta']
[4.357s] Level 1:colcon.colcon_core.package_identification:_identify(turtlebot3_simulations/turtlebot3_simulations) by extension 'colcon_meta'
[4.357s] Level 1:colcon.colcon_core.package_identification:_identify(turtlebot3_simulations/turtlebot3_simulations) by extensions ['ros']
[4.358s] Level 1:colcon.colcon_core.package_identification:_identify(turtlebot3_simulations/turtlebot3_simulations) by extension 'ros'
[4.358s] DEBUG:colcon.colcon_core.package_identification:Package 'turtlebot3_simulations/turtlebot3_simulations' with type 'ros.ament_cmake' and name 'turtlebot3_simulations'
[4.359s] Level 1:colcon.colcon_core.package_discovery:discover_packages(recursive) using defaults
[4.359s] Level 1:colcon.colcon_core.package_discovery:discover_packages(ignore) discover
[4.359s] Level 1:colcon.colcon_core.package_discovery:discover_packages(ignore) using defaults
[4.359s] Level 1:colcon.colcon_core.package_discovery:discover_packages(path) discover
[4.359s] Level 1:colcon.colcon_core.package_discovery:discover_packages(path) using defaults
[4.619s] Level 1:colcon.colcon_core.package_discovery:discover_packages(prefix_path) check parameters
[4.619s] Level 1:colcon.colcon_core.package_discovery:discover_packages(prefix_path) discover
[4.627s] Level 1:colcon.colcon_core.package_discovery:discover_packages(prefix_path) using defaults
[4.642s] Level 5:colcon.colcon_core.verb:set package 'turtlebot3_fake_node' build argument 'cmake_args' from command line to 'None'
[4.642s] Level 5:colcon.colcon_core.verb:set package 'turtlebot3_fake_node' build argument 'cmake_target' from command line to 'None'
[4.642s] Level 5:colcon.colcon_core.verb:set package 'turtlebot3_fake_node' build argument 'cmake_target_skip_unavailable' from command line to 'False'
[4.642s] Level 5:colcon.colcon_core.verb:set package 'turtlebot3_fake_node' build argument 'cmake_clean_cache' from command line to 'False'
[4.642s] Level 5:colcon.colcon_core.verb:set package 'turtlebot3_fake_node' build argument 'cmake_clean_first' from command line to 'False'
[4.642s] Level 5:colcon.colcon_core.verb:set package 'turtlebot3_fake_node' build argument 'cmake_force_configure' from command line to 'False'
[4.642s] Level 5:colcon.colcon_core.verb:set package 'turtlebot3_fake_node' build argument 'ament_cmake_args' from command line to 'None'
[4.642s] Level 5:colcon.colcon_core.verb:set package 'turtlebot3_fake_node' build argument 'catkin_cmake_args' from command line to 'None'
[4.642s] Level 5:colcon.colcon_core.verb:set package 'turtlebot3_fake_node' build argument 'catkin_skip_building_tests' from command line to 'False'
[4.642s] DEBUG:colcon.colcon_core.verb:Building package 'turtlebot3_fake_node' with the following arguments: {'ament_cmake_args': None, 'build_base': '/home/manoj/turtlebot3_ws/build/turtlebot3_fake_node', 'catkin_cmake_args': None, 'catkin_skip_building_tests': False, 'cmake_args': None, 'cmake_clean_cache': False, 'cmake_clean_first': False, 'cmake_force_configure': False, 'cmake_target': None, 'cmake_target_skip_unavailable': False, 'install_base': '/home/manoj/turtlebot3_ws/install/turtlebot3_fake_node', 'merge_install': False, 'path': '/home/manoj/turtlebot3_ws/turtlebot3_simulations/turtlebot3_fake_node', 'symlink_install': True, 'test_result_base': None}
[4.649s] Level 5:colcon.colcon_core.verb:set package 'turtlebot3_gazebo' build argument 'cmake_args' from command line to 'None'
[4.650s] Level 5:colcon.colcon_core.verb:set package 'turtlebot3_gazebo' build argument 'cmake_target' from command line to 'None'
[4.650s] Level 5:colcon.colcon_core.verb:set package 'turtlebot3_gazebo' build argument 'cmake_target_skip_unavailable' from command line to 'False'
[4.650s] Level 5:colcon.colcon_core.verb:set package 'turtlebot3_gazebo' build argument 'cmake_clean_cache' from command line to 'False'
[4.650s] Level 5:colcon.colcon_core.verb:set package 'turtlebot3_gazebo' build argument 'cmake_clean_first' from command line to 'False'
[4.650s] Level 5:colcon.colcon_core.verb:set package 'turtlebot3_gazebo' build argument 'cmake_force_configure' from command line to 'False'
[4.650s] Level 5:colcon.colcon_core.verb:set package 'turtlebot3_gazebo' build argument 'ament_cmake_args' from command line to 'None'
[4.650s] Level 5:colcon.colcon_core.verb:set package 'turtlebot3_gazebo' build argument 'catkin_cmake_args' from command line to 'None'
[4.650s] Level 5:colcon.colcon_core.verb:set package 'turtlebot3_gazebo' build argument 'catkin_skip_building_tests' from command line to 'False'
[4.650s] DEBUG:colcon.colcon_core.verb:Building package 'turtlebot3_gazebo' with the following arguments: {'ament_cmake_args': None, 'build_base': '/home/manoj/turtlebot3_ws/build/turtlebot3_gazebo', 'catkin_cmake_args': None, 'catkin_skip_building_tests': False, 'cmake_args': None, 'cmake_clean_cache': False, 'cmake_clean_first': False, 'cmake_force_configure': False, 'cmake_target': None, 'cmake_target_skip_unavailable': False, 'install_base': '/home/manoj/turtlebot3_ws/install/turtlebot3_gazebo', 'merge_install': False, 'path': '/home/manoj/turtlebot3_ws/turtlebot3_simulations/turtlebot3_gazebo', 'symlink_install': True, 'test_result_base': None}
[4.657s] Level 5:colcon.colcon_core.verb:set package 'turtlebot3_simulations' build argument 'cmake_args' from command line to 'None'
[4.657s] Level 5:colcon.colcon_core.verb:set package 'turtlebot3_simulations' build argument 'cmake_target' from command line to 'None'
[4.657s] Level 5:colcon.colcon_core.verb:set package 'turtlebot3_simulations' build argument 'cmake_target_skip_unavailable' from command line to 'False'
[4.657s] Level 5:colcon.colcon_core.verb:set package 'turtlebot3_simulations' build argument 'cmake_clean_cache' from command line to 'False'
[4.657s] Level 5:colcon.colcon_core.verb:set package 'turtlebot3_simulations' build argument 'cmake_clean_first' from command line to 'False'
[4.657s] Level 5:colcon.colcon_core.verb:set package 'turtlebot3_simulations' build argument 'cmake_force_configure' from command line to 'False'
[4.657s] Level 5:colcon.colcon_core.verb:set package 'turtlebot3_simulations' build argument 'ament_cmake_args' from command line to 'None'
[4.657s] Level 5:colcon.colcon_core.verb:set package 'turtlebot3_simulations' build argument 'catkin_cmake_args' from command line to 'None'
[4.657s] Level 5:colcon.colcon_core.verb:set package 'turtlebot3_simulations' build argument 'catkin_skip_building_tests' from command line to 'False'
[4.657s] DEBUG:colcon.colcon_core.verb:Building package 'turtlebot3_simulations' with the following arguments: {'ament_cmake_args': None, 'build_base': '/home/manoj/turtlebot3_ws/build/turtlebot3_simulations', 'catkin_cmake_args': None, 'catkin_skip_building_tests': False, 'cmake_args': None, 'cmake_clean_cache': False, 'cmake_clean_first': False, 'cmake_force_configure': False, 'cmake_target': None, 'cmake_target_skip_unavailable': False, 'install_base': '/home/manoj/turtlebot3_ws/install/turtlebot3_simulations', 'merge_install': False, 'path': '/home/manoj/turtlebot3_ws/turtlebot3_simulations/turtlebot3_simulations', 'symlink_install': True, 'test_result_base': None}
[4.665s] INFO:colcon.colcon_core.executor:Executing jobs using 'parallel' executor
[4.673s] DEBUG:colcon.colcon_parallel_executor.executor.parallel:run_until_complete
[4.673s] INFO:colcon.colcon_ros.task.ament_cmake.build:Building ROS package in '/home/manoj/turtlebot3_ws/turtlebot3_simulations/turtlebot3_fake_node' with build type 'ament_cmake'
[4.673s] INFO:colcon.colcon_cmake.task.cmake.build:Building CMake package in '/home/manoj/turtlebot3_ws/turtlebot3_simulations/turtlebot3_fake_node'
[4.683s] INFO:colcon.colcon_core.plugin_system:Skipping extension 'colcon_core.shell.bat': Not used on non-Windows systems
[4.683s] INFO:colcon.colcon_core.shell:Skip shell extension 'powershell' for command environment: Not usable outside of PowerShell
[4.683s] DEBUG:colcon.colcon_core.shell:Skip shell extension 'dsv' for command environment
[4.692s] INFO:colcon.colcon_ros.task.ament_cmake.build:Building ROS package in '/home/manoj/turtlebot3_ws/turtlebot3_simulations/turtlebot3_gazebo' with build type 'ament_cmake'
[4.692s] INFO:colcon.colcon_cmake.task.cmake.build:Building CMake package in '/home/manoj/turtlebot3_ws/turtlebot3_simulations/turtlebot3_gazebo'
[4.700s] INFO:colcon.colcon_core.shell:Skip shell extension 'powershell' for command environment: Not usable outside of PowerShell
[4.700s] DEBUG:colcon.colcon_core.shell:Skip shell extension 'dsv' for command environment
[4.714s] DEBUG:colcon.colcon_core.event_handler.log_command:Invoking command in '/home/manoj/turtlebot3_ws/build/turtlebot3_fake_node': /usr/bin/cmake --build /home/manoj/turtlebot3_ws/build/turtlebot3_fake_node -- -j8 -l8
[4.717s] DEBUG:colcon.colcon_core.event_handler.log_command:Invoking command in '/home/manoj/turtlebot3_ws/build/turtlebot3_gazebo': /usr/bin/cmake --build /home/manoj/turtlebot3_ws/build/turtlebot3_gazebo -- -j8 -l8
[5.124s] DEBUG:colcon.colcon_core.event_handler.log_command:Invoked command in '/home/manoj/turtlebot3_ws/build/turtlebot3_fake_node' returned '0': /usr/bin/cmake --build /home/manoj/turtlebot3_ws/build/turtlebot3_fake_node -- -j8 -l8
[5.127s] DEBUG:colcon.colcon_core.event_handler.log_command:Invoked command in '/home/manoj/turtlebot3_ws/build/turtlebot3_gazebo' returned '0': /usr/bin/cmake --build /home/manoj/turtlebot3_ws/build/turtlebot3_gazebo -- -j8 -l8
[5.148s] DEBUG:colcon.colcon_core.event_handler.log_command:Invoking command in '/home/manoj/turtlebot3_ws/build/turtlebot3_fake_node': /usr/bin/cmake --install /home/manoj/turtlebot3_ws/build/turtlebot3_fake_node
[5.152s] DEBUG:colcon.colcon_core.event_handler.log_command:Invoking command in '/home/manoj/turtlebot3_ws/build/turtlebot3_gazebo': /usr/bin/cmake --install /home/manoj/turtlebot3_ws/build/turtlebot3_gazebo
[5.173s] Level 1:colcon.colcon_core.environment:create_environment_scripts_only(turtlebot3_gazebo)
[5.174s] DEBUG:colcon.colcon_core.event_handler.log_command:Invoked command in '/home/manoj/turtlebot3_ws/build/turtlebot3_gazebo' returned '0': /usr/bin/cmake --install /home/manoj/turtlebot3_ws/build/turtlebot3_gazebo
[5.184s] Level 1:colcon.colcon_core.environment:checking '/home/manoj/turtlebot3_ws/install/turtlebot3_gazebo' for CMake module files
[5.184s] Level 1:colcon.colcon_core.environment:checking '/home/manoj/turtlebot3_ws/install/turtlebot3_gazebo' for CMake config files
[5.185s] Level 1:colcon.colcon_core.shell:create_environment_hook('turtlebot3_gazebo', 'cmake_prefix_path')
[5.192s] INFO:colcon.colcon_core.shell:Creating environment hook '/home/manoj/turtlebot3_ws/install/turtlebot3_gazebo/share/turtlebot3_gazebo/hook/cmake_prefix_path.ps1'
[5.192s] INFO:colcon.colcon_core.shell:Creating environment descriptor '/home/manoj/turtlebot3_ws/install/turtlebot3_gazebo/share/turtlebot3_gazebo/hook/cmake_prefix_path.dsv'
[5.193s] INFO:colcon.colcon_core.shell:Creating environment hook '/home/manoj/turtlebot3_ws/install/turtlebot3_gazebo/share/turtlebot3_gazebo/hook/cmake_prefix_path.sh'
[5.194s] Level 1:colcon.colcon_core.environment:checking '/home/manoj/turtlebot3_ws/install/turtlebot3_gazebo/lib'
[5.194s] Level 1:colcon.colcon_core.environment:checking '/home/manoj/turtlebot3_ws/install/turtlebot3_gazebo/bin'
[5.194s] Level 1:colcon.colcon_core.environment:checking '/home/manoj/turtlebot3_ws/install/turtlebot3_gazebo/lib/pkgconfig/turtlebot3_gazebo.pc'
[5.195s] Level 1:colcon.colcon_core.environment:checking '/home/manoj/turtlebot3_ws/install/turtlebot3_gazebo/lib/python3.10/site-packages'
[5.195s] Level 1:colcon.colcon_core.environment:checking '/home/manoj/turtlebot3_ws/install/turtlebot3_gazebo/bin'
[5.203s] INFO:colcon.colcon_core.shell:Creating package script '/home/manoj/turtlebot3_ws/install/turtlebot3_gazebo/share/turtlebot3_gazebo/package.ps1'
[5.204s] INFO:colcon.colcon_core.shell:Creating package descriptor '/home/manoj/turtlebot3_ws/install/turtlebot3_gazebo/share/turtlebot3_gazebo/package.dsv'
[5.204s] INFO:colcon.colcon_core.shell:Creating package script '/home/manoj/turtlebot3_ws/install/turtlebot3_gazebo/share/turtlebot3_gazebo/package.sh'
[5.205s] INFO:colcon.colcon_core.shell:Creating package script '/home/manoj/turtlebot3_ws/install/turtlebot3_gazebo/share/turtlebot3_gazebo/package.bash'
[5.205s] INFO:colcon.colcon_core.shell:Creating package script '/home/manoj/turtlebot3_ws/install/turtlebot3_gazebo/share/turtlebot3_gazebo/package.zsh'
[5.206s] Level 1:colcon.colcon_core.environment:create_file_with_runtime_dependencies(/home/manoj/turtlebot3_ws/install/turtlebot3_gazebo/share/colcon-core/packages/turtlebot3_gazebo)
[5.207s] Level 1:colcon.colcon_core.environment:create_environment_scripts_only(turtlebot3_fake_node)
[5.208s] DEBUG:colcon.colcon_core.event_handler.log_command:Invoked command in '/home/manoj/turtlebot3_ws/build/turtlebot3_fake_node' returned '0': /usr/bin/cmake --install /home/manoj/turtlebot3_ws/build/turtlebot3_fake_node
[5.216s] Level 1:colcon.colcon_core.environment:checking '/home/manoj/turtlebot3_ws/install/turtlebot3_fake_node' for CMake module files
[5.217s] Level 1:colcon.colcon_core.environment:checking '/home/manoj/turtlebot3_ws/install/turtlebot3_fake_node' for CMake config files
[5.217s] Level 1:colcon.colcon_core.shell:create_environment_hook('turtlebot3_fake_node', 'cmake_prefix_path')
[5.226s] INFO:colcon.colcon_core.shell:Creating environment hook '/home/manoj/turtlebot3_ws/install/turtlebot3_fake_node/share/turtlebot3_fake_node/hook/cmake_prefix_path.ps1'
[5.226s] INFO:colcon.colcon_core.shell:Creating environment descriptor '/home/manoj/turtlebot3_ws/install/turtlebot3_fake_node/share/turtlebot3_fake_node/hook/cmake_prefix_path.dsv'
[5.226s] INFO:colcon.colcon_core.shell:Creating environment hook '/home/manoj/turtlebot3_ws/install/turtlebot3_fake_node/share/turtlebot3_fake_node/hook/cmake_prefix_path.sh'
[5.227s] Level 1:colcon.colcon_core.environment:checking '/home/manoj/turtlebot3_ws/install/turtlebot3_fake_node/lib'
[5.227s] Level 1:colcon.colcon_core.environment:checking '/home/manoj/turtlebot3_ws/install/turtlebot3_fake_node/bin'
[5.227s] Level 1:colcon.colcon_core.environment:checking '/home/manoj/turtlebot3_ws/install/turtlebot3_fake_node/lib/pkgconfig/turtlebot3_fake_node.pc'
[5.227s] Level 1:colcon.colcon_core.environment:checking '/home/manoj/turtlebot3_ws/install/turtlebot3_fake_node/lib/python3.10/site-packages'
[5.227s] Level 1:colcon.colcon_core.environment:checking '/home/manoj/turtlebot3_ws/install/turtlebot3_fake_node/bin'
[5.235s] INFO:colcon.colcon_core.shell:Creating package script '/home/manoj/turtlebot3_ws/install/turtlebot3_fake_node/share/turtlebot3_fake_node/package.ps1'
[5.236s] INFO:colcon.colcon_core.shell:Creating package descriptor '/home/manoj/turtlebot3_ws/install/turtlebot3_fake_node/share/turtlebot3_fake_node/package.dsv'
[5.236s] INFO:colcon.colcon_core.shell:Creating package script '/home/manoj/turtlebot3_ws/install/turtlebot3_fake_node/share/turtlebot3_fake_node/package.sh'
[5.236s] INFO:colcon.colcon_core.shell:Creating package script '/home/manoj/turtlebot3_ws/install/turtlebot3_fake_node/share/turtlebot3_fake_node/package.bash'
[5.236s] INFO:colcon.colcon_core.shell:Creating package script '/home/manoj/turtlebot3_ws/install/turtlebot3_fake_node/share/turtlebot3_fake_node/package.zsh'
[5.237s] Level 1:colcon.colcon_core.environment:create_file_with_runtime_dependencies(/home/manoj/turtlebot3_ws/install/turtlebot3_fake_node/share/colcon-core/packages/turtlebot3_fake_node)
[5.246s] Level 1:colcon.colcon_core.environment:create_environment_scripts_only(turtlebot3_gazebo)
[5.254s] Level 1:colcon.colcon_core.environment:checking '/home/manoj/turtlebot3_ws/install/turtlebot3_gazebo' for CMake module files
[5.254s] Level 1:colcon.colcon_core.environment:checking '/home/manoj/turtlebot3_ws/install/turtlebot3_gazebo' for CMake config files
[5.255s] Level 1:colcon.colcon_core.shell:create_environment_hook('turtlebot3_gazebo', 'cmake_prefix_path')
[5.263s] INFO:colcon.colcon_core.shell:Creating environment hook '/home/manoj/turtlebot3_ws/install/turtlebot3_gazebo/share/turtlebot3_gazebo/hook/cmake_prefix_path.ps1'
[5.263s] INFO:colcon.colcon_core.shell:Creating environment descriptor '/home/manoj/turtlebot3_ws/install/turtlebot3_gazebo/share/turtlebot3_gazebo/hook/cmake_prefix_path.dsv'
[5.264s] INFO:colcon.colcon_core.shell:Creating environment hook '/home/manoj/turtlebot3_ws/install/turtlebot3_gazebo/share/turtlebot3_gazebo/hook/cmake_prefix_path.sh'
[5.264s] Level 1:colcon.colcon_core.environment:checking '/home/manoj/turtlebot3_ws/install/turtlebot3_gazebo/lib'
[5.264s] Level 1:colcon.colcon_core.environment:checking '/home/manoj/turtlebot3_ws/install/turtlebot3_gazebo/bin'
[5.264s] Level 1:colcon.colcon_core.environment:checking '/home/manoj/turtlebot3_ws/install/turtlebot3_gazebo/lib/pkgconfig/turtlebot3_gazebo.pc'
[5.264s] Level 1:colcon.colcon_core.environment:checking '/home/manoj/turtlebot3_ws/install/turtlebot3_gazebo/lib/python3.10/site-packages'
[5.264s] Level 1:colcon.colcon_core.environment:checking '/home/manoj/turtlebot3_ws/install/turtlebot3_gazebo/bin'
[5.272s] INFO:colcon.colcon_core.shell:Creating package script '/home/manoj/turtlebot3_ws/install/turtlebot3_gazebo/share/turtlebot3_gazebo/package.ps1'
[5.272s] INFO:colcon.colcon_core.shell:Creating package descriptor '/home/manoj/turtlebot3_ws/install/turtlebot3_gazebo/share/turtlebot3_gazebo/package.dsv'
[5.273s] INFO:colcon.colcon_core.shell:Creating package script '/home/manoj/turtlebot3_ws/install/turtlebot3_gazebo/share/turtlebot3_gazebo/package.sh'
[5.273s] INFO:colcon.colcon_core.shell:Creating package script '/home/manoj/turtlebot3_ws/install/turtlebot3_gazebo/share/turtlebot3_gazebo/package.bash'
[5.273s] INFO:colcon.colcon_core.shell:Creating package script '/home/manoj/turtlebot3_ws/install/turtlebot3_gazebo/share/turtlebot3_gazebo/package.zsh'
[5.273s] Level 1:colcon.colcon_core.environment:create_file_with_runtime_dependencies(/home/manoj/turtlebot3_ws/install/turtlebot3_gazebo/share/colcon-core/packages/turtlebot3_gazebo)
[5.282s] Level 1:colcon.colcon_core.environment:create_environment_scripts_only(turtlebot3_fake_node)
[5.290s] Level 1:colcon.colcon_core.environment:checking '/home/manoj/turtlebot3_ws/install/turtlebot3_fake_node' for CMake module files
[5.290s] Level 1:colcon.colcon_core.environment:checking '/home/manoj/turtlebot3_ws/install/turtlebot3_fake_node' for CMake config files
[5.290s] Level 1:colcon.colcon_core.shell:create_environment_hook('turtlebot3_fake_node', 'cmake_prefix_path')
[5.298s] INFO:colcon.colcon_core.shell:Creating environment hook '/home/manoj/turtlebot3_ws/install/turtlebot3_fake_node/share/turtlebot3_fake_node/hook/cmake_prefix_path.ps1'
[5.299s] INFO:colcon.colcon_core.shell:Creating environment descriptor '/home/manoj/turtlebot3_ws/install/turtlebot3_fake_node/share/turtlebot3_fake_node/hook/cmake_prefix_path.dsv'
[5.299s] INFO:colcon.colcon_core.shell:Creating environment hook '/home/manoj/turtlebot3_ws/install/turtlebot3_fake_node/share/turtlebot3_fake_node/hook/cmake_prefix_path.sh'
[5.299s] Level 1:colcon.colcon_core.environment:checking '/home/manoj/turtlebot3_ws/install/turtlebot3_fake_node/lib'
[5.299s] Level 1:colcon.colcon_core.environment:checking '/home/manoj/turtlebot3_ws/install/turtlebot3_fake_node/bin'
[5.299s] Level 1:colcon.colcon_core.environment:checking '/home/manoj/turtlebot3_ws/install/turtlebot3_fake_node/lib/pkgconfig/turtlebot3_fake_node.pc'
[5.299s] Level 1:colcon.colcon_core.environment:checking '/home/manoj/turtlebot3_ws/install/turtlebot3_fake_node/lib/python3.10/site-packages'
[5.300s] Level 1:colcon.colcon_core.environment:checking '/home/manoj/turtlebot3_ws/install/turtlebot3_fake_node/bin'
[5.307s] INFO:colcon.colcon_core.shell:Creating package script '/home/manoj/turtlebot3_ws/install/turtlebot3_fake_node/share/turtlebot3_fake_node/package.ps1'
[5.308s] INFO:colcon.colcon_core.shell:Creating package descriptor '/home/manoj/turtlebot3_ws/install/turtlebot3_fake_node/share/turtlebot3_fake_node/package.dsv'
[5.308s] INFO:colcon.colcon_core.shell:Creating package script '/home/manoj/turtlebot3_ws/install/turtlebot3_fake_node/share/turtlebot3_fake_node/package.sh'
[5.308s] INFO:colcon.colcon_core.shell:Creating package script '/home/manoj/turtlebot3_ws/install/turtlebot3_fake_node/share/turtlebot3_fake_node/package.bash'
[5.309s] INFO:colcon.colcon_core.shell:Creating package script '/home/manoj/turtlebot3_ws/install/turtlebot3_fake_node/share/turtlebot3_fake_node/package.zsh'
[5.309s] Level 1:colcon.colcon_core.environment:create_file_with_runtime_dependencies(/home/manoj/turtlebot3_ws/install/turtlebot3_fake_node/share/colcon-core/packages/turtlebot3_fake_node)
[5.309s] INFO:colcon.colcon_ros.task.ament_cmake.build:Building ROS package in '/home/manoj/turtlebot3_ws/turtlebot3_simulations/turtlebot3_simulations' with build type 'ament_cmake'
[5.309s] INFO:colcon.colcon_cmake.task.cmake.build:Building CMake package in '/home/manoj/turtlebot3_ws/turtlebot3_simulations/turtlebot3_simulations'
[5.318s] INFO:colcon.colcon_core.shell:Skip shell extension 'powershell' for command environment: Not usable outside of PowerShell
[5.318s] DEBUG:colcon.colcon_core.shell:Skip shell extension 'dsv' for command environment
[5.331s] DEBUG:colcon.colcon_core.event_handler.log_command:Invoking command in '/home/manoj/turtlebot3_ws/build/turtlebot3_simulations': AMENT_PREFIX_PATH=/home/manoj/turtlebot3_ws/install/turtlebot3_gazebo:/home/manoj/turtlebot3_ws/install/turtlebot3_fake_node CMAKE_PREFIX_PATH=/home/manoj/turtlebot3_ws/install/turtlebot3_gazebo:/home/manoj/turtlebot3_ws/install/turtlebot3_fake_node /usr/bin/cmake --build /home/manoj/turtlebot3_ws/build/turtlebot3_simulations -- -j8 -l8
[5.363s] DEBUG:colcon.colcon_core.event_handler.log_command:Invoked command in '/home/manoj/turtlebot3_ws/build/turtlebot3_simulations' returned '0': AMENT_PREFIX_PATH=/home/manoj/turtlebot3_ws/install/turtlebot3_gazebo:/home/manoj/turtlebot3_ws/install/turtlebot3_fake_node CMAKE_PREFIX_PATH=/home/manoj/turtlebot3_ws/install/turtlebot3_gazebo:/home/manoj/turtlebot3_ws/install/turtlebot3_fake_node /usr/bin/cmake --build /home/manoj/turtlebot3_ws/build/turtlebot3_simulations -- -j8 -l8
[5.391s] DEBUG:colcon.colcon_core.event_handler.log_command:Invoking command in '/home/manoj/turtlebot3_ws/build/turtlebot3_simulations': AMENT_PREFIX_PATH=/home/manoj/turtlebot3_ws/install/turtlebot3_gazebo:/home/manoj/turtlebot3_ws/install/turtlebot3_fake_node CMAKE_PREFIX_PATH=/home/manoj/turtlebot3_ws/install/turtlebot3_gazebo:/home/manoj/turtlebot3_ws/install/turtlebot3_fake_node /usr/bin/cmake --install /home/manoj/turtlebot3_ws/build/turtlebot3_simulations
[5.411s] Level 1:colcon.colcon_core.environment:create_environment_scripts_only(turtlebot3_simulations)
[5.412s] DEBUG:colcon.colcon_core.event_handler.log_command:Invoked command in '/home/manoj/turtlebot3_ws/build/turtlebot3_simulations' returned '0': AMENT_PREFIX_PATH=/home/manoj/turtlebot3_ws/install/turtlebot3_gazebo:/home/manoj/turtlebot3_ws/install/turtlebot3_fake_node CMAKE_PREFIX_PATH=/home/manoj/turtlebot3_ws/install/turtlebot3_gazebo:/home/manoj/turtlebot3_ws/install/turtlebot3_fake_node /usr/bin/cmake --install /home/manoj/turtlebot3_ws/build/turtlebot3_simulations
[5.425s] Level 1:colcon.colcon_core.environment:checking '/home/manoj/turtlebot3_ws/install/turtlebot3_simulations' for CMake module files
[5.425s] Level 1:colcon.colcon_core.environment:checking '/home/manoj/turtlebot3_ws/install/turtlebot3_simulations' for CMake config files
[5.425s] Level 1:colcon.colcon_core.shell:create_environment_hook('turtlebot3_simulations', 'cmake_prefix_path')
[5.433s] INFO:colcon.colcon_core.shell:Creating environment hook '/home/manoj/turtlebot3_ws/install/turtlebot3_simulations/share/turtlebot3_simulations/hook/cmake_prefix_path.ps1'
[5.434s] INFO:colcon.colcon_core.shell:Creating environment descriptor '/home/manoj/turtlebot3_ws/install/turtlebot3_simulations/share/turtlebot3_simulations/hook/cmake_prefix_path.dsv'
[5.434s] INFO:colcon.colcon_core.shell:Creating environment hook '/home/manoj/turtlebot3_ws/install/turtlebot3_simulations/share/turtlebot3_simulations/hook/cmake_prefix_path.sh'
[5.434s] Level 1:colcon.colcon_core.environment:checking '/home/manoj/turtlebot3_ws/install/turtlebot3_simulations/bin'
[5.434s] Level 1:colcon.colcon_core.environment:checking '/home/manoj/turtlebot3_ws/install/turtlebot3_simulations/lib/pkgconfig/turtlebot3_simulations.pc'
[5.434s] Level 1:colcon.colcon_core.environment:checking '/home/manoj/turtlebot3_ws/install/turtlebot3_simulations/lib/python3.10/site-packages'
[5.434s] Level 1:colcon.colcon_core.environment:checking '/home/manoj/turtlebot3_ws/install/turtlebot3_simulations/bin'
[5.442s] INFO:colcon.colcon_core.shell:Creating package script '/home/manoj/turtlebot3_ws/install/turtlebot3_simulations/share/turtlebot3_simulations/package.ps1'
[5.442s] INFO:colcon.colcon_core.shell:Creating package descriptor '/home/manoj/turtlebot3_ws/install/turtlebot3_simulations/share/turtlebot3_simulations/package.dsv'
[5.442s] INFO:colcon.colcon_core.shell:Creating package script '/home/manoj/turtlebot3_ws/install/turtlebot3_simulations/share/turtlebot3_simulations/package.sh'
[5.443s] INFO:colcon.colcon_core.shell:Creating package script '/home/manoj/turtlebot3_ws/install/turtlebot3_simulations/share/turtlebot3_simulations/package.bash'
[5.443s] INFO:colcon.colcon_core.shell:Creating package script '/home/manoj/turtlebot3_ws/install/turtlebot3_simulations/share/turtlebot3_simulations/package.zsh'
[5.443s] Level 1:colcon.colcon_core.environment:create_file_with_runtime_dependencies(/home/manoj/turtlebot3_ws/install/turtlebot3_simulations/share/colcon-core/packages/turtlebot3_simulations)
[5.466s] Level 1:colcon.colcon_core.environment:create_environment_scripts_only(turtlebot3_simulations)
[5.474s] Level 1:colcon.colcon_core.environment:checking '/home/manoj/turtlebot3_ws/install/turtlebot3_simulations' for CMake module files
[5.474s] Level 1:colcon.colcon_core.environment:checking '/home/manoj/turtlebot3_ws/install/turtlebot3_simulations' for CMake config files
[5.474s] Level 1:colcon.colcon_core.shell:create_environment_hook('turtlebot3_simulations', 'cmake_prefix_path')
[5.482s] INFO:colcon.colcon_core.shell:Creating environment hook '/home/manoj/turtlebot3_ws/install/turtlebot3_simulations/share/turtlebot3_simulations/hook/cmake_prefix_path.ps1'
[5.482s] INFO:colcon.colcon_core.shell:Creating environment descriptor '/home/manoj/turtlebot3_ws/install/turtlebot3_simulations/share/turtlebot3_simulations/hook/cmake_prefix_path.dsv'
[5.482s] INFO:colcon.colcon_core.shell:Creating environment hook '/home/manoj/turtlebot3_ws/install/turtlebot3_simulations/share/turtlebot3_simulations/hook/cmake_prefix_path.sh'
[5.483s] Level 1:colcon.colcon_core.environment:checking '/home/manoj/turtlebot3_ws/install/turtlebot3_simulations/bin'
[5.483s] Level 1:colcon.colcon_core.environment:checking '/home/manoj/turtlebot3_ws/install/turtlebot3_simulations/lib/pkgconfig/turtlebot3_simulations.pc'
[5.483s] Level 1:colcon.colcon_core.environment:checking '/home/manoj/turtlebot3_ws/install/turtlebot3_simulations/lib/python3.10/site-packages'
[5.483s] Level 1:colcon.colcon_core.environment:checking '/home/manoj/turtlebot3_ws/install/turtlebot3_simulations/bin'
[5.490s] INFO:colcon.colcon_core.shell:Creating package script '/home/manoj/turtlebot3_ws/install/turtlebot3_simulations/share/turtlebot3_simulations/package.ps1'
[5.491s] INFO:colcon.colcon_core.shell:Creating package descriptor '/home/manoj/turtlebot3_ws/install/turtlebot3_simulations/share/turtlebot3_simulations/package.dsv'
[5.491s] INFO:colcon.colcon_core.shell:Creating package script '/home/manoj/turtlebot3_ws/install/turtlebot3_simulations/share/turtlebot3_simulations/package.sh'
[5.491s] INFO:colcon.colcon_core.shell:Creating package script '/home/manoj/turtlebot3_ws/install/turtlebot3_simulations/share/turtlebot3_simulations/package.bash'
[5.492s] INFO:colcon.colcon_core.shell:Creating package script '/home/manoj/turtlebot3_ws/install/turtlebot3_simulations/share/turtlebot3_simulations/package.zsh'
[5.492s] Level 1:colcon.colcon_core.environment:create_file_with_runtime_dependencies(/home/manoj/turtlebot3_ws/install/turtlebot3_simulations/share/colcon-core/packages/turtlebot3_simulations)
[5.492s] DEBUG:colcon.colcon_parallel_executor.executor.parallel:closing loop
[5.492s] DEBUG:colcon.colcon_parallel_executor.executor.parallel:loop closed
[5.492s] DEBUG:colcon.colcon_parallel_executor.executor.parallel:run_until_complete finished with '0'
[5.493s] DEBUG:colcon.colcon_core.event_reactor:joining thread
[5.505s] INFO:colcon.colcon_core.plugin_system:Skipping extension 'colcon_notification.desktop_notification.terminal_notifier': Not used on non-Darwin systems
[5.505s] INFO:colcon.colcon_core.plugin_system:Skipping extension 'colcon_notification.desktop_notification.win32': Not used on non-Windows systems
[5.505s] INFO:colcon.colcon_notification.desktop_notification:Sending desktop notification using 'notify2'
[5.514s] DEBUG:colcon.colcon_core.event_reactor:joined thread
[5.523s] INFO:colcon.colcon_core.shell:Creating prefix script '/home/manoj/turtlebot3_ws/install/local_setup.ps1'
[5.524s] INFO:colcon.colcon_core.shell:Creating prefix util module '/home/manoj/turtlebot3_ws/install/_local_setup_util_ps1.py'
[5.525s] INFO:colcon.colcon_core.shell:Creating prefix chain script '/home/manoj/turtlebot3_ws/install/setup.ps1'
[5.534s] INFO:colcon.colcon_core.shell:Creating prefix script '/home/manoj/turtlebot3_ws/install/local_setup.sh'
[5.535s] INFO:colcon.colcon_core.shell:Creating prefix util module '/home/manoj/turtlebot3_ws/install/_local_setup_util_sh.py'
[5.535s] INFO:colcon.colcon_core.shell:Creating prefix chain script '/home/manoj/turtlebot3_ws/install/setup.sh'
[5.543s] INFO:colcon.colcon_core.shell:Creating prefix script '/home/manoj/turtlebot3_ws/install/local_setup.bash'
[5.543s] INFO:colcon.colcon_core.shell:Creating prefix chain script '/home/manoj/turtlebot3_ws/install/setup.bash'
[5.552s] INFO:colcon.colcon_core.shell:Creating prefix script '/home/manoj/turtlebot3_ws/install/local_setup.zsh'
[5.553s] INFO:colcon.colcon_core.shell:Creating prefix chain script '/home/manoj/turtlebot3_ws/install/setup.zsh'
