[1.155s] Invoking command in '/home/manoj/ros2_ws/src/my_package': PYTHONPATH=/home/manoj/ros2_ws/build/my_package/prefix_override:/home/manoj/ros2_ws/install/my_package/lib/python3.10/site-packages:${PYTHONPATH} /usr/bin/python3 setup.py egg_info --egg-base ../../build/my_package build --build-base /home/manoj/ros2_ws/build/my_package/build install --record /home/manoj/ros2_ws/build/my_package/install.log --single-version-externally-managed
[1.519s] running egg_info
[1.520s] writing ../../build/my_package/my_package.egg-info/PKG-INFO
[1.520s] writing dependency_links to ../../build/my_package/my_package.egg-info/dependency_links.txt
[1.520s] writing entry points to ../../build/my_package/my_package.egg-info/entry_points.txt
[1.520s] writing requirements to ../../build/my_package/my_package.egg-info/requires.txt
[1.521s] writing top-level names to ../../build/my_package/my_package.egg-info/top_level.txt
[1.522s] reading manifest file '../../build/my_package/my_package.egg-info/SOURCES.txt'
[1.523s] writing manifest file '../../build/my_package/my_package.egg-info/SOURCES.txt'
[1.524s] running build
[1.524s] running build_py
[1.524s] copying my_package/my_node.py -> /home/manoj/ros2_ws/build/my_package/build/lib/my_package
[1.524s] running install
[1.525s] running install_lib
[1.528s] copying /home/manoj/ros2_ws/build/my_package/build/lib/my_package/my_node.py -> /home/manoj/ros2_ws/install/my_package/lib/python3.10/site-packages/my_package
[1.529s] byte-compiling /home/manoj/ros2_ws/install/my_package/lib/python3.10/site-packages/my_package/my_node.py to my_node.cpython-310.pyc
[1.530s] running install_data
[1.531s] running install_egg_info
[1.534s] removing '/home/manoj/ros2_ws/install/my_package/lib/python3.10/site-packages/my_package-0.0.0-py3.10.egg-info' (and everything under it)
[1.534s] Copying ../../build/my_package/my_package.egg-info to /home/manoj/ros2_ws/install/my_package/lib/python3.10/site-packages/my_package-0.0.0-py3.10.egg-info
[1.535s] running install_scripts
[1.563s] Installing my_node script to /home/manoj/ros2_ws/install/my_package/lib/my_package
[1.563s] writing list of installed files to '/home/manoj/ros2_ws/build/my_package/install.log'
[1.601s] Invoked command in '/home/manoj/ros2_ws/src/my_package' returned '0': PYTHONPATH=/home/manoj/ros2_ws/build/my_package/prefix_override:/home/manoj/ros2_ws/install/my_package/lib/python3.10/site-packages:${PYTHONPATH} /usr/bin/python3 setup.py egg_info --egg-base ../../build/my_package build --build-base /home/manoj/ros2_ws/build/my_package/build install --record /home/manoj/ros2_ws/build/my_package/install.log --single-version-externally-managed
