[2.483s] Invoking command in '/home/manoj/ros2_ws/src/my_package': PYTHONPATH=/home/manoj/ros2_ws/src/my_package/build/my_package/prefix_override:/home/manoj/ros2_ws/src/my_package/install/my_package/lib/python3.10/site-packages:${PYTHONPATH} /usr/bin/python3 setup.py egg_info --egg-base build/my_package build --build-base /home/manoj/ros2_ws/src/my_package/build/my_package/build install --record /home/manoj/ros2_ws/src/my_package/build/my_package/install.log --single-version-externally-managed
[2.734s] running egg_info
[2.734s] creating build/my_package/my_package.egg-info
[2.735s] writing build/my_package/my_package.egg-info/PKG-INFO
[2.735s] writing dependency_links to build/my_package/my_package.egg-info/dependency_links.txt
[2.735s] writing entry points to build/my_package/my_package.egg-info/entry_points.txt
[2.735s] writing requirements to build/my_package/my_package.egg-info/requires.txt
[2.735s] writing top-level names to build/my_package/my_package.egg-info/top_level.txt
[2.735s] writing manifest file 'build/my_package/my_package.egg-info/SOURCES.txt'
[2.737s] reading manifest file 'build/my_package/my_package.egg-info/SOURCES.txt'
[2.738s] writing manifest file 'build/my_package/my_package.egg-info/SOURCES.txt'
[2.738s] running build
[2.738s] running build_py
[2.738s] creating /home/manoj/ros2_ws/src/my_package/build/my_package/build
[2.738s] creating /home/manoj/ros2_ws/src/my_package/build/my_package/build/lib
[2.738s] creating /home/manoj/ros2_ws/src/my_package/build/my_package/build/lib/my_package
[2.738s] copying my_package/my_node.py -> /home/manoj/ros2_ws/src/my_package/build/my_package/build/lib/my_package
[2.739s] copying my_package/__init__.py -> /home/manoj/ros2_ws/src/my_package/build/my_package/build/lib/my_package
[2.739s] running install
[2.739s] running install_lib
[2.739s] creating /home/manoj/ros2_ws/src/my_package/install/my_package/lib/python3.10/site-packages/my_package
[2.739s] copying /home/manoj/ros2_ws/src/my_package/build/my_package/build/lib/my_package/my_node.py -> /home/manoj/ros2_ws/src/my_package/install/my_package/lib/python3.10/site-packages/my_package
[2.740s] copying /home/manoj/ros2_ws/src/my_package/build/my_package/build/lib/my_package/__init__.py -> /home/manoj/ros2_ws/src/my_package/install/my_package/lib/python3.10/site-packages/my_package
[2.740s] byte-compiling /home/manoj/ros2_ws/src/my_package/install/my_package/lib/python3.10/site-packages/my_package/my_node.py to my_node.cpython-310.pyc
[2.741s] byte-compiling /home/manoj/ros2_ws/src/my_package/install/my_package/lib/python3.10/site-packages/my_package/__init__.py to __init__.cpython-310.pyc
[2.741s] running install_data
[2.741s] creating /home/manoj/ros2_ws/src/my_package/install/my_package/share/ament_index
[2.741s] creating /home/manoj/ros2_ws/src/my_package/install/my_package/share/ament_index/resource_index
[2.741s] creating /home/manoj/ros2_ws/src/my_package/install/my_package/share/ament_index/resource_index/packages
[2.741s] copying resource/my_package -> /home/manoj/ros2_ws/src/my_package/install/my_package/share/ament_index/resource_index/packages
[2.741s] copying package.xml -> /home/manoj/ros2_ws/src/my_package/install/my_package/share/my_package
[2.742s] running install_egg_info
[2.743s] Copying build/my_package/my_package.egg-info to /home/manoj/ros2_ws/src/my_package/install/my_package/lib/python3.10/site-packages/my_package-0.0.0-py3.10.egg-info
[2.744s] running install_scripts
[2.761s] Installing my_node script to /home/manoj/ros2_ws/src/my_package/install/my_package/lib/my_package
[2.761s] writing list of installed files to '/home/manoj/ros2_ws/src/my_package/build/my_package/install.log'
[2.785s] Invoked command in '/home/manoj/ros2_ws/src/my_package' returned '0': PYTHONPATH=/home/manoj/ros2_ws/src/my_package/build/my_package/prefix_override:/home/manoj/ros2_ws/src/my_package/install/my_package/lib/python3.10/site-packages:${PYTHONPATH} /usr/bin/python3 setup.py egg_info --egg-base build/my_package build --build-base /home/manoj/ros2_ws/src/my_package/build/my_package/build install --record /home/manoj/ros2_ws/src/my_package/build/my_package/install.log --single-version-externally-managed
