[10.703s] DEBUG:colcon:Command line arguments: ['/usr/bin/colcon', 'build', '--packages-select', 'my_package']
[10.703s] DEBUG:colcon:Parsed command line arguments: Namespace(log_base=None, log_level=None, verb_name='build', build_base='build', install_base='install', merge_install=False, symlink_install=False, test_result_base=None, continue_on_error=False, executor='parallel', parallel_workers=8, event_handlers=None, ignore_user_meta=False, metas=['./colcon.meta'], base_paths=['.'], packages_ignore=None, packages_ignore_regex=None, paths=None, packages_up_to=None, packages_up_to_regex=None, packages_above=None, packages_above_and_dependencies=None, packages_above_depth=None, packages_select_by_dep=None, packages_skip_by_dep=None, packages_skip_up_to=None, packages_select_build_failed=False, packages_skip_build_finished=False, packages_select_test_failures=False, packages_skip_test_passed=False, packages_select=['my_package'], packages_skip=None, packages_select_regex=None, packages_skip_regex=None, packages_start=None, packages_end=None, allow_overriding=[], cmake_args=None, cmake_target=None, cmake_target_skip_unavailable=False, cmake_clean_cache=False, cmake_clean_first=False, cmake_force_configure=False, ament_cmake_args=None, catkin_cmake_args=None, catkin_skip_building_tests=False, verb_parser=<colcon_defaults.argument_parser.defaults.DefaultArgumentsDecorator object at 0x7f5f1d662e60>, verb_extension=<colcon_core.verb.build.BuildVerb object at 0x7f5f1dadab90>, main=<bound method BuildVerb.main of <colcon_core.verb.build.BuildVerb object at 0x7f5f1dadab90>>)
[11.394s] Level 1:colcon.colcon_core.package_discovery:discover_packages(colcon_meta) check parameters
[11.394s] Level 1:colcon.colcon_core.package_discovery:discover_packages(recursive) check parameters
[11.394s] Level 1:colcon.colcon_core.package_discovery:discover_packages(ignore) check parameters
[11.394s] Level 1:colcon.colcon_core.package_discovery:discover_packages(path) check parameters
[11.395s] Level 1:colcon.colcon_core.package_discovery:discover_packages(colcon_meta) discover
[11.397s] Level 1:colcon.colcon_core.package_discovery:discover_packages(recursive) discover
[11.400s] INFO:colcon.colcon_core.package_discovery:Crawling recursively for packages in '/home/manoj/ros2_ws/src/my_package'
[11.401s] Level 1:colcon.colcon_core.package_identification:_identify(.) by extensions ['ignore', 'ignore_ament_install']
[11.401s] Level 1:colcon.colcon_core.package_identification:_identify(.) by extension 'ignore'
[11.401s] Level 1:colcon.colcon_core.package_identification:_identify(.) by extension 'ignore_ament_install'
[11.401s] Level 1:colcon.colcon_core.package_identification:_identify(.) by extensions ['colcon_pkg']
[11.401s] Level 1:colcon.colcon_core.package_identification:_identify(.) by extension 'colcon_pkg'
[11.402s] Level 1:colcon.colcon_core.package_identification:_identify(.) by extensions ['colcon_meta']
[11.402s] Level 1:colcon.colcon_core.package_identification:_identify(.) by extension 'colcon_meta'
[11.402s] Level 1:colcon.colcon_core.package_identification:_identify(.) by extensions ['ros']
[11.402s] Level 1:colcon.colcon_core.package_identification:_identify(.) by extension 'ros'
[11.470s] DEBUG:colcon.colcon_core.package_identification:Package '.' with type 'ros.ament_python' and name 'my_package'
[11.471s] Level 1:colcon.colcon_core.package_discovery:discover_packages(recursive) using defaults
[11.471s] Level 1:colcon.colcon_core.package_discovery:discover_packages(ignore) discover
[11.471s] Level 1:colcon.colcon_core.package_discovery:discover_packages(ignore) using defaults
[11.471s] Level 1:colcon.colcon_core.package_discovery:discover_packages(path) discover
[11.471s] Level 1:colcon.colcon_core.package_discovery:discover_packages(path) using defaults
[12.146s] Level 1:colcon.colcon_core.package_discovery:discover_packages(prefix_path) check parameters
[12.146s] Level 1:colcon.colcon_core.package_discovery:discover_packages(prefix_path) discover
[12.433s] DEBUG:colcon.colcon_installed_package_information.package_discovery:Found 3 installed packages in /home/manoj/turtlebot3_ws/install
[12.528s] DEBUG:colcon.colcon_installed_package_information.package_discovery:Found 394 installed packages in /opt/ros/humble
[12.538s] Level 1:colcon.colcon_core.package_discovery:discover_packages(prefix_path) using defaults
[17.209s] Level 5:colcon.colcon_core.verb:set package 'my_package' build argument 'cmake_args' from command line to 'None'
[17.209s] Level 5:colcon.colcon_core.verb:set package 'my_package' build argument 'cmake_target' from command line to 'None'
[17.209s] Level 5:colcon.colcon_core.verb:set package 'my_package' build argument 'cmake_target_skip_unavailable' from command line to 'False'
[17.209s] Level 5:colcon.colcon_core.verb:set package 'my_package' build argument 'cmake_clean_cache' from command line to 'False'
[17.209s] Level 5:colcon.colcon_core.verb:set package 'my_package' build argument 'cmake_clean_first' from command line to 'False'
[17.209s] Level 5:colcon.colcon_core.verb:set package 'my_package' build argument 'cmake_force_configure' from command line to 'False'
[17.209s] Level 5:colcon.colcon_core.verb:set package 'my_package' build argument 'ament_cmake_args' from command line to 'None'
[17.209s] Level 5:colcon.colcon_core.verb:set package 'my_package' build argument 'catkin_cmake_args' from command line to 'None'
[17.209s] Level 5:colcon.colcon_core.verb:set package 'my_package' build argument 'catkin_skip_building_tests' from command line to 'False'
[17.210s] DEBUG:colcon.colcon_core.verb:Building package 'my_package' with the following arguments: {'ament_cmake_args': None, 'build_base': '/home/manoj/ros2_ws/src/my_package/build/my_package', 'catkin_cmake_args': None, 'catkin_skip_building_tests': False, 'cmake_args': None, 'cmake_clean_cache': False, 'cmake_clean_first': False, 'cmake_force_configure': False, 'cmake_target': None, 'cmake_target_skip_unavailable': False, 'install_base': '/home/manoj/ros2_ws/src/my_package/install/my_package', 'merge_install': False, 'path': '/home/manoj/ros2_ws/src/my_package', 'symlink_install': False, 'test_result_base': None}
[17.265s] INFO:colcon.colcon_core.executor:Executing jobs using 'parallel' executor
[17.300s] DEBUG:colcon.colcon_parallel_executor.executor.parallel:run_until_complete
[17.301s] INFO:colcon.colcon_ros.task.ament_python.build:Building ROS package in '/home/manoj/ros2_ws/src/my_package' with build type 'ament_python'
[17.301s] Level 1:colcon.colcon_core.shell:create_environment_hook('my_package', 'ament_prefix_path')
[17.453s] INFO:colcon.colcon_core.plugin_system:Skipping extension 'colcon_core.shell.bat': Not used on non-Windows systems
[17.454s] INFO:colcon.colcon_core.shell:Creating environment hook '/home/manoj/ros2_ws/src/my_package/install/my_package/share/my_package/hook/ament_prefix_path.ps1'
[17.484s] INFO:colcon.colcon_core.shell:Creating environment descriptor '/home/manoj/ros2_ws/src/my_package/install/my_package/share/my_package/hook/ament_prefix_path.dsv'
[17.518s] INFO:colcon.colcon_core.shell:Creating environment hook '/home/manoj/ros2_ws/src/my_package/install/my_package/share/my_package/hook/ament_prefix_path.sh'
[17.542s] INFO:colcon.colcon_core.shell:Skip shell extension 'powershell' for command environment: Not usable outside of PowerShell
[17.542s] DEBUG:colcon.colcon_core.shell:Skip shell extension 'dsv' for command environment
[18.057s] INFO:colcon.colcon_core.task.python.build:Building Python package in '/home/manoj/ros2_ws/src/my_package'
[18.071s] INFO:colcon.colcon_core.shell:Skip shell extension 'powershell' for command environment: Not usable outside of PowerShell
[18.071s] DEBUG:colcon.colcon_core.shell:Skip shell extension 'dsv' for command environment
[19.785s] DEBUG:colcon.colcon_core.event_handler.log_command:Invoking command in '/home/manoj/ros2_ws/src/my_package': PYTHONPATH=/home/manoj/ros2_ws/src/my_package/build/my_package/prefix_override:/home/manoj/ros2_ws/src/my_package/install/my_package/lib/python3.10/site-packages:${PYTHONPATH} /usr/bin/python3 setup.py egg_info --egg-base build/my_package build --build-base /home/manoj/ros2_ws/src/my_package/build/my_package/build install --record /home/manoj/ros2_ws/src/my_package/build/my_package/install.log --single-version-externally-managed
[20.087s] DEBUG:colcon.colcon_core.event_handler.log_command:Invoked command in '/home/manoj/ros2_ws/src/my_package' returned '0': PYTHONPATH=/home/manoj/ros2_ws/src/my_package/build/my_package/prefix_override:/home/manoj/ros2_ws/src/my_package/install/my_package/lib/python3.10/site-packages:${PYTHONPATH} /usr/bin/python3 setup.py egg_info --egg-base build/my_package build --build-base /home/manoj/ros2_ws/src/my_package/build/my_package/build install --record /home/manoj/ros2_ws/src/my_package/build/my_package/install.log --single-version-externally-managed
[20.282s] Level 1:colcon.colcon_core.environment:checking '/home/manoj/ros2_ws/src/my_package/install/my_package' for CMake module files
[20.282s] Level 1:colcon.colcon_core.environment:checking '/home/manoj/ros2_ws/src/my_package/install/my_package' for CMake config files
[20.284s] Level 1:colcon.colcon_core.environment:checking '/home/manoj/ros2_ws/src/my_package/install/my_package/lib'
[20.284s] Level 1:colcon.colcon_core.environment:checking '/home/manoj/ros2_ws/src/my_package/install/my_package/bin'
[20.284s] Level 1:colcon.colcon_core.environment:checking '/home/manoj/ros2_ws/src/my_package/install/my_package/lib/pkgconfig/my_package.pc'
[20.285s] Level 1:colcon.colcon_core.environment:checking '/home/manoj/ros2_ws/src/my_package/install/my_package/lib/python3.10/site-packages'
[20.285s] Level 1:colcon.colcon_core.shell:create_environment_hook('my_package', 'pythonpath')
[20.306s] INFO:colcon.colcon_core.shell:Creating environment hook '/home/manoj/ros2_ws/src/my_package/install/my_package/share/my_package/hook/pythonpath.ps1'
[20.306s] INFO:colcon.colcon_core.shell:Creating environment descriptor '/home/manoj/ros2_ws/src/my_package/install/my_package/share/my_package/hook/pythonpath.dsv'
[20.306s] INFO:colcon.colcon_core.shell:Creating environment hook '/home/manoj/ros2_ws/src/my_package/install/my_package/share/my_package/hook/pythonpath.sh'
[20.307s] Level 1:colcon.colcon_core.environment:checking '/home/manoj/ros2_ws/src/my_package/install/my_package/bin'
[20.307s] Level 1:colcon.colcon_core.environment:create_environment_scripts_only(my_package)
[20.321s] INFO:colcon.colcon_core.shell:Creating package script '/home/manoj/ros2_ws/src/my_package/install/my_package/share/my_package/package.ps1'
[20.352s] INFO:colcon.colcon_core.shell:Creating package descriptor '/home/manoj/ros2_ws/src/my_package/install/my_package/share/my_package/package.dsv'
[20.386s] INFO:colcon.colcon_core.shell:Creating package script '/home/manoj/ros2_ws/src/my_package/install/my_package/share/my_package/package.sh'
[20.388s] INFO:colcon.colcon_core.shell:Creating package script '/home/manoj/ros2_ws/src/my_package/install/my_package/share/my_package/package.bash'
[20.391s] INFO:colcon.colcon_core.shell:Creating package script '/home/manoj/ros2_ws/src/my_package/install/my_package/share/my_package/package.zsh'
[20.416s] Level 1:colcon.colcon_core.environment:create_file_with_runtime_dependencies(/home/manoj/ros2_ws/src/my_package/install/my_package/share/colcon-core/packages/my_package)
[20.416s] DEBUG:colcon.colcon_parallel_executor.executor.parallel:closing loop
[20.417s] DEBUG:colcon.colcon_parallel_executor.executor.parallel:loop closed
[20.417s] DEBUG:colcon.colcon_parallel_executor.executor.parallel:run_until_complete finished with '0'
[20.418s] DEBUG:colcon.colcon_core.event_reactor:joining thread
[20.510s] INFO:colcon.colcon_core.plugin_system:Skipping extension 'colcon_notification.desktop_notification.terminal_notifier': Not used on non-Darwin systems
[20.510s] INFO:colcon.colcon_core.plugin_system:Skipping extension 'colcon_notification.desktop_notification.win32': Not used on non-Windows systems
[20.510s] INFO:colcon.colcon_notification.desktop_notification:Sending desktop notification using 'notify2'
[20.534s] DEBUG:colcon.colcon_core.event_reactor:joined thread
[20.553s] INFO:colcon.colcon_core.shell:Creating prefix script '/home/manoj/ros2_ws/src/my_package/install/local_setup.ps1'
[20.554s] INFO:colcon.colcon_core.shell:Creating prefix util module '/home/manoj/ros2_ws/src/my_package/install/_local_setup_util_ps1.py'
[20.556s] INFO:colcon.colcon_core.shell:Creating prefix chain script '/home/manoj/ros2_ws/src/my_package/install/setup.ps1'
[20.574s] INFO:colcon.colcon_core.shell:Creating prefix script '/home/manoj/ros2_ws/src/my_package/install/local_setup.sh'
[20.574s] INFO:colcon.colcon_core.shell:Creating prefix util module '/home/manoj/ros2_ws/src/my_package/install/_local_setup_util_sh.py'
[20.575s] INFO:colcon.colcon_core.shell:Creating prefix chain script '/home/manoj/ros2_ws/src/my_package/install/setup.sh'
[20.615s] INFO:colcon.colcon_core.shell:Creating prefix script '/home/manoj/ros2_ws/src/my_package/install/local_setup.bash'
[20.616s] INFO:colcon.colcon_core.shell:Creating prefix chain script '/home/manoj/ros2_ws/src/my_package/install/setup.bash'
[20.636s] INFO:colcon.colcon_core.shell:Creating prefix script '/home/manoj/ros2_ws/src/my_package/install/local_setup.zsh'
[20.637s] INFO:colcon.colcon_core.shell:Creating prefix chain script '/home/manoj/ros2_ws/src/my_package/install/setup.zsh'
