[1.204s] Invoking command in '/home/manoj/ros2_ws/src/my_package': PYTHONPATH=/home/manoj/ros2_ws/build/my_package/prefix_override:/home/manoj/ros2_ws/install/my_package/lib/python3.10/site-packages:${PYTHONPATH} /usr/bin/python3 setup.py egg_info --egg-base ../../build/my_package build --build-base /home/manoj/ros2_ws/build/my_package/build install --record /home/manoj/ros2_ws/build/my_package/install.log --single-version-externally-managed
[1.610s] running egg_info
[1.612s] writing ../../build/my_package/my_package.egg-info/PKG-INFO
[1.612s] writing dependency_links to ../../build/my_package/my_package.egg-info/dependency_links.txt
[1.612s] writing entry points to ../../build/my_package/my_package.egg-info/entry_points.txt
[1.612s] writing requirements to ../../build/my_package/my_package.egg-info/requires.txt
[1.612s] writing top-level names to ../../build/my_package/my_package.egg-info/top_level.txt
[1.615s] reading manifest file '../../build/my_package/my_package.egg-info/SOURCES.txt'
[1.616s] writing manifest file '../../build/my_package/my_package.egg-info/SOURCES.txt'
[1.616s] running build
[1.616s] running build_py
[1.617s] copying my_package/my_node.py -> /home/manoj/ros2_ws/build/my_package/build/lib/my_package
[1.617s] running install
[1.617s] running install_lib
[1.618s] copying /home/manoj/ros2_ws/build/my_package/build/lib/my_package/my_node.py -> /home/manoj/ros2_ws/install/my_package/lib/python3.10/site-packages/my_package
[1.619s] byte-compiling /home/manoj/ros2_ws/install/my_package/lib/python3.10/site-packages/my_package/my_node.py to my_node.cpython-310.pyc
[1.619s] running install_data
[1.619s] Sorry: IndentationError: unexpected indent (my_node.py, line 2)
[1.620s] running install_egg_info
[1.622s] removing '/home/manoj/ros2_ws/install/my_package/lib/python3.10/site-packages/my_package-0.0.0-py3.10.egg-info' (and everything under it)
[1.622s] Copying ../../build/my_package/my_package.egg-info to /home/manoj/ros2_ws/install/my_package/lib/python3.10/site-packages/my_package-0.0.0-py3.10.egg-info
[1.623s] running install_scripts
[1.654s] Installing my_node script to /home/manoj/ros2_ws/install/my_package/lib/my_package
[1.655s] writing list of installed files to '/home/manoj/ros2_ws/build/my_package/install.log'
[1.698s] Invoked command in '/home/manoj/ros2_ws/src/my_package' returned '0': PYTHONPATH=/home/manoj/ros2_ws/build/my_package/prefix_override:/home/manoj/ros2_ws/install/my_package/lib/python3.10/site-packages:${PYTHONPATH} /usr/bin/python3 setup.py egg_info --egg-base ../../build/my_package build --build-base /home/manoj/ros2_ws/build/my_package/build install --record /home/manoj/ros2_ws/build/my_package/install.log --single-version-externally-managed
