[4.059s] Invoking command in '/home/manoj/ros2_ws/src/my_package': PYTHONPATH=/home/manoj/ros2_ws/src/my_package/build/my_package/prefix_override:/home/manoj/ros2_ws/src/my_package/install/my_package/lib/python3.10/site-packages:${PYTHONPATH} /usr/bin/python3 setup.py egg_info --egg-base build/my_package build --build-base /home/manoj/ros2_ws/src/my_package/build/my_package/build install --record /home/manoj/ros2_ws/src/my_package/build/my_package/install.log --single-version-externally-managed
[5.245s] running egg_info
[5.248s] writing build/my_package/my_package.egg-info/PKG-INFO
[5.249s] writing dependency_links to build/my_package/my_package.egg-info/dependency_links.txt
[5.249s] writing entry points to build/my_package/my_package.egg-info/entry_points.txt
[5.249s] writing requirements to build/my_package/my_package.egg-info/requires.txt
[5.249s] writing top-level names to build/my_package/my_package.egg-info/top_level.txt
[5.262s] reading manifest file 'build/my_package/my_package.egg-info/SOURCES.txt'
[5.265s] writing manifest file 'build/my_package/my_package.egg-info/SOURCES.txt'
[5.265s] running build
[5.265s] running build_py
[5.265s] running install
[5.267s] running install_lib
[5.278s] running install_data
[5.280s] running install_egg_info
[5.288s] removing '/home/manoj/ros2_ws/src/my_package/install/my_package/lib/python3.10/site-packages/my_package-0.0.0-py3.10.egg-info' (and everything under it)
[5.290s] Copying build/my_package/my_package.egg-info to /home/manoj/ros2_ws/src/my_package/install/my_package/lib/python3.10/site-packages/my_package-0.0.0-py3.10.egg-info
[5.293s] running install_scripts
[5.376s] Installing my_node script to /home/manoj/ros2_ws/src/my_package/install/my_package/lib/my_package
[5.377s] writing list of installed files to '/home/manoj/ros2_ws/src/my_package/build/my_package/install.log'
[5.536s] Invoked command in '/home/manoj/ros2_ws/src/my_package' returned '0': PYTHONPATH=/home/manoj/ros2_ws/src/my_package/build/my_package/prefix_override:/home/manoj/ros2_ws/src/my_package/install/my_package/lib/python3.10/site-packages:${PYTHONPATH} /usr/bin/python3 setup.py egg_info --egg-base build/my_package build --build-base /home/manoj/ros2_ws/src/my_package/build/my_package/build install --record /home/manoj/ros2_ws/src/my_package/build/my_package/install.log --single-version-externally-managed
