[0.348s] Invoking command in '/home/manoj/turtlebot3_ws/build/turtlebot3_simulations': CMAKE_PREFIX_PATH=/home/manoj/turtlebot3_ws/install/turtlebot3_gazebo:/home/manoj/turtlebot3_ws/install/turtlebot3_fake_node:/home/manoj/turtlebot3_ws/install/turtlebot3_node:/home/manoj/turtlebot3_ws/install/turtlebot3_navigation2:/home/manoj/turtlebot3_ws/install/turtlebot3_msgs:/home/manoj/turtlebot3_ws/install/turtlebot3_description:/home/manoj/turtlebot3_ws/install/turtlebot3_cartographer:/home/manoj/turtlebot3_ws/install/dynamixel_sdk_examples:/home/manoj/turtlebot3_ws/install/dynamixel_sdk_custom_interfaces:/home/manoj/turtlebot3_ws/install/dynamixel_sdk:/opt/ros/humble:/home/manoj/turtlebot3_ws/install/turtlebot3_teleop:/home/manoj/turtlebot3_ws/install/turtlebot3_example /usr/bin/cmake /home/manoj/turtlebot3_ws/turtlebot3_simulations/turtlebot3_simulations -DAMENT_CMAKE_SYMLINK_INSTALL=1 -DCMAKE_INSTALL_PREFIX=/home/manoj/turtlebot3_ws/install/turtlebot3_simulations
[0.782s] -- The C compiler identification is GNU 11.4.0
[0.887s] -- The CXX compiler identification is GNU 11.4.0
[0.895s] -- Detecting C compiler ABI info
[0.997s] -- Detecting C compiler ABI info - done
[1.004s] -- Check for working C compiler: /usr/bin/cc - skipped
[1.005s] -- Detecting C compile features
[1.014s] -- Detecting C compile features - done
[1.019s] -- Detecting CXX compiler ABI info
[1.208s] -- Detecting CXX compiler ABI info - done
[1.214s] -- Check for working CXX compiler: /usr/bin/c++ - skipped
[1.214s] -- Detecting CXX compile features
[1.214s] -- Detecting CXX compile features - done
[1.494s] -- Found ament_cmake: 1.3.8 (/opt/ros/humble/share/ament_cmake/cmake)
[2.326s] -- Found Python3: /usr/bin/python3 (found version "3.10.12") found components: Interpreter 
[2.808s] -- Override CMake install command with custom implementation using symlinks instead of copying resources
[4.127s] -- Configuring done
[4.131s] -- Generating done
[4.133s] -- Build files have been written to: /home/manoj/turtlebot3_ws/build/turtlebot3_simulations
[4.139s] Invoked command in '/home/manoj/turtlebot3_ws/build/turtlebot3_simulations' returned '0': CMAKE_PREFIX_PATH=/home/manoj/turtlebot3_ws/install/turtlebot3_gazebo:/home/manoj/turtlebot3_ws/install/turtlebot3_fake_node:/home/manoj/turtlebot3_ws/install/turtlebot3_node:/home/manoj/turtlebot3_ws/install/turtlebot3_navigation2:/home/manoj/turtlebot3_ws/install/turtlebot3_msgs:/home/manoj/turtlebot3_ws/install/turtlebot3_description:/home/manoj/turtlebot3_ws/install/turtlebot3_cartographer:/home/manoj/turtlebot3_ws/install/dynamixel_sdk_examples:/home/manoj/turtlebot3_ws/install/dynamixel_sdk_custom_interfaces:/home/manoj/turtlebot3_ws/install/dynamixel_sdk:/opt/ros/humble:/home/manoj/turtlebot3_ws/install/turtlebot3_teleop:/home/manoj/turtlebot3_ws/install/turtlebot3_example /usr/bin/cmake /home/manoj/turtlebot3_ws/turtlebot3_simulations/turtlebot3_simulations -DAMENT_CMAKE_SYMLINK_INSTALL=1 -DCMAKE_INSTALL_PREFIX=/home/manoj/turtlebot3_ws/install/turtlebot3_simulations
[4.141s] Invoking command in '/home/manoj/turtlebot3_ws/build/turtlebot3_simulations': CMAKE_PREFIX_PATH=/home/manoj/turtlebot3_ws/install/turtlebot3_gazebo:/home/manoj/turtlebot3_ws/install/turtlebot3_fake_node:/home/manoj/turtlebot3_ws/install/turtlebot3_node:/home/manoj/turtlebot3_ws/install/turtlebot3_navigation2:/home/manoj/turtlebot3_ws/install/turtlebot3_msgs:/home/manoj/turtlebot3_ws/install/turtlebot3_description:/home/manoj/turtlebot3_ws/install/turtlebot3_cartographer:/home/manoj/turtlebot3_ws/install/dynamixel_sdk_examples:/home/manoj/turtlebot3_ws/install/dynamixel_sdk_custom_interfaces:/home/manoj/turtlebot3_ws/install/dynamixel_sdk:/opt/ros/humble:/home/manoj/turtlebot3_ws/install/turtlebot3_teleop:/home/manoj/turtlebot3_ws/install/turtlebot3_example /usr/bin/cmake --build /home/manoj/turtlebot3_ws/build/turtlebot3_simulations -- -j8 -l8
[4.191s] Invoked command in '/home/manoj/turtlebot3_ws/build/turtlebot3_simulations' returned '0': CMAKE_PREFIX_PATH=/home/manoj/turtlebot3_ws/install/turtlebot3_gazebo:/home/manoj/turtlebot3_ws/install/turtlebot3_fake_node:/home/manoj/turtlebot3_ws/install/turtlebot3_node:/home/manoj/turtlebot3_ws/install/turtlebot3_navigation2:/home/manoj/turtlebot3_ws/install/turtlebot3_msgs:/home/manoj/turtlebot3_ws/install/turtlebot3_description:/home/manoj/turtlebot3_ws/install/turtlebot3_cartographer:/home/manoj/turtlebot3_ws/install/dynamixel_sdk_examples:/home/manoj/turtlebot3_ws/install/dynamixel_sdk_custom_interfaces:/home/manoj/turtlebot3_ws/install/dynamixel_sdk:/opt/ros/humble:/home/manoj/turtlebot3_ws/install/turtlebot3_teleop:/home/manoj/turtlebot3_ws/install/turtlebot3_example /usr/bin/cmake --build /home/manoj/turtlebot3_ws/build/turtlebot3_simulations -- -j8 -l8
[4.227s] Invoking command in '/home/manoj/turtlebot3_ws/build/turtlebot3_simulations': CMAKE_PREFIX_PATH=/home/manoj/turtlebot3_ws/install/turtlebot3_gazebo:/home/manoj/turtlebot3_ws/install/turtlebot3_fake_node:/home/manoj/turtlebot3_ws/install/turtlebot3_node:/home/manoj/turtlebot3_ws/install/turtlebot3_navigation2:/home/manoj/turtlebot3_ws/install/turtlebot3_msgs:/home/manoj/turtlebot3_ws/install/turtlebot3_description:/home/manoj/turtlebot3_ws/install/turtlebot3_cartographer:/home/manoj/turtlebot3_ws/install/dynamixel_sdk_examples:/home/manoj/turtlebot3_ws/install/dynamixel_sdk_custom_interfaces:/home/manoj/turtlebot3_ws/install/dynamixel_sdk:/opt/ros/humble:/home/manoj/turtlebot3_ws/install/turtlebot3_teleop:/home/manoj/turtlebot3_ws/install/turtlebot3_example /usr/bin/cmake --install /home/manoj/turtlebot3_ws/build/turtlebot3_simulations
[4.238s] -- Install configuration: ""
[4.239s] -- Execute custom install script
[4.239s] -- Symlinking: /home/manoj/turtlebot3_ws/install/turtlebot3_simulations/share/ament_index/resource_index/package_run_dependencies/turtlebot3_simulations
[4.249s] -- Symlinking: /home/manoj/turtlebot3_ws/install/turtlebot3_simulations/share/ament_index/resource_index/parent_prefix_path/turtlebot3_simulations
[4.262s] -- Symlinking: /home/manoj/turtlebot3_ws/install/turtlebot3_simulations/share/turtlebot3_simulations/environment/ament_prefix_path.sh
[4.275s] -- Symlinking: /home/manoj/turtlebot3_ws/install/turtlebot3_simulations/share/turtlebot3_simulations/environment/ament_prefix_path.dsv
[4.283s] -- Symlinking: /home/manoj/turtlebot3_ws/install/turtlebot3_simulations/share/turtlebot3_simulations/environment/path.sh
[4.290s] -- Symlinking: /home/manoj/turtlebot3_ws/install/turtlebot3_simulations/share/turtlebot3_simulations/environment/path.dsv
[4.300s] -- Symlinking: /home/manoj/turtlebot3_ws/install/turtlebot3_simulations/share/turtlebot3_simulations/local_setup.bash
[4.308s] -- Symlinking: /home/manoj/turtlebot3_ws/install/turtlebot3_simulations/share/turtlebot3_simulations/local_setup.sh
[4.316s] -- Symlinking: /home/manoj/turtlebot3_ws/install/turtlebot3_simulations/share/turtlebot3_simulations/local_setup.zsh
[4.323s] -- Symlinking: /home/manoj/turtlebot3_ws/install/turtlebot3_simulations/share/turtlebot3_simulations/local_setup.dsv
[4.330s] -- Symlinking: /home/manoj/turtlebot3_ws/install/turtlebot3_simulations/share/turtlebot3_simulations/package.dsv
[4.337s] -- Symlinking: /home/manoj/turtlebot3_ws/install/turtlebot3_simulations/share/ament_index/resource_index/packages/turtlebot3_simulations
[4.345s] -- Symlinking: /home/manoj/turtlebot3_ws/install/turtlebot3_simulations/share/turtlebot3_simulations/cmake/turtlebot3_simulationsConfig.cmake
[4.352s] -- Symlinking: /home/manoj/turtlebot3_ws/install/turtlebot3_simulations/share/turtlebot3_simulations/cmake/turtlebot3_simulationsConfig-version.cmake
[4.359s] -- Symlinking: /home/manoj/turtlebot3_ws/install/turtlebot3_simulations/share/turtlebot3_simulations/package.xml
[4.368s] Invoked command in '/home/manoj/turtlebot3_ws/build/turtlebot3_simulations' returned '0': CMAKE_PREFIX_PATH=/home/manoj/turtlebot3_ws/install/turtlebot3_gazebo:/home/manoj/turtlebot3_ws/install/turtlebot3_fake_node:/home/manoj/turtlebot3_ws/install/turtlebot3_node:/home/manoj/turtlebot3_ws/install/turtlebot3_navigation2:/home/manoj/turtlebot3_ws/install/turtlebot3_msgs:/home/manoj/turtlebot3_ws/install/turtlebot3_description:/home/manoj/turtlebot3_ws/install/turtlebot3_cartographer:/home/manoj/turtlebot3_ws/install/dynamixel_sdk_examples:/home/manoj/turtlebot3_ws/install/dynamixel_sdk_custom_interfaces:/home/manoj/turtlebot3_ws/install/dynamixel_sdk:/opt/ros/humble:/home/manoj/turtlebot3_ws/install/turtlebot3_teleop:/home/manoj/turtlebot3_ws/install/turtlebot3_example /usr/bin/cmake --install /home/manoj/turtlebot3_ws/build/turtlebot3_simulations
