[0.826s] Invoking command in '/home/manoj/ros2_ws/src/my_package': PYTHONPATH=/home/manoj/ros2_ws/build/my_package/prefix_override:/home/manoj/ros2_ws/install/my_package/lib/python3.10/site-packages:${PYTHONPATH} /usr/bin/python3 setup.py egg_info --egg-base ../../build/my_package build --build-base /home/manoj/ros2_ws/build/my_package/build install --record /home/manoj/ros2_ws/build/my_package/install.log --single-version-externally-managed
[1.056s] running egg_info
[1.057s] writing ../../build/my_package/my_package.egg-info/PKG-INFO
[1.057s] writing dependency_links to ../../build/my_package/my_package.egg-info/dependency_links.txt
[1.057s] writing entry points to ../../build/my_package/my_package.egg-info/entry_points.txt
[1.057s] writing requirements to ../../build/my_package/my_package.egg-info/requires.txt
[1.057s] writing top-level names to ../../build/my_package/my_package.egg-info/top_level.txt
[1.059s] reading manifest file '../../build/my_package/my_package.egg-info/SOURCES.txt'
[1.060s] writing manifest file '../../build/my_package/my_package.egg-info/SOURCES.txt'
[1.060s] running build
[1.060s] running build_py
[1.060s] copying my_package/my_node.py -> /home/manoj/ros2_ws/build/my_package/build/lib/my_package
[1.060s] running install
[1.060s] running install_lib
[1.061s] copying /home/manoj/ros2_ws/build/my_package/build/lib/my_package/my_node.py -> /home/manoj/ros2_ws/install/my_package/lib/python3.10/site-packages/my_package
[1.062s] byte-compiling /home/manoj/ros2_ws/install/my_package/lib/python3.10/site-packages/my_package/my_node.py to my_node.cpython-310.pyc
[1.062s] running install_data
[1.063s] running install_egg_info
[1.064s] removing '/home/manoj/ros2_ws/install/my_package/lib/python3.10/site-packages/my_package-0.0.0-py3.10.egg-info' (and everything under it)
[1.065s] Copying ../../build/my_package/my_package.egg-info to /home/manoj/ros2_ws/install/my_package/lib/python3.10/site-packages/my_package-0.0.0-py3.10.egg-info
[1.065s] running install_scripts
[1.083s] Installing my_node script to /home/manoj/ros2_ws/install/my_package/lib/my_package
[1.084s] writing list of installed files to '/home/manoj/ros2_ws/build/my_package/install.log'
[1.112s] Invoked command in '/home/manoj/ros2_ws/src/my_package' returned '0': PYTHONPATH=/home/manoj/ros2_ws/build/my_package/prefix_override:/home/manoj/ros2_ws/install/my_package/lib/python3.10/site-packages:${PYTHONPATH} /usr/bin/python3 setup.py egg_info --egg-base ../../build/my_package build --build-base /home/manoj/ros2_ws/build/my_package/build install --record /home/manoj/ros2_ws/build/my_package/install.log --single-version-externally-managed
