[0.020s] Invoking command in '/home/manoj/turtlebot3_ws/build/turtlebot3_simulations': AMENT_PREFIX_PATH=/home/manoj/turtlebot3_ws/install/turtlebot3_gazebo:/home/manoj/turtlebot3_ws/install/turtlebot3_fake_node CMAKE_PREFIX_PATH=/home/manoj/turtlebot3_ws/install/turtlebot3_gazebo:/home/manoj/turtlebot3_ws/install/turtlebot3_fake_node /usr/bin/cmake --build /home/manoj/turtlebot3_ws/build/turtlebot3_simulations -- -j8 -l8
[0.053s] Invoked command in '/home/manoj/turtlebot3_ws/build/turtlebot3_simulations' returned '0': AMENT_PREFIX_PATH=/home/manoj/turtlebot3_ws/install/turtlebot3_gazebo:/home/manoj/turtlebot3_ws/install/turtlebot3_fake_node CMAKE_PREFIX_PATH=/home/manoj/turtlebot3_ws/install/turtlebot3_gazebo:/home/manoj/turtlebot3_ws/install/turtlebot3_fake_node /usr/bin/cmake --build /home/manoj/turtlebot3_ws/build/turtlebot3_simulations -- -j8 -l8
[0.080s] Invoking command in '/home/manoj/turtlebot3_ws/build/turtlebot3_simulations': AMENT_PREFIX_PATH=/home/manoj/turtlebot3_ws/install/turtlebot3_gazebo:/home/manoj/turtlebot3_ws/install/turtlebot3_fake_node CMAKE_PREFIX_PATH=/home/manoj/turtlebot3_ws/install/turtlebot3_gazebo:/home/manoj/turtlebot3_ws/install/turtlebot3_fake_node /usr/bin/cmake --install /home/manoj/turtlebot3_ws/build/turtlebot3_simulations
[0.090s] -- Install configuration: ""
[0.090s] -- Execute custom install script
[0.091s] -- Up-to-date symlink: /home/manoj/turtlebot3_ws/install/turtlebot3_simulations/share/ament_index/resource_index/package_run_dependencies/turtlebot3_simulations
[0.091s] -- Up-to-date symlink: /home/manoj/turtlebot3_ws/install/turtlebot3_simulations/share/ament_index/resource_index/parent_prefix_path/turtlebot3_simulations
[0.091s] -- Up-to-date symlink: /home/manoj/turtlebot3_ws/install/turtlebot3_simulations/share/turtlebot3_simulations/environment/ament_prefix_path.sh
[0.091s] -- Up-to-date symlink: /home/manoj/turtlebot3_ws/install/turtlebot3_simulations/share/turtlebot3_simulations/environment/ament_prefix_path.dsv
[0.091s] -- Up-to-date symlink: /home/manoj/turtlebot3_ws/install/turtlebot3_simulations/share/turtlebot3_simulations/environment/path.sh
[0.091s] -- Up-to-date symlink: /home/manoj/turtlebot3_ws/install/turtlebot3_simulations/share/turtlebot3_simulations/environment/path.dsv
[0.091s] -- Up-to-date symlink: /home/manoj/turtlebot3_ws/install/turtlebot3_simulations/share/turtlebot3_simulations/local_setup.bash
[0.091s] -- Up-to-date symlink: /home/manoj/turtlebot3_ws/install/turtlebot3_simulations/share/turtlebot3_simulations/local_setup.sh
[0.092s] -- Up-to-date symlink: /home/manoj/turtlebot3_ws/install/turtlebot3_simulations/share/turtlebot3_simulations/local_setup.zsh
[0.092s] -- Up-to-date symlink: /home/manoj/turtlebot3_ws/install/turtlebot3_simulations/share/turtlebot3_simulations/local_setup.dsv
[0.092s] -- Symlinking: /home/manoj/turtlebot3_ws/install/turtlebot3_simulations/share/turtlebot3_simulations/package.dsv
[0.099s] -- Up-to-date symlink: /home/manoj/turtlebot3_ws/install/turtlebot3_simulations/share/ament_index/resource_index/packages/turtlebot3_simulations
[0.100s] -- Up-to-date symlink: /home/manoj/turtlebot3_ws/install/turtlebot3_simulations/share/turtlebot3_simulations/cmake/turtlebot3_simulationsConfig.cmake
[0.100s] -- Up-to-date symlink: /home/manoj/turtlebot3_ws/install/turtlebot3_simulations/share/turtlebot3_simulations/cmake/turtlebot3_simulationsConfig-version.cmake
[0.100s] -- Up-to-date symlink: /home/manoj/turtlebot3_ws/install/turtlebot3_simulations/share/turtlebot3_simulations/package.xml
[0.102s] Invoked command in '/home/manoj/turtlebot3_ws/build/turtlebot3_simulations' returned '0': AMENT_PREFIX_PATH=/home/manoj/turtlebot3_ws/install/turtlebot3_gazebo:/home/manoj/turtlebot3_ws/install/turtlebot3_fake_node CMAKE_PREFIX_PATH=/home/manoj/turtlebot3_ws/install/turtlebot3_gazebo:/home/manoj/turtlebot3_ws/install/turtlebot3_fake_node /usr/bin/cmake --install /home/manoj/turtlebot3_ws/build/turtlebot3_simulations
