[4.360s] DEBUG:colcon:Command line arguments: ['/usr/bin/colcon', 'build', '--packages-select', 'my_package']
[4.360s] DEBUG:colcon:Parsed command line arguments: Namespace(log_base=None, log_level=None, verb_name='build', build_base='build', install_base='install', merge_install=False, symlink_install=False, test_result_base=None, continue_on_error=False, executor='parallel', parallel_workers=8, event_handlers=None, ignore_user_meta=False, metas=['./colcon.meta'], base_paths=['.'], packages_ignore=None, packages_ignore_regex=None, paths=None, packages_up_to=None, packages_up_to_regex=None, packages_above=None, packages_above_and_dependencies=None, packages_above_depth=None, packages_select_by_dep=None, packages_skip_by_dep=None, packages_skip_up_to=None, packages_select_build_failed=False, packages_skip_build_finished=False, packages_select_test_failures=False, packages_skip_test_passed=False, packages_select=['my_package'], packages_skip=None, packages_select_regex=None, packages_skip_regex=None, packages_start=None, packages_end=None, allow_overriding=[], cmake_args=None, cmake_target=None, cmake_target_skip_unavailable=False, cmake_clean_cache=False, cmake_clean_first=False, cmake_force_configure=False, ament_cmake_args=None, catkin_cmake_args=None, catkin_skip_building_tests=False, verb_parser=<colcon_defaults.argument_parser.defaults.DefaultArgumentsDecorator object at 0x7ff0a0a62170>, verb_extension=<colcon_core.verb.build.BuildVerb object at 0x7ff0a0d650c0>, main=<bound method BuildVerb.main of <colcon_core.verb.build.BuildVerb object at 0x7ff0a0d650c0>>)
[4.530s] Level 1:colcon.colcon_core.package_discovery:discover_packages(colcon_meta) check parameters
[4.531s] Level 1:colcon.colcon_core.package_discovery:discover_packages(recursive) check parameters
[4.533s] Level 1:colcon.colcon_core.package_discovery:discover_packages(ignore) check parameters
[4.534s] Level 1:colcon.colcon_core.package_discovery:discover_packages(path) check parameters
[4.536s] Level 1:colcon.colcon_core.package_discovery:discover_packages(colcon_meta) discover
[4.537s] Level 1:colcon.colcon_core.package_discovery:discover_packages(recursive) discover
[4.537s] INFO:colcon.colcon_core.package_discovery:Crawling recursively for packages in '/home/manoj/ros2_ws/src/my_package'
[4.538s] Level 1:colcon.colcon_core.package_identification:_identify(.) by extensions ['ignore', 'ignore_ament_install']
[4.538s] Level 1:colcon.colcon_core.package_identification:_identify(.) by extension 'ignore'
[4.538s] Level 1:colcon.colcon_core.package_identification:_identify(.) by extension 'ignore_ament_install'
[4.538s] Level 1:colcon.colcon_core.package_identification:_identify(.) by extensions ['colcon_pkg']
[4.538s] Level 1:colcon.colcon_core.package_identification:_identify(.) by extension 'colcon_pkg'
[4.538s] Level 1:colcon.colcon_core.package_identification:_identify(.) by extensions ['colcon_meta']
[4.538s] Level 1:colcon.colcon_core.package_identification:_identify(.) by extension 'colcon_meta'
[4.538s] Level 1:colcon.colcon_core.package_identification:_identify(.) by extensions ['ros']
[4.538s] Level 1:colcon.colcon_core.package_identification:_identify(.) by extension 'ros'
[4.587s] DEBUG:colcon.colcon_core.package_identification:Package '.' with type 'ros.ament_python' and name 'my_package'
[4.587s] Level 1:colcon.colcon_core.package_discovery:discover_packages(recursive) using defaults
[4.587s] Level 1:colcon.colcon_core.package_discovery:discover_packages(ignore) discover
[4.587s] Level 1:colcon.colcon_core.package_discovery:discover_packages(ignore) using defaults
[4.588s] Level 1:colcon.colcon_core.package_discovery:discover_packages(path) discover
[4.588s] Level 1:colcon.colcon_core.package_discovery:discover_packages(path) using defaults
[4.909s] Level 1:colcon.colcon_core.package_discovery:discover_packages(prefix_path) check parameters
[4.909s] Level 1:colcon.colcon_core.package_discovery:discover_packages(prefix_path) discover
[5.051s] DEBUG:colcon.colcon_installed_package_information.package_discovery:Found 1 installed packages in /home/manoj/ros2_ws/src/my_package/install
[5.151s] DEBUG:colcon.colcon_installed_package_information.package_discovery:Found 3 installed packages in /home/manoj/turtlebot3_ws/install
[5.207s] DEBUG:colcon.colcon_installed_package_information.package_discovery:Found 394 installed packages in /opt/ros/humble
[5.213s] Level 1:colcon.colcon_core.package_discovery:discover_packages(prefix_path) using defaults
[5.673s] Level 5:colcon.colcon_core.verb:set package 'my_package' build argument 'cmake_args' from command line to 'None'
[5.674s] Level 5:colcon.colcon_core.verb:set package 'my_package' build argument 'cmake_target' from command line to 'None'
[5.674s] Level 5:colcon.colcon_core.verb:set package 'my_package' build argument 'cmake_target_skip_unavailable' from command line to 'False'
[5.675s] Level 5:colcon.colcon_core.verb:set package 'my_package' build argument 'cmake_clean_cache' from command line to 'False'
[5.675s] Level 5:colcon.colcon_core.verb:set package 'my_package' build argument 'cmake_clean_first' from command line to 'False'
[5.675s] Level 5:colcon.colcon_core.verb:set package 'my_package' build argument 'cmake_force_configure' from command line to 'False'
[5.675s] Level 5:colcon.colcon_core.verb:set package 'my_package' build argument 'ament_cmake_args' from command line to 'None'
[5.675s] Level 5:colcon.colcon_core.verb:set package 'my_package' build argument 'catkin_cmake_args' from command line to 'None'
[5.675s] Level 5:colcon.colcon_core.verb:set package 'my_package' build argument 'catkin_skip_building_tests' from command line to 'False'
[5.675s] DEBUG:colcon.colcon_core.verb:Building package 'my_package' with the following arguments: {'ament_cmake_args': None, 'build_base': '/home/manoj/ros2_ws/src/my_package/build/my_package', 'catkin_cmake_args': None, 'catkin_skip_building_tests': False, 'cmake_args': None, 'cmake_clean_cache': False, 'cmake_clean_first': False, 'cmake_force_configure': False, 'cmake_target': None, 'cmake_target_skip_unavailable': False, 'install_base': '/home/manoj/ros2_ws/src/my_package/install/my_package', 'merge_install': False, 'path': '/home/manoj/ros2_ws/src/my_package', 'symlink_install': False, 'test_result_base': None}
[5.750s] INFO:colcon.colcon_core.executor:Executing jobs using 'parallel' executor
[5.839s] DEBUG:colcon.colcon_parallel_executor.executor.parallel:run_until_complete
[5.839s] INFO:colcon.colcon_ros.task.ament_python.build:Building ROS package in '/home/manoj/ros2_ws/src/my_package' with build type 'ament_python'
[5.839s] Level 1:colcon.colcon_core.shell:create_environment_hook('my_package', 'ament_prefix_path')
[5.933s] INFO:colcon.colcon_core.plugin_system:Skipping extension 'colcon_core.shell.bat': Not used on non-Windows systems
[5.933s] INFO:colcon.colcon_core.shell:Creating environment hook '/home/manoj/ros2_ws/src/my_package/install/my_package/share/my_package/hook/ament_prefix_path.ps1'
[5.935s] INFO:colcon.colcon_core.shell:Creating environment descriptor '/home/manoj/ros2_ws/src/my_package/install/my_package/share/my_package/hook/ament_prefix_path.dsv'
[5.935s] INFO:colcon.colcon_core.shell:Creating environment hook '/home/manoj/ros2_ws/src/my_package/install/my_package/share/my_package/hook/ament_prefix_path.sh'
[6.025s] INFO:colcon.colcon_core.shell:Skip shell extension 'powershell' for command environment: Not usable outside of PowerShell
[6.026s] DEBUG:colcon.colcon_core.shell:Skip shell extension 'dsv' for command environment
[7.638s] INFO:colcon.colcon_core.task.python.build:Building Python package in '/home/manoj/ros2_ws/src/my_package'
[7.728s] INFO:colcon.colcon_core.shell:Skip shell extension 'powershell' for command environment: Not usable outside of PowerShell
[7.728s] DEBUG:colcon.colcon_core.shell:Skip shell extension 'dsv' for command environment
[9.899s] DEBUG:colcon.colcon_core.event_handler.log_command:Invoking command in '/home/manoj/ros2_ws/src/my_package': PYTHONPATH=/home/manoj/ros2_ws/src/my_package/build/my_package/prefix_override:/home/manoj/ros2_ws/src/my_package/install/my_package/lib/python3.10/site-packages:${PYTHONPATH} /usr/bin/python3 setup.py egg_info --egg-base build/my_package build --build-base /home/manoj/ros2_ws/src/my_package/build/my_package/build install --record /home/manoj/ros2_ws/src/my_package/build/my_package/install.log --single-version-externally-managed
[11.375s] DEBUG:colcon.colcon_core.event_handler.log_command:Invoked command in '/home/manoj/ros2_ws/src/my_package' returned '0': PYTHONPATH=/home/manoj/ros2_ws/src/my_package/build/my_package/prefix_override:/home/manoj/ros2_ws/src/my_package/install/my_package/lib/python3.10/site-packages:${PYTHONPATH} /usr/bin/python3 setup.py egg_info --egg-base build/my_package build --build-base /home/manoj/ros2_ws/src/my_package/build/my_package/build install --record /home/manoj/ros2_ws/src/my_package/build/my_package/install.log --single-version-externally-managed
[11.459s] Level 1:colcon.colcon_core.environment:checking '/home/manoj/ros2_ws/src/my_package/install/my_package' for CMake module files
[11.463s] Level 1:colcon.colcon_core.environment:checking '/home/manoj/ros2_ws/src/my_package/install/my_package' for CMake config files
[11.467s] Level 1:colcon.colcon_core.environment:checking '/home/manoj/ros2_ws/src/my_package/install/my_package/lib'
[11.468s] Level 1:colcon.colcon_core.environment:checking '/home/manoj/ros2_ws/src/my_package/install/my_package/bin'
[11.468s] Level 1:colcon.colcon_core.environment:checking '/home/manoj/ros2_ws/src/my_package/install/my_package/lib/pkgconfig/my_package.pc'
[11.468s] Level 1:colcon.colcon_core.environment:checking '/home/manoj/ros2_ws/src/my_package/install/my_package/lib/python3.10/site-packages'
[11.469s] Level 1:colcon.colcon_core.shell:create_environment_hook('my_package', 'pythonpath')
[11.550s] INFO:colcon.colcon_core.shell:Creating environment hook '/home/manoj/ros2_ws/src/my_package/install/my_package/share/my_package/hook/pythonpath.ps1'
[11.551s] INFO:colcon.colcon_core.shell:Creating environment descriptor '/home/manoj/ros2_ws/src/my_package/install/my_package/share/my_package/hook/pythonpath.dsv'
[11.551s] INFO:colcon.colcon_core.shell:Creating environment hook '/home/manoj/ros2_ws/src/my_package/install/my_package/share/my_package/hook/pythonpath.sh'
[11.552s] Level 1:colcon.colcon_core.environment:checking '/home/manoj/ros2_ws/src/my_package/install/my_package/bin'
[11.552s] Level 1:colcon.colcon_core.environment:create_environment_scripts_only(my_package)
[11.639s] INFO:colcon.colcon_core.shell:Creating package script '/home/manoj/ros2_ws/src/my_package/install/my_package/share/my_package/package.ps1'
[11.644s] INFO:colcon.colcon_core.shell:Creating package descriptor '/home/manoj/ros2_ws/src/my_package/install/my_package/share/my_package/package.dsv'
[11.646s] INFO:colcon.colcon_core.shell:Creating package script '/home/manoj/ros2_ws/src/my_package/install/my_package/share/my_package/package.sh'
[11.648s] INFO:colcon.colcon_core.shell:Creating package script '/home/manoj/ros2_ws/src/my_package/install/my_package/share/my_package/package.bash'
[11.649s] INFO:colcon.colcon_core.shell:Creating package script '/home/manoj/ros2_ws/src/my_package/install/my_package/share/my_package/package.zsh'
[11.656s] Level 1:colcon.colcon_core.environment:create_file_with_runtime_dependencies(/home/manoj/ros2_ws/src/my_package/install/my_package/share/colcon-core/packages/my_package)
[11.658s] DEBUG:colcon.colcon_parallel_executor.executor.parallel:closing loop
[11.660s] DEBUG:colcon.colcon_parallel_executor.executor.parallel:loop closed
[11.660s] DEBUG:colcon.colcon_parallel_executor.executor.parallel:run_until_complete finished with '0'
[11.660s] DEBUG:colcon.colcon_core.event_reactor:joining thread
[11.741s] INFO:colcon.colcon_core.plugin_system:Skipping extension 'colcon_notification.desktop_notification.terminal_notifier': Not used on non-Darwin systems
[11.741s] INFO:colcon.colcon_core.plugin_system:Skipping extension 'colcon_notification.desktop_notification.win32': Not used on non-Windows systems
[11.741s] INFO:colcon.colcon_notification.desktop_notification:Sending desktop notification using 'notify2'
[11.789s] DEBUG:colcon.colcon_core.event_reactor:joined thread
[11.902s] INFO:colcon.colcon_core.shell:Creating prefix script '/home/manoj/ros2_ws/src/my_package/install/local_setup.ps1'
[11.904s] INFO:colcon.colcon_core.shell:Creating prefix util module '/home/manoj/ros2_ws/src/my_package/install/_local_setup_util_ps1.py'
[11.915s] INFO:colcon.colcon_core.shell:Creating prefix chain script '/home/manoj/ros2_ws/src/my_package/install/setup.ps1'
[11.997s] INFO:colcon.colcon_core.shell:Creating prefix script '/home/manoj/ros2_ws/src/my_package/install/local_setup.sh'
[11.999s] INFO:colcon.colcon_core.shell:Creating prefix util module '/home/manoj/ros2_ws/src/my_package/install/_local_setup_util_sh.py'
[12.001s] INFO:colcon.colcon_core.shell:Creating prefix chain script '/home/manoj/ros2_ws/src/my_package/install/setup.sh'
[12.080s] INFO:colcon.colcon_core.shell:Creating prefix script '/home/manoj/ros2_ws/src/my_package/install/local_setup.bash'
[12.087s] INFO:colcon.colcon_core.shell:Creating prefix chain script '/home/manoj/ros2_ws/src/my_package/install/setup.bash'
[12.157s] INFO:colcon.colcon_core.shell:Creating prefix script '/home/manoj/ros2_ws/src/my_package/install/local_setup.zsh'
[12.157s] INFO:colcon.colcon_core.shell:Creating prefix chain script '/home/manoj/ros2_ws/src/my_package/install/setup.zsh'
