[0.748s] Invoking command in '/home/manoj/ros2_ws/src/my_package': PYTHONPATH=/home/manoj/ros2_ws/build/my_package/prefix_override:/home/manoj/ros2_ws/install/my_package/lib/python3.10/site-packages:${PYTHONPATH} /usr/bin/python3 setup.py egg_info --egg-base ../../build/my_package build --build-base /home/manoj/ros2_ws/build/my_package/build install --record /home/manoj/ros2_ws/build/my_package/install.log --single-version-externally-managed
[0.981s] running egg_info
[0.982s] writing ../../build/my_package/my_package.egg-info/PKG-INFO
[0.982s] writing dependency_links to ../../build/my_package/my_package.egg-info/dependency_links.txt
[0.983s] writing entry points to ../../build/my_package/my_package.egg-info/entry_points.txt
[0.983s] writing requirements to ../../build/my_package/my_package.egg-info/requires.txt
[0.983s] writing top-level names to ../../build/my_package/my_package.egg-info/top_level.txt
[0.985s] reading manifest file '../../build/my_package/my_package.egg-info/SOURCES.txt'
[0.986s] writing manifest file '../../build/my_package/my_package.egg-info/SOURCES.txt'
[0.986s] running build
[0.986s] running build_py
[0.986s] copying my_package/my_node.py -> /home/manoj/ros2_ws/build/my_package/build/lib/my_package
[0.986s] running install
[0.987s] running install_lib
[0.988s] copying /home/manoj/ros2_ws/build/my_package/build/lib/my_package/my_node.py -> /home/manoj/ros2_ws/install/my_package/lib/python3.10/site-packages/my_package
[0.988s] byte-compiling /home/manoj/ros2_ws/install/my_package/lib/python3.10/site-packages/my_package/my_node.py to my_node.cpython-310.pyc
[0.989s] running install_data
[0.990s] running install_egg_info
[0.991s] removing '/home/manoj/ros2_ws/install/my_package/lib/python3.10/site-packages/my_package-0.0.0-py3.10.egg-info' (and everything under it)
[0.991s] Copying ../../build/my_package/my_package.egg-info to /home/manoj/ros2_ws/install/my_package/lib/python3.10/site-packages/my_package-0.0.0-py3.10.egg-info
[0.992s] running install_scripts
[1.008s] Installing my_node script to /home/manoj/ros2_ws/install/my_package/lib/my_package
[1.008s] writing list of installed files to '/home/manoj/ros2_ws/build/my_package/install.log'
[1.036s] Invoked command in '/home/manoj/ros2_ws/src/my_package' returned '0': PYTHONPATH=/home/manoj/ros2_ws/build/my_package/prefix_override:/home/manoj/ros2_ws/install/my_package/lib/python3.10/site-packages:${PYTHONPATH} /usr/bin/python3 setup.py egg_info --egg-base ../../build/my_package build --build-base /home/manoj/ros2_ws/build/my_package/build install --record /home/manoj/ros2_ws/build/my_package/install.log --single-version-externally-managed
