[3.189s] Invoking command in '/home/manoj/ros2_ws/src/my_package': PYTHONPATH=/home/manoj/ros2_ws/build/my_package/prefix_override:/home/manoj/ros2_ws/install/my_package/lib/python3.10/site-packages:${PYTHONPATH} /usr/bin/python3 setup.py egg_info --egg-base ../../build/my_package build --build-base /home/manoj/ros2_ws/build/my_package/build install --record /home/manoj/ros2_ws/build/my_package/install.log --single-version-externally-managed
[4.178s] running egg_info
[4.179s] writing ../../build/my_package/my_package.egg-info/PKG-INFO
[4.179s] writing dependency_links to ../../build/my_package/my_package.egg-info/dependency_links.txt
[4.180s] writing entry points to ../../build/my_package/my_package.egg-info/entry_points.txt
[4.180s] writing requirements to ../../build/my_package/my_package.egg-info/requires.txt
[4.180s] writing top-level names to ../../build/my_package/my_package.egg-info/top_level.txt
[4.189s] reading manifest file '../../build/my_package/my_package.egg-info/SOURCES.txt'
[4.195s] writing manifest file '../../build/my_package/my_package.egg-info/SOURCES.txt'
[4.195s] running build
[4.195s] running build_py
[4.195s] copying my_package/my_node.py -> /home/manoj/ros2_ws/build/my_package/build/lib/my_package
[4.195s] running install
[4.196s] running install_lib
[4.198s] copying /home/manoj/ros2_ws/build/my_package/build/lib/my_package/my_node.py -> /home/manoj/ros2_ws/install/my_package/lib/python3.10/site-packages/my_package
[4.200s] byte-compiling /home/manoj/ros2_ws/install/my_package/lib/python3.10/site-packages/my_package/my_node.py to my_node.cpython-310.pyc
[4.202s] running install_data
[4.207s] running install_egg_info
[4.212s] removing '/home/manoj/ros2_ws/install/my_package/lib/python3.10/site-packages/my_package-0.0.0-py3.10.egg-info' (and everything under it)
[4.213s] Copying ../../build/my_package/my_package.egg-info to /home/manoj/ros2_ws/install/my_package/lib/python3.10/site-packages/my_package-0.0.0-py3.10.egg-info
[4.215s] running install_scripts
[4.276s] Installing my_node script to /home/manoj/ros2_ws/install/my_package/lib/my_package
[4.277s] writing list of installed files to '/home/manoj/ros2_ws/build/my_package/install.log'
[4.417s] Invoked command in '/home/manoj/ros2_ws/src/my_package' returned '0': PYTHONPATH=/home/manoj/ros2_ws/build/my_package/prefix_override:/home/manoj/ros2_ws/install/my_package/lib/python3.10/site-packages:${PYTHONPATH} /usr/bin/python3 setup.py egg_info --egg-base ../../build/my_package build --build-base /home/manoj/ros2_ws/build/my_package/build install --record /home/manoj/ros2_ws/build/my_package/install.log --single-version-externally-managed
