[0.946s] Invoking command in '/home/manoj/ros2_ws/src/my_package': PYTHONPATH=/home/manoj/ros2_ws/build/my_package/prefix_override:/home/manoj/ros2_ws/install/my_package/lib/python3.10/site-packages:${PYTHONPATH} /usr/bin/python3 setup.py egg_info --egg-base ../../build/my_package build --build-base /home/manoj/ros2_ws/build/my_package/build install --record /home/manoj/ros2_ws/build/my_package/install.log --single-version-externally-managed
[1.240s] running egg_info
[1.241s] writing ../../build/my_package/my_package.egg-info/PKG-INFO
[1.241s] writing dependency_links to ../../build/my_package/my_package.egg-info/dependency_links.txt
[1.241s] writing entry points to ../../build/my_package/my_package.egg-info/entry_points.txt
[1.242s] writing requirements to ../../build/my_package/my_package.egg-info/requires.txt
[1.242s] writing top-level names to ../../build/my_package/my_package.egg-info/top_level.txt
[1.244s] reading manifest file '../../build/my_package/my_package.egg-info/SOURCES.txt'
[1.244s] writing manifest file '../../build/my_package/my_package.egg-info/SOURCES.txt'
[1.245s] running build
[1.245s] running build_py
[1.245s] copying my_package/my_node.py -> /home/manoj/ros2_ws/build/my_package/build/lib/my_package
[1.245s] running install
[1.245s] running install_lib
[1.246s] copying /home/manoj/ros2_ws/build/my_package/build/lib/my_package/my_node.py -> /home/manoj/ros2_ws/install/my_package/lib/python3.10/site-packages/my_package
[1.247s] byte-compiling /home/manoj/ros2_ws/install/my_package/lib/python3.10/site-packages/my_package/my_node.py to my_node.cpython-310.pyc
[1.247s] running install_data
[1.248s] running install_egg_info
[1.250s] removing '/home/manoj/ros2_ws/install/my_package/lib/python3.10/site-packages/my_package-0.0.0-py3.10.egg-info' (and everything under it)
[1.250s] Copying ../../build/my_package/my_package.egg-info to /home/manoj/ros2_ws/install/my_package/lib/python3.10/site-packages/my_package-0.0.0-py3.10.egg-info
[1.251s] running install_scripts
[1.272s] Installing my_node script to /home/manoj/ros2_ws/install/my_package/lib/my_package
[1.272s] writing list of installed files to '/home/manoj/ros2_ws/build/my_package/install.log'
[1.302s] Invoked command in '/home/manoj/ros2_ws/src/my_package' returned '0': PYTHONPATH=/home/manoj/ros2_ws/build/my_package/prefix_override:/home/manoj/ros2_ws/install/my_package/lib/python3.10/site-packages:${PYTHONPATH} /usr/bin/python3 setup.py egg_info --egg-base ../../build/my_package build --build-base /home/manoj/ros2_ws/build/my_package/build install --record /home/manoj/ros2_ws/build/my_package/install.log --single-version-externally-managed
