[1.304s] Invoking command in '/home/manoj/ros2_ws/src/my_package': PYTHONPATH=/home/manoj/ros2_ws/build/my_package/prefix_override:/home/manoj/ros2_ws/install/my_package/lib/python3.10/site-packages:${PYTHONPATH} /usr/bin/python3 setup.py egg_info --egg-base ../../build/my_package build --build-base /home/manoj/ros2_ws/build/my_package/build install --record /home/manoj/ros2_ws/build/my_package/install.log --single-version-externally-managed
[1.727s] running egg_info
[1.727s] writing ../../build/my_package/my_package.egg-info/PKG-INFO
[1.728s] writing dependency_links to ../../build/my_package/my_package.egg-info/dependency_links.txt
[1.728s] writing entry points to ../../build/my_package/my_package.egg-info/entry_points.txt
[1.728s] writing requirements to ../../build/my_package/my_package.egg-info/requires.txt
[1.728s] writing top-level names to ../../build/my_package/my_package.egg-info/top_level.txt
[1.730s] reading manifest file '../../build/my_package/my_package.egg-info/SOURCES.txt'
[1.731s] writing manifest file '../../build/my_package/my_package.egg-info/SOURCES.txt'
[1.731s] running build
[1.731s] running build_py
[1.731s] copying my_package/my_node.py -> /home/manoj/ros2_ws/build/my_package/build/lib/my_package
[1.731s] running install
[1.732s] running install_lib
[1.733s] copying /home/manoj/ros2_ws/build/my_package/build/lib/my_package/my_node.py -> /home/manoj/ros2_ws/install/my_package/lib/python3.10/site-packages/my_package
[1.733s] byte-compiling /home/manoj/ros2_ws/install/my_package/lib/python3.10/site-packages/my_package/my_node.py to my_node.cpython-310.pyc
[1.734s] running install_data
[1.736s] running install_egg_info
[1.740s] removing '/home/manoj/ros2_ws/install/my_package/lib/python3.10/site-packages/my_package-0.0.0-py3.10.egg-info' (and everything under it)
[1.740s] Copying ../../build/my_package/my_package.egg-info to /home/manoj/ros2_ws/install/my_package/lib/python3.10/site-packages/my_package-0.0.0-py3.10.egg-info
[1.741s] running install_scripts
[1.766s] Installing my_node script to /home/manoj/ros2_ws/install/my_package/lib/my_package
[1.766s] writing list of installed files to '/home/manoj/ros2_ws/build/my_package/install.log'
[1.812s] Invoked command in '/home/manoj/ros2_ws/src/my_package' returned '0': PYTHONPATH=/home/manoj/ros2_ws/build/my_package/prefix_override:/home/manoj/ros2_ws/install/my_package/lib/python3.10/site-packages:${PYTHONPATH} /usr/bin/python3 setup.py egg_info --egg-base ../../build/my_package build --build-base /home/manoj/ros2_ws/build/my_package/build install --record /home/manoj/ros2_ws/build/my_package/install.log --single-version-externally-managed
