[0.883s] Invoking command in '/home/manoj/ros2_ws/src/my_package': PYTHONPATH=/home/manoj/ros2_ws/build/my_package/prefix_override:/home/manoj/ros2_ws/install/my_package/lib/python3.10/site-packages:${PYTHONPATH} /usr/bin/python3 setup.py egg_info --egg-base ../../build/my_package build --build-base /home/manoj/ros2_ws/build/my_package/build install --record /home/manoj/ros2_ws/build/my_package/install.log --single-version-externally-managed
[1.156s] running egg_info
[1.157s] writing ../../build/my_package/my_package.egg-info/PKG-INFO
[1.157s] writing dependency_links to ../../build/my_package/my_package.egg-info/dependency_links.txt
[1.157s] writing entry points to ../../build/my_package/my_package.egg-info/entry_points.txt
[1.157s] writing requirements to ../../build/my_package/my_package.egg-info/requires.txt
[1.157s] writing top-level names to ../../build/my_package/my_package.egg-info/top_level.txt
[1.159s] reading manifest file '../../build/my_package/my_package.egg-info/SOURCES.txt'
[1.160s] writing manifest file '../../build/my_package/my_package.egg-info/SOURCES.txt'
[1.160s] running build
[1.160s] running build_py
[1.161s] copying my_package/my_node.py -> /home/manoj/ros2_ws/build/my_package/build/lib/my_package
[1.161s] running install
[1.162s] running install_lib
[1.163s] copying /home/manoj/ros2_ws/build/my_package/build/lib/my_package/my_node.py -> /home/manoj/ros2_ws/install/my_package/lib/python3.10/site-packages/my_package
[1.164s] byte-compiling /home/manoj/ros2_ws/install/my_package/lib/python3.10/site-packages/my_package/my_node.py to my_node.cpython-310.pyc
[1.165s] running install_data
[1.165s] running install_egg_info
[1.167s] removing '/home/manoj/ros2_ws/install/my_package/lib/python3.10/site-packages/my_package-0.0.0-py3.10.egg-info' (and everything under it)
[1.167s] Copying ../../build/my_package/my_package.egg-info to /home/manoj/ros2_ws/install/my_package/lib/python3.10/site-packages/my_package-0.0.0-py3.10.egg-info
[1.168s] running install_scripts
[1.187s] Installing my_node script to /home/manoj/ros2_ws/install/my_package/lib/my_package
[1.187s] writing list of installed files to '/home/manoj/ros2_ws/build/my_package/install.log'
[1.222s] Invoked command in '/home/manoj/ros2_ws/src/my_package' returned '0': PYTHONPATH=/home/manoj/ros2_ws/build/my_package/prefix_override:/home/manoj/ros2_ws/install/my_package/lib/python3.10/site-packages:${PYTHONPATH} /usr/bin/python3 setup.py egg_info --egg-base ../../build/my_package build --build-base /home/manoj/ros2_ws/build/my_package/build install --record /home/manoj/ros2_ws/build/my_package/install.log --single-version-externally-managed
