[0.873s] Invoking command in '/home/manoj/ros2_ws/src/my_package': PYTHONPATH=/home/manoj/ros2_ws/build/my_package/prefix_override:/home/manoj/ros2_ws/install/my_package/lib/python3.10/site-packages:${PYTHONPATH} /usr/bin/python3 setup.py egg_info --egg-base ../../build/my_package build --build-base /home/manoj/ros2_ws/build/my_package/build install --record /home/manoj/ros2_ws/build/my_package/install.log --single-version-externally-managed
[1.144s] running egg_info
[1.144s] writing ../../build/my_package/my_package.egg-info/PKG-INFO
[1.144s] writing dependency_links to ../../build/my_package/my_package.egg-info/dependency_links.txt
[1.145s] writing entry points to ../../build/my_package/my_package.egg-info/entry_points.txt
[1.145s] writing requirements to ../../build/my_package/my_package.egg-info/requires.txt
[1.145s] writing top-level names to ../../build/my_package/my_package.egg-info/top_level.txt
[1.146s] reading manifest file '../../build/my_package/my_package.egg-info/SOURCES.txt'
[1.147s] writing manifest file '../../build/my_package/my_package.egg-info/SOURCES.txt'
[1.147s] running build
[1.147s] running build_py
[1.147s] copying my_package/my_node.py -> /home/manoj/ros2_ws/build/my_package/build/lib/my_package
[1.147s] running install
[1.148s] running install_lib
[1.148s] copying /home/manoj/ros2_ws/build/my_package/build/lib/my_package/my_node.py -> /home/manoj/ros2_ws/install/my_package/lib/python3.10/site-packages/my_package
[1.149s] byte-compiling /home/manoj/ros2_ws/install/my_package/lib/python3.10/site-packages/my_package/my_node.py to my_node.cpython-310.pyc
[1.149s] Sorry: IndentationError: unindent does not match any outer indentation level (my_node.py, line 15)
[1.149s] running install_data
[1.149s] running install_egg_info
[1.151s] removing '/home/manoj/ros2_ws/install/my_package/lib/python3.10/site-packages/my_package-0.0.0-py3.10.egg-info' (and everything under it)
[1.151s] Copying ../../build/my_package/my_package.egg-info to /home/manoj/ros2_ws/install/my_package/lib/python3.10/site-packages/my_package-0.0.0-py3.10.egg-info
[1.152s] running install_scripts
[1.173s] Installing my_node script to /home/manoj/ros2_ws/install/my_package/lib/my_package
[1.174s] writing list of installed files to '/home/manoj/ros2_ws/build/my_package/install.log'
[1.205s] Invoked command in '/home/manoj/ros2_ws/src/my_package' returned '0': PYTHONPATH=/home/manoj/ros2_ws/build/my_package/prefix_override:/home/manoj/ros2_ws/install/my_package/lib/python3.10/site-packages:${PYTHONPATH} /usr/bin/python3 setup.py egg_info --egg-base ../../build/my_package build --build-base /home/manoj/ros2_ws/build/my_package/build install --record /home/manoj/ros2_ws/build/my_package/install.log --single-version-externally-managed
