[0.903s] DEBUG:colcon:Command line arguments: ['/usr/bin/colcon', 'build', '--symlink-install']
[0.903s] DEBUG:colcon:Parsed command line arguments: Namespace(log_base=None, log_level=None, verb_name='build', build_base='build', install_base='install', merge_install=False, symlink_install=True, test_result_base=None, continue_on_error=False, executor='parallel', parallel_workers=8, event_handlers=None, ignore_user_meta=False, metas=['./colcon.meta'], base_paths=['.'], packages_ignore=None, packages_ignore_regex=None, paths=None, packages_up_to=None, packages_up_to_regex=None, packages_above=None, packages_above_and_dependencies=None, packages_above_depth=None, packages_select_by_dep=None, packages_skip_by_dep=None, packages_skip_up_to=None, packages_select_build_failed=False, packages_skip_build_finished=False, packages_select_test_failures=False, packages_skip_test_passed=False, packages_select=None, packages_skip=None, packages_select_regex=None, packages_skip_regex=None, packages_start=None, packages_end=None, allow_overriding=[], cmake_args=None, cmake_target=None, cmake_target_skip_unavailable=False, cmake_clean_cache=False, cmake_clean_first=False, cmake_force_configure=False, ament_cmake_args=None, catkin_cmake_args=None, catkin_skip_building_tests=False, verb_parser=<colcon_defaults.argument_parser.defaults.DefaultArgumentsDecorator object at 0x7f7175c4a5f0>, verb_extension=<colcon_core.verb.build.BuildVerb object at 0x7f7175f040a0>, main=<bound method BuildVerb.main of <colcon_core.verb.build.BuildVerb object at 0x7f7175f040a0>>)
[0.947s] Level 1:colcon.colcon_core.package_discovery:discover_packages(colcon_meta) check parameters
[0.948s] Level 1:colcon.colcon_core.package_discovery:discover_packages(recursive) check parameters
[0.948s] Level 1:colcon.colcon_core.package_discovery:discover_packages(ignore) check parameters
[0.948s] Level 1:colcon.colcon_core.package_discovery:discover_packages(path) check parameters
[0.948s] Level 1:colcon.colcon_core.package_discovery:discover_packages(colcon_meta) discover
[0.948s] Level 1:colcon.colcon_core.package_discovery:discover_packages(recursive) discover
[0.948s] INFO:colcon.colcon_core.package_discovery:Crawling recursively for packages in '/home/manoj/turtlebot3_ws'
[0.948s] Level 1:colcon.colcon_core.package_identification:_identify(.) by extensions ['ignore', 'ignore_ament_install']
[0.948s] Level 1:colcon.colcon_core.package_identification:_identify(.) by extension 'ignore'
[0.948s] Level 1:colcon.colcon_core.package_identification:_identify(.) by extension 'ignore_ament_install'
[0.948s] Level 1:colcon.colcon_core.package_identification:_identify(.) by extensions ['colcon_pkg']
[0.948s] Level 1:colcon.colcon_core.package_identification:_identify(.) by extension 'colcon_pkg'
[0.948s] Level 1:colcon.colcon_core.package_identification:_identify(.) by extensions ['colcon_meta']
[0.948s] Level 1:colcon.colcon_core.package_identification:_identify(.) by extension 'colcon_meta'
[0.948s] Level 1:colcon.colcon_core.package_identification:_identify(.) by extensions ['ros']
[0.948s] Level 1:colcon.colcon_core.package_identification:_identify(.) by extension 'ros'
[0.958s] Level 1:colcon.colcon_core.package_identification:_identify(.) by extensions ['cmake', 'python']
[0.958s] Level 1:colcon.colcon_core.package_identification:_identify(.) by extension 'cmake'
[0.958s] Level 1:colcon.colcon_core.package_identification:_identify(.) by extension 'python'
[0.958s] Level 1:colcon.colcon_core.package_identification:_identify(.) by extensions ['python_setup_py']
[0.958s] Level 1:colcon.colcon_core.package_identification:_identify(.) by extension 'python_setup_py'
[0.958s] Level 1:colcon.colcon_core.package_identification:_identify(build) by extensions ['ignore', 'ignore_ament_install']
[0.958s] Level 1:colcon.colcon_core.package_identification:_identify(build) by extension 'ignore'
[0.958s] Level 1:colcon.colcon_core.package_identification:_identify(build) ignored
[0.958s] Level 1:colcon.colcon_core.package_identification:_identify(install) by extensions ['ignore', 'ignore_ament_install']
[0.958s] Level 1:colcon.colcon_core.package_identification:_identify(install) by extension 'ignore'
[0.958s] Level 1:colcon.colcon_core.package_identification:_identify(install) ignored
[0.958s] Level 1:colcon.colcon_core.package_identification:_identify(log) by extensions ['ignore', 'ignore_ament_install']
[0.958s] Level 1:colcon.colcon_core.package_identification:_identify(log) by extension 'ignore'
[0.958s] Level 1:colcon.colcon_core.package_identification:_identify(log) ignored
[0.959s] Level 1:colcon.colcon_core.package_identification:_identify(src) by extensions ['ignore', 'ignore_ament_install']
[0.959s] Level 1:colcon.colcon_core.package_identification:_identify(src) by extension 'ignore'
[0.959s] Level 1:colcon.colcon_core.package_identification:_identify(src) by extension 'ignore_ament_install'
[0.959s] Level 1:colcon.colcon_core.package_identification:_identify(src) by extensions ['colcon_pkg']
[0.959s] Level 1:colcon.colcon_core.package_identification:_identify(src) by extension 'colcon_pkg'
[0.959s] Level 1:colcon.colcon_core.package_identification:_identify(src) by extensions ['colcon_meta']
[0.959s] Level 1:colcon.colcon_core.package_identification:_identify(src) by extension 'colcon_meta'
[0.959s] Level 1:colcon.colcon_core.package_identification:_identify(src) by extensions ['ros']
[0.959s] Level 1:colcon.colcon_core.package_identification:_identify(src) by extension 'ros'
[0.959s] Level 1:colcon.colcon_core.package_identification:_identify(src) by extensions ['cmake', 'python']
[0.959s] Level 1:colcon.colcon_core.package_identification:_identify(src) by extension 'cmake'
[0.959s] Level 1:colcon.colcon_core.package_identification:_identify(src) by extension 'python'
[0.959s] Level 1:colcon.colcon_core.package_identification:_identify(src) by extensions ['python_setup_py']
[0.959s] Level 1:colcon.colcon_core.package_identification:_identify(src) by extension 'python_setup_py'
[0.959s] Level 1:colcon.colcon_core.package_identification:_identify(turtlebot3_simulations) by extensions ['ignore', 'ignore_ament_install']
[0.959s] Level 1:colcon.colcon_core.package_identification:_identify(turtlebot3_simulations) by extension 'ignore'
[0.959s] Level 1:colcon.colcon_core.package_identification:_identify(turtlebot3_simulations) by extension 'ignore_ament_install'
[0.959s] Level 1:colcon.colcon_core.package_identification:_identify(turtlebot3_simulations) by extensions ['colcon_pkg']
[0.959s] Level 1:colcon.colcon_core.package_identification:_identify(turtlebot3_simulations) by extension 'colcon_pkg'
[0.959s] Level 1:colcon.colcon_core.package_identification:_identify(turtlebot3_simulations) by extensions ['colcon_meta']
[0.959s] Level 1:colcon.colcon_core.package_identification:_identify(turtlebot3_simulations) by extension 'colcon_meta'
[0.959s] Level 1:colcon.colcon_core.package_identification:_identify(turtlebot3_simulations) by extensions ['ros']
[0.959s] Level 1:colcon.colcon_core.package_identification:_identify(turtlebot3_simulations) by extension 'ros'
[0.959s] Level 1:colcon.colcon_core.package_identification:_identify(turtlebot3_simulations) by extensions ['cmake', 'python']
[0.960s] Level 1:colcon.colcon_core.package_identification:_identify(turtlebot3_simulations) by extension 'cmake'
[0.960s] Level 1:colcon.colcon_core.package_identification:_identify(turtlebot3_simulations) by extension 'python'
[0.960s] Level 1:colcon.colcon_core.package_identification:_identify(turtlebot3_simulations) by extensions ['python_setup_py']
[0.960s] Level 1:colcon.colcon_core.package_identification:_identify(turtlebot3_simulations) by extension 'python_setup_py'
[0.960s] Level 1:colcon.colcon_core.package_identification:_identify(turtlebot3_simulations/turtlebot3_fake_node) by extensions ['ignore', 'ignore_ament_install']
[0.960s] Level 1:colcon.colcon_core.package_identification:_identify(turtlebot3_simulations/turtlebot3_fake_node) by extension 'ignore'
[0.960s] Level 1:colcon.colcon_core.package_identification:_identify(turtlebot3_simulations/turtlebot3_fake_node) by extension 'ignore_ament_install'
[0.960s] Level 1:colcon.colcon_core.package_identification:_identify(turtlebot3_simulations/turtlebot3_fake_node) by extensions ['colcon_pkg']
[0.960s] Level 1:colcon.colcon_core.package_identification:_identify(turtlebot3_simulations/turtlebot3_fake_node) by extension 'colcon_pkg'
[0.960s] Level 1:colcon.colcon_core.package_identification:_identify(turtlebot3_simulations/turtlebot3_fake_node) by extensions ['colcon_meta']
[0.960s] Level 1:colcon.colcon_core.package_identification:_identify(turtlebot3_simulations/turtlebot3_fake_node) by extension 'colcon_meta'
[0.960s] Level 1:colcon.colcon_core.package_identification:_identify(turtlebot3_simulations/turtlebot3_fake_node) by extensions ['ros']
[0.960s] Level 1:colcon.colcon_core.package_identification:_identify(turtlebot3_simulations/turtlebot3_fake_node) by extension 'ros'
[0.963s] DEBUG:colcon.colcon_core.package_identification:Package 'turtlebot3_simulations/turtlebot3_fake_node' with type 'ros.ament_cmake' and name 'turtlebot3_fake_node'
[0.963s] Level 1:colcon.colcon_core.package_identification:_identify(turtlebot3_simulations/turtlebot3_gazebo) by extensions ['ignore', 'ignore_ament_install']
[0.963s] Level 1:colcon.colcon_core.package_identification:_identify(turtlebot3_simulations/turtlebot3_gazebo) by extension 'ignore'
[0.963s] Level 1:colcon.colcon_core.package_identification:_identify(turtlebot3_simulations/turtlebot3_gazebo) by extension 'ignore_ament_install'
[0.963s] Level 1:colcon.colcon_core.package_identification:_identify(turtlebot3_simulations/turtlebot3_gazebo) by extensions ['colcon_pkg']
[0.963s] Level 1:colcon.colcon_core.package_identification:_identify(turtlebot3_simulations/turtlebot3_gazebo) by extension 'colcon_pkg'
[0.963s] Level 1:colcon.colcon_core.package_identification:_identify(turtlebot3_simulations/turtlebot3_gazebo) by extensions ['colcon_meta']
[0.963s] Level 1:colcon.colcon_core.package_identification:_identify(turtlebot3_simulations/turtlebot3_gazebo) by extension 'colcon_meta'
[0.963s] Level 1:colcon.colcon_core.package_identification:_identify(turtlebot3_simulations/turtlebot3_gazebo) by extensions ['ros']
[0.963s] Level 1:colcon.colcon_core.package_identification:_identify(turtlebot3_simulations/turtlebot3_gazebo) by extension 'ros'
[0.964s] DEBUG:colcon.colcon_core.package_identification:Package 'turtlebot3_simulations/turtlebot3_gazebo' with type 'ros.ament_cmake' and name 'turtlebot3_gazebo'
[0.964s] Level 1:colcon.colcon_core.package_identification:_identify(turtlebot3_simulations/turtlebot3_simulations) by extensions ['ignore', 'ignore_ament_install']
[0.964s] Level 1:colcon.colcon_core.package_identification:_identify(turtlebot3_simulations/turtlebot3_simulations) by extension 'ignore'
[0.964s] Level 1:colcon.colcon_core.package_identification:_identify(turtlebot3_simulations/turtlebot3_simulations) by extension 'ignore_ament_install'
[0.964s] Level 1:colcon.colcon_core.package_identification:_identify(turtlebot3_simulations/turtlebot3_simulations) by extensions ['colcon_pkg']
[0.964s] Level 1:colcon.colcon_core.package_identification:_identify(turtlebot3_simulations/turtlebot3_simulations) by extension 'colcon_pkg'
[0.964s] Level 1:colcon.colcon_core.package_identification:_identify(turtlebot3_simulations/turtlebot3_simulations) by extensions ['colcon_meta']
[0.964s] Level 1:colcon.colcon_core.package_identification:_identify(turtlebot3_simulations/turtlebot3_simulations) by extension 'colcon_meta'
[0.964s] Level 1:colcon.colcon_core.package_identification:_identify(turtlebot3_simulations/turtlebot3_simulations) by extensions ['ros']
[0.964s] Level 1:colcon.colcon_core.package_identification:_identify(turtlebot3_simulations/turtlebot3_simulations) by extension 'ros'
[0.965s] DEBUG:colcon.colcon_core.package_identification:Package 'turtlebot3_simulations/turtlebot3_simulations' with type 'ros.ament_cmake' and name 'turtlebot3_simulations'
[0.965s] Level 1:colcon.colcon_core.package_discovery:discover_packages(recursive) using defaults
[0.965s] Level 1:colcon.colcon_core.package_discovery:discover_packages(ignore) discover
[0.965s] Level 1:colcon.colcon_core.package_discovery:discover_packages(ignore) using defaults
[0.965s] Level 1:colcon.colcon_core.package_discovery:discover_packages(path) discover
[0.965s] Level 1:colcon.colcon_core.package_discovery:discover_packages(path) using defaults
[1.049s] Level 1:colcon.colcon_core.package_discovery:discover_packages(prefix_path) check parameters
[1.049s] Level 1:colcon.colcon_core.package_discovery:discover_packages(prefix_path) discover
[1.062s] WARNING:colcon.colcon_ros.prefix_path.ament:The path '/home/manoj/turtlebot3_ws/install/turtlebot3_teleop' in the environment variable AMENT_PREFIX_PATH doesn't exist
[1.063s] WARNING:colcon.colcon_ros.prefix_path.ament:The path '/home/manoj/turtlebot3_ws/install/turtlebot3_node' in the environment variable AMENT_PREFIX_PATH doesn't exist
[1.063s] WARNING:colcon.colcon_ros.prefix_path.ament:The path '/home/manoj/turtlebot3_ws/install/turtlebot3_navigation2' in the environment variable AMENT_PREFIX_PATH doesn't exist
[1.063s] WARNING:colcon.colcon_ros.prefix_path.ament:The path '/home/manoj/turtlebot3_ws/install/turtlebot3_fake_node' in the environment variable AMENT_PREFIX_PATH doesn't exist
[1.063s] WARNING:colcon.colcon_ros.prefix_path.ament:The path '/home/manoj/turtlebot3_ws/install/turtlebot3_example' in the environment variable AMENT_PREFIX_PATH doesn't exist
[1.063s] WARNING:colcon.colcon_ros.prefix_path.ament:The path '/home/manoj/turtlebot3_ws/install/turtlebot3_msgs' in the environment variable AMENT_PREFIX_PATH doesn't exist
[1.063s] WARNING:colcon.colcon_ros.prefix_path.ament:The path '/home/manoj/turtlebot3_ws/install/turtlebot3_gazebo' in the environment variable AMENT_PREFIX_PATH doesn't exist
[1.063s] WARNING:colcon.colcon_ros.prefix_path.ament:The path '/home/manoj/turtlebot3_ws/install/turtlebot3_description' in the environment variable AMENT_PREFIX_PATH doesn't exist
[1.063s] WARNING:colcon.colcon_ros.prefix_path.ament:The path '/home/manoj/turtlebot3_ws/install/turtlebot3_cartographer' in the environment variable AMENT_PREFIX_PATH doesn't exist
[1.063s] WARNING:colcon.colcon_ros.prefix_path.ament:The path '/home/manoj/turtlebot3_ws/install/dynamixel_sdk_examples' in the environment variable AMENT_PREFIX_PATH doesn't exist
[1.063s] WARNING:colcon.colcon_ros.prefix_path.ament:The path '/home/manoj/turtlebot3_ws/install/dynamixel_sdk_custom_interfaces' in the environment variable AMENT_PREFIX_PATH doesn't exist
[1.063s] WARNING:colcon.colcon_ros.prefix_path.ament:The path '/home/manoj/turtlebot3_ws/install/dynamixel_sdk' in the environment variable AMENT_PREFIX_PATH doesn't exist
[1.063s] WARNING:colcon.colcon_ros.prefix_path.catkin:The path '/home/manoj/turtlebot3_ws/install/turtlebot3_node' in the environment variable CMAKE_PREFIX_PATH doesn't exist
[1.063s] WARNING:colcon.colcon_ros.prefix_path.catkin:The path '/home/manoj/turtlebot3_ws/install/turtlebot3_navigation2' in the environment variable CMAKE_PREFIX_PATH doesn't exist
[1.063s] WARNING:colcon.colcon_ros.prefix_path.catkin:The path '/home/manoj/turtlebot3_ws/install/turtlebot3_fake_node' in the environment variable CMAKE_PREFIX_PATH doesn't exist
[1.064s] WARNING:colcon.colcon_ros.prefix_path.catkin:The path '/home/manoj/turtlebot3_ws/install/turtlebot3_msgs' in the environment variable CMAKE_PREFIX_PATH doesn't exist
[1.064s] WARNING:colcon.colcon_ros.prefix_path.catkin:The path '/home/manoj/turtlebot3_ws/install/turtlebot3_gazebo' in the environment variable CMAKE_PREFIX_PATH doesn't exist
[1.064s] WARNING:colcon.colcon_ros.prefix_path.catkin:The path '/home/manoj/turtlebot3_ws/install/turtlebot3_description' in the environment variable CMAKE_PREFIX_PATH doesn't exist
[1.064s] WARNING:colcon.colcon_ros.prefix_path.catkin:The path '/home/manoj/turtlebot3_ws/install/turtlebot3_cartographer' in the environment variable CMAKE_PREFIX_PATH doesn't exist
[1.064s] WARNING:colcon.colcon_ros.prefix_path.catkin:The path '/home/manoj/turtlebot3_ws/install/dynamixel_sdk_examples' in the environment variable CMAKE_PREFIX_PATH doesn't exist
[1.064s] WARNING:colcon.colcon_ros.prefix_path.catkin:The path '/home/manoj/turtlebot3_ws/install/dynamixel_sdk_custom_interfaces' in the environment variable CMAKE_PREFIX_PATH doesn't exist
[1.064s] WARNING:colcon.colcon_ros.prefix_path.catkin:The path '/home/manoj/turtlebot3_ws/install/dynamixel_sdk' in the environment variable CMAKE_PREFIX_PATH doesn't exist
[1.078s] DEBUG:colcon.colcon_installed_package_information.package_discovery:Found 0 installed packages in /home/manoj/turtlebot3_ws/install
[1.092s] DEBUG:colcon.colcon_installed_package_information.package_discovery:Found 394 installed packages in /opt/ros/humble
[1.103s] Level 1:colcon.colcon_core.package_discovery:discover_packages(prefix_path) using defaults
[1.190s] Level 5:colcon.colcon_core.verb:set package 'turtlebot3_fake_node' build argument 'cmake_args' from command line to 'None'
[1.190s] Level 5:colcon.colcon_core.verb:set package 'turtlebot3_fake_node' build argument 'cmake_target' from command line to 'None'
[1.190s] Level 5:colcon.colcon_core.verb:set package 'turtlebot3_fake_node' build argument 'cmake_target_skip_unavailable' from command line to 'False'
[1.190s] Level 5:colcon.colcon_core.verb:set package 'turtlebot3_fake_node' build argument 'cmake_clean_cache' from command line to 'False'
[1.190s] Level 5:colcon.colcon_core.verb:set package 'turtlebot3_fake_node' build argument 'cmake_clean_first' from command line to 'False'
[1.190s] Level 5:colcon.colcon_core.verb:set package 'turtlebot3_fake_node' build argument 'cmake_force_configure' from command line to 'False'
[1.190s] Level 5:colcon.colcon_core.verb:set package 'turtlebot3_fake_node' build argument 'ament_cmake_args' from command line to 'None'
[1.190s] Level 5:colcon.colcon_core.verb:set package 'turtlebot3_fake_node' build argument 'catkin_cmake_args' from command line to 'None'
[1.190s] Level 5:colcon.colcon_core.verb:set package 'turtlebot3_fake_node' build argument 'catkin_skip_building_tests' from command line to 'False'
[1.190s] DEBUG:colcon.colcon_core.verb:Building package 'turtlebot3_fake_node' with the following arguments: {'ament_cmake_args': None, 'build_base': '/home/manoj/turtlebot3_ws/build/turtlebot3_fake_node', 'catkin_cmake_args': None, 'catkin_skip_building_tests': False, 'cmake_args': None, 'cmake_clean_cache': False, 'cmake_clean_first': False, 'cmake_force_configure': False, 'cmake_target': None, 'cmake_target_skip_unavailable': False, 'install_base': '/home/manoj/turtlebot3_ws/install/turtlebot3_fake_node', 'merge_install': False, 'path': '/home/manoj/turtlebot3_ws/turtlebot3_simulations/turtlebot3_fake_node', 'symlink_install': True, 'test_result_base': None}
[1.203s] Level 5:colcon.colcon_core.verb:set package 'turtlebot3_gazebo' build argument 'cmake_args' from command line to 'None'
[1.203s] Level 5:colcon.colcon_core.verb:set package 'turtlebot3_gazebo' build argument 'cmake_target' from command line to 'None'
[1.203s] Level 5:colcon.colcon_core.verb:set package 'turtlebot3_gazebo' build argument 'cmake_target_skip_unavailable' from command line to 'False'
[1.203s] Level 5:colcon.colcon_core.verb:set package 'turtlebot3_gazebo' build argument 'cmake_clean_cache' from command line to 'False'
[1.203s] Level 5:colcon.colcon_core.verb:set package 'turtlebot3_gazebo' build argument 'cmake_clean_first' from command line to 'False'
[1.203s] Level 5:colcon.colcon_core.verb:set package 'turtlebot3_gazebo' build argument 'cmake_force_configure' from command line to 'False'
[1.203s] Level 5:colcon.colcon_core.verb:set package 'turtlebot3_gazebo' build argument 'ament_cmake_args' from command line to 'None'
[1.203s] Level 5:colcon.colcon_core.verb:set package 'turtlebot3_gazebo' build argument 'catkin_cmake_args' from command line to 'None'
[1.203s] Level 5:colcon.colcon_core.verb:set package 'turtlebot3_gazebo' build argument 'catkin_skip_building_tests' from command line to 'False'
[1.203s] DEBUG:colcon.colcon_core.verb:Building package 'turtlebot3_gazebo' with the following arguments: {'ament_cmake_args': None, 'build_base': '/home/manoj/turtlebot3_ws/build/turtlebot3_gazebo', 'catkin_cmake_args': None, 'catkin_skip_building_tests': False, 'cmake_args': None, 'cmake_clean_cache': False, 'cmake_clean_first': False, 'cmake_force_configure': False, 'cmake_target': None, 'cmake_target_skip_unavailable': False, 'install_base': '/home/manoj/turtlebot3_ws/install/turtlebot3_gazebo', 'merge_install': False, 'path': '/home/manoj/turtlebot3_ws/turtlebot3_simulations/turtlebot3_gazebo', 'symlink_install': True, 'test_result_base': None}
[1.216s] Level 5:colcon.colcon_core.verb:set package 'turtlebot3_simulations' build argument 'cmake_args' from command line to 'None'
[1.216s] Level 5:colcon.colcon_core.verb:set package 'turtlebot3_simulations' build argument 'cmake_target' from command line to 'None'
[1.216s] Level 5:colcon.colcon_core.verb:set package 'turtlebot3_simulations' build argument 'cmake_target_skip_unavailable' from command line to 'False'
[1.216s] Level 5:colcon.colcon_core.verb:set package 'turtlebot3_simulations' build argument 'cmake_clean_cache' from command line to 'False'
[1.216s] Level 5:colcon.colcon_core.verb:set package 'turtlebot3_simulations' build argument 'cmake_clean_first' from command line to 'False'
[1.216s] Level 5:colcon.colcon_core.verb:set package 'turtlebot3_simulations' build argument 'cmake_force_configure' from command line to 'False'
[1.216s] Level 5:colcon.colcon_core.verb:set package 'turtlebot3_simulations' build argument 'ament_cmake_args' from command line to 'None'
[1.216s] Level 5:colcon.colcon_core.verb:set package 'turtlebot3_simulations' build argument 'catkin_cmake_args' from command line to 'None'
[1.216s] Level 5:colcon.colcon_core.verb:set package 'turtlebot3_simulations' build argument 'catkin_skip_building_tests' from command line to 'False'
[1.216s] DEBUG:colcon.colcon_core.verb:Building package 'turtlebot3_simulations' with the following arguments: {'ament_cmake_args': None, 'build_base': '/home/manoj/turtlebot3_ws/build/turtlebot3_simulations', 'catkin_cmake_args': None, 'catkin_skip_building_tests': False, 'cmake_args': None, 'cmake_clean_cache': False, 'cmake_clean_first': False, 'cmake_force_configure': False, 'cmake_target': None, 'cmake_target_skip_unavailable': False, 'install_base': '/home/manoj/turtlebot3_ws/install/turtlebot3_simulations', 'merge_install': False, 'path': '/home/manoj/turtlebot3_ws/turtlebot3_simulations/turtlebot3_simulations', 'symlink_install': True, 'test_result_base': None}
[1.229s] INFO:colcon.colcon_core.executor:Executing jobs using 'parallel' executor
[1.243s] DEBUG:colcon.colcon_parallel_executor.executor.parallel:run_until_complete
[1.243s] INFO:colcon.colcon_ros.task.ament_cmake.build:Building ROS package in '/home/manoj/turtlebot3_ws/turtlebot3_simulations/turtlebot3_fake_node' with build type 'ament_cmake'
[1.244s] INFO:colcon.colcon_cmake.task.cmake.build:Building CMake package in '/home/manoj/turtlebot3_ws/turtlebot3_simulations/turtlebot3_fake_node'
[1.259s] INFO:colcon.colcon_core.plugin_system:Skipping extension 'colcon_core.shell.bat': Not used on non-Windows systems
[1.259s] INFO:colcon.colcon_core.shell:Skip shell extension 'powershell' for command environment: Not usable outside of PowerShell
[1.259s] DEBUG:colcon.colcon_core.shell:Skip shell extension 'dsv' for command environment
[1.301s] INFO:colcon.colcon_ros.task.ament_cmake.build:Building ROS package in '/home/manoj/turtlebot3_ws/turtlebot3_simulations/turtlebot3_gazebo' with build type 'ament_cmake'
[1.301s] INFO:colcon.colcon_cmake.task.cmake.build:Building CMake package in '/home/manoj/turtlebot3_ws/turtlebot3_simulations/turtlebot3_gazebo'
[1.315s] INFO:colcon.colcon_core.shell:Skip shell extension 'powershell' for command environment: Not usable outside of PowerShell
[1.315s] DEBUG:colcon.colcon_core.shell:Skip shell extension 'dsv' for command environment
[1.363s] DEBUG:colcon.colcon_core.event_handler.log_command:Invoking command in '/home/manoj/turtlebot3_ws/build/turtlebot3_fake_node': CMAKE_PREFIX_PATH=${CMAKE_PREFIX_PATH}:/opt/ros/humble:/home/manoj/turtlebot3_ws/install/turtlebot3_teleop:/home/manoj/turtlebot3_ws/install/turtlebot3_example /usr/bin/cmake /home/manoj/turtlebot3_ws/turtlebot3_simulations/turtlebot3_fake_node -DAMENT_CMAKE_SYMLINK_INSTALL=1 -DCMAKE_INSTALL_PREFIX=/home/manoj/turtlebot3_ws/install/turtlebot3_fake_node
[1.365s] DEBUG:colcon.colcon_core.event_handler.log_command:Invoking command in '/home/manoj/turtlebot3_ws/build/turtlebot3_gazebo': CMAKE_PREFIX_PATH=${CMAKE_PREFIX_PATH}:/opt/ros/humble:/home/manoj/turtlebot3_ws/install/turtlebot3_teleop:/home/manoj/turtlebot3_ws/install/turtlebot3_example /usr/bin/cmake /home/manoj/turtlebot3_ws/turtlebot3_simulations/turtlebot3_gazebo -DAMENT_CMAKE_SYMLINK_INSTALL=1 -DCMAKE_INSTALL_PREFIX=/home/manoj/turtlebot3_ws/install/turtlebot3_gazebo
[3.002s] DEBUG:colcon.colcon_core.event_handler.log_command:Invoked command in '/home/manoj/turtlebot3_ws/build/turtlebot3_fake_node' returned '0': CMAKE_PREFIX_PATH=${CMAKE_PREFIX_PATH}:/opt/ros/humble:/home/manoj/turtlebot3_ws/install/turtlebot3_teleop:/home/manoj/turtlebot3_ws/install/turtlebot3_example /usr/bin/cmake /home/manoj/turtlebot3_ws/turtlebot3_simulations/turtlebot3_fake_node -DAMENT_CMAKE_SYMLINK_INSTALL=1 -DCMAKE_INSTALL_PREFIX=/home/manoj/turtlebot3_ws/install/turtlebot3_fake_node
[3.003s] DEBUG:colcon.colcon_core.event_handler.log_command:Invoking command in '/home/manoj/turtlebot3_ws/build/turtlebot3_fake_node': CMAKE_PREFIX_PATH=${CMAKE_PREFIX_PATH}:/opt/ros/humble:/home/manoj/turtlebot3_ws/install/turtlebot3_teleop:/home/manoj/turtlebot3_ws/install/turtlebot3_example /usr/bin/cmake --build /home/manoj/turtlebot3_ws/build/turtlebot3_fake_node -- -j8 -l8
[5.141s] DEBUG:colcon.colcon_core.event_handler.log_command:Invoked command in '/home/manoj/turtlebot3_ws/build/turtlebot3_gazebo' returned '0': CMAKE_PREFIX_PATH=${CMAKE_PREFIX_PATH}:/opt/ros/humble:/home/manoj/turtlebot3_ws/install/turtlebot3_teleop:/home/manoj/turtlebot3_ws/install/turtlebot3_example /usr/bin/cmake /home/manoj/turtlebot3_ws/turtlebot3_simulations/turtlebot3_gazebo -DAMENT_CMAKE_SYMLINK_INSTALL=1 -DCMAKE_INSTALL_PREFIX=/home/manoj/turtlebot3_ws/install/turtlebot3_gazebo
[5.143s] DEBUG:colcon.colcon_core.event_handler.log_command:Invoking command in '/home/manoj/turtlebot3_ws/build/turtlebot3_gazebo': CMAKE_PREFIX_PATH=${CMAKE_PREFIX_PATH}:/opt/ros/humble:/home/manoj/turtlebot3_ws/install/turtlebot3_teleop:/home/manoj/turtlebot3_ws/install/turtlebot3_example /usr/bin/cmake --build /home/manoj/turtlebot3_ws/build/turtlebot3_gazebo -- -j8 -l8
[20.901s] DEBUG:colcon.colcon_core.event_handler.log_command:Invoked command in '/home/manoj/turtlebot3_ws/build/turtlebot3_fake_node' returned '0': CMAKE_PREFIX_PATH=${CMAKE_PREFIX_PATH}:/opt/ros/humble:/home/manoj/turtlebot3_ws/install/turtlebot3_teleop:/home/manoj/turtlebot3_ws/install/turtlebot3_example /usr/bin/cmake --build /home/manoj/turtlebot3_ws/build/turtlebot3_fake_node -- -j8 -l8
[20.936s] DEBUG:colcon.colcon_core.event_handler.log_command:Invoking command in '/home/manoj/turtlebot3_ws/build/turtlebot3_fake_node': CMAKE_PREFIX_PATH=${CMAKE_PREFIX_PATH}:/opt/ros/humble:/home/manoj/turtlebot3_ws/install/turtlebot3_teleop:/home/manoj/turtlebot3_ws/install/turtlebot3_example /usr/bin/cmake --install /home/manoj/turtlebot3_ws/build/turtlebot3_fake_node
[21.214s] Level 1:colcon.colcon_core.environment:create_environment_scripts_only(turtlebot3_fake_node)
[21.214s] DEBUG:colcon.colcon_core.event_handler.log_command:Invoked command in '/home/manoj/turtlebot3_ws/build/turtlebot3_fake_node' returned '0': CMAKE_PREFIX_PATH=${CMAKE_PREFIX_PATH}:/opt/ros/humble:/home/manoj/turtlebot3_ws/install/turtlebot3_teleop:/home/manoj/turtlebot3_ws/install/turtlebot3_example /usr/bin/cmake --install /home/manoj/turtlebot3_ws/build/turtlebot3_fake_node
[25.257s] Level 1:colcon.colcon_core.environment:checking '/home/manoj/turtlebot3_ws/install/turtlebot3_fake_node' for CMake module files
[25.258s] Level 1:colcon.colcon_core.environment:checking '/home/manoj/turtlebot3_ws/install/turtlebot3_fake_node' for CMake config files
[25.259s] Level 1:colcon.colcon_core.shell:create_environment_hook('turtlebot3_fake_node', 'cmake_prefix_path')
[25.280s] INFO:colcon.colcon_core.shell:Creating environment hook '/home/manoj/turtlebot3_ws/install/turtlebot3_fake_node/share/turtlebot3_fake_node/hook/cmake_prefix_path.ps1'
[25.282s] INFO:colcon.colcon_core.shell:Creating environment descriptor '/home/manoj/turtlebot3_ws/install/turtlebot3_fake_node/share/turtlebot3_fake_node/hook/cmake_prefix_path.dsv'
[25.283s] INFO:colcon.colcon_core.shell:Creating environment hook '/home/manoj/turtlebot3_ws/install/turtlebot3_fake_node/share/turtlebot3_fake_node/hook/cmake_prefix_path.sh'
[25.284s] Level 1:colcon.colcon_core.environment:checking '/home/manoj/turtlebot3_ws/install/turtlebot3_fake_node/lib'
[25.285s] Level 1:colcon.colcon_core.environment:checking '/home/manoj/turtlebot3_ws/install/turtlebot3_fake_node/bin'
[25.285s] Level 1:colcon.colcon_core.environment:checking '/home/manoj/turtlebot3_ws/install/turtlebot3_fake_node/lib/pkgconfig/turtlebot3_fake_node.pc'
[25.285s] Level 1:colcon.colcon_core.environment:checking '/home/manoj/turtlebot3_ws/install/turtlebot3_fake_node/lib/python3.10/site-packages'
[25.285s] Level 1:colcon.colcon_core.environment:checking '/home/manoj/turtlebot3_ws/install/turtlebot3_fake_node/bin'
[25.304s] INFO:colcon.colcon_core.shell:Creating package script '/home/manoj/turtlebot3_ws/install/turtlebot3_fake_node/share/turtlebot3_fake_node/package.ps1'
[25.315s] INFO:colcon.colcon_core.shell:Creating package descriptor '/home/manoj/turtlebot3_ws/install/turtlebot3_fake_node/share/turtlebot3_fake_node/package.dsv'
[25.316s] INFO:colcon.colcon_core.shell:Creating package script '/home/manoj/turtlebot3_ws/install/turtlebot3_fake_node/share/turtlebot3_fake_node/package.sh'
[25.318s] INFO:colcon.colcon_core.shell:Creating package script '/home/manoj/turtlebot3_ws/install/turtlebot3_fake_node/share/turtlebot3_fake_node/package.bash'
[25.322s] INFO:colcon.colcon_core.shell:Creating package script '/home/manoj/turtlebot3_ws/install/turtlebot3_fake_node/share/turtlebot3_fake_node/package.zsh'
[25.323s] Level 1:colcon.colcon_core.environment:create_file_with_runtime_dependencies(/home/manoj/turtlebot3_ws/install/turtlebot3_fake_node/share/colcon-core/packages/turtlebot3_fake_node)
[25.372s] Level 1:colcon.colcon_core.environment:create_environment_scripts_only(turtlebot3_fake_node)
[25.396s] Level 1:colcon.colcon_core.environment:checking '/home/manoj/turtlebot3_ws/install/turtlebot3_fake_node' for CMake module files
[25.397s] Level 1:colcon.colcon_core.environment:checking '/home/manoj/turtlebot3_ws/install/turtlebot3_fake_node' for CMake config files
[25.398s] Level 1:colcon.colcon_core.shell:create_environment_hook('turtlebot3_fake_node', 'cmake_prefix_path')
[25.422s] INFO:colcon.colcon_core.shell:Creating environment hook '/home/manoj/turtlebot3_ws/install/turtlebot3_fake_node/share/turtlebot3_fake_node/hook/cmake_prefix_path.ps1'
[25.423s] INFO:colcon.colcon_core.shell:Creating environment descriptor '/home/manoj/turtlebot3_ws/install/turtlebot3_fake_node/share/turtlebot3_fake_node/hook/cmake_prefix_path.dsv'
[25.424s] INFO:colcon.colcon_core.shell:Creating environment hook '/home/manoj/turtlebot3_ws/install/turtlebot3_fake_node/share/turtlebot3_fake_node/hook/cmake_prefix_path.sh'
[25.425s] Level 1:colcon.colcon_core.environment:checking '/home/manoj/turtlebot3_ws/install/turtlebot3_fake_node/lib'
[25.425s] Level 1:colcon.colcon_core.environment:checking '/home/manoj/turtlebot3_ws/install/turtlebot3_fake_node/bin'
[25.425s] Level 1:colcon.colcon_core.environment:checking '/home/manoj/turtlebot3_ws/install/turtlebot3_fake_node/lib/pkgconfig/turtlebot3_fake_node.pc'
[25.425s] Level 1:colcon.colcon_core.environment:checking '/home/manoj/turtlebot3_ws/install/turtlebot3_fake_node/lib/python3.10/site-packages'
[25.425s] Level 1:colcon.colcon_core.environment:checking '/home/manoj/turtlebot3_ws/install/turtlebot3_fake_node/bin'
[25.448s] INFO:colcon.colcon_core.shell:Creating package script '/home/manoj/turtlebot3_ws/install/turtlebot3_fake_node/share/turtlebot3_fake_node/package.ps1'
[25.449s] INFO:colcon.colcon_core.shell:Creating package descriptor '/home/manoj/turtlebot3_ws/install/turtlebot3_fake_node/share/turtlebot3_fake_node/package.dsv'
[25.450s] INFO:colcon.colcon_core.shell:Creating package script '/home/manoj/turtlebot3_ws/install/turtlebot3_fake_node/share/turtlebot3_fake_node/package.sh'
[25.450s] INFO:colcon.colcon_core.shell:Creating package script '/home/manoj/turtlebot3_ws/install/turtlebot3_fake_node/share/turtlebot3_fake_node/package.bash'
[25.451s] INFO:colcon.colcon_core.shell:Creating package script '/home/manoj/turtlebot3_ws/install/turtlebot3_fake_node/share/turtlebot3_fake_node/package.zsh'
[25.477s] Level 1:colcon.colcon_core.environment:create_file_with_runtime_dependencies(/home/manoj/turtlebot3_ws/install/turtlebot3_fake_node/share/colcon-core/packages/turtlebot3_fake_node)
[36.963s] DEBUG:colcon.colcon_core.event_handler.log_command:Invoked command in '/home/manoj/turtlebot3_ws/build/turtlebot3_gazebo' returned '0': CMAKE_PREFIX_PATH=${CMAKE_PREFIX_PATH}:/opt/ros/humble:/home/manoj/turtlebot3_ws/install/turtlebot3_teleop:/home/manoj/turtlebot3_ws/install/turtlebot3_example /usr/bin/cmake --build /home/manoj/turtlebot3_ws/build/turtlebot3_gazebo -- -j8 -l8
[37.039s] DEBUG:colcon.colcon_core.event_handler.log_command:Invoking command in '/home/manoj/turtlebot3_ws/build/turtlebot3_gazebo': CMAKE_PREFIX_PATH=${CMAKE_PREFIX_PATH}:/opt/ros/humble:/home/manoj/turtlebot3_ws/install/turtlebot3_teleop:/home/manoj/turtlebot3_ws/install/turtlebot3_example /usr/bin/cmake --install /home/manoj/turtlebot3_ws/build/turtlebot3_gazebo
[37.798s] Level 1:colcon.colcon_core.environment:create_environment_scripts_only(turtlebot3_gazebo)
[37.798s] DEBUG:colcon.colcon_core.event_handler.log_command:Invoked command in '/home/manoj/turtlebot3_ws/build/turtlebot3_gazebo' returned '0': CMAKE_PREFIX_PATH=${CMAKE_PREFIX_PATH}:/opt/ros/humble:/home/manoj/turtlebot3_ws/install/turtlebot3_teleop:/home/manoj/turtlebot3_ws/install/turtlebot3_example /usr/bin/cmake --install /home/manoj/turtlebot3_ws/build/turtlebot3_gazebo
[37.814s] Level 1:colcon.colcon_core.environment:checking '/home/manoj/turtlebot3_ws/install/turtlebot3_gazebo' for CMake module files
[37.814s] Level 1:colcon.colcon_core.environment:checking '/home/manoj/turtlebot3_ws/install/turtlebot3_gazebo' for CMake config files
[37.815s] Level 1:colcon.colcon_core.shell:create_environment_hook('turtlebot3_gazebo', 'cmake_prefix_path')
[37.828s] INFO:colcon.colcon_core.shell:Creating environment hook '/home/manoj/turtlebot3_ws/install/turtlebot3_gazebo/share/turtlebot3_gazebo/hook/cmake_prefix_path.ps1'
[37.828s] INFO:colcon.colcon_core.shell:Creating environment descriptor '/home/manoj/turtlebot3_ws/install/turtlebot3_gazebo/share/turtlebot3_gazebo/hook/cmake_prefix_path.dsv'
[37.829s] INFO:colcon.colcon_core.shell:Creating environment hook '/home/manoj/turtlebot3_ws/install/turtlebot3_gazebo/share/turtlebot3_gazebo/hook/cmake_prefix_path.sh'
[37.829s] Level 1:colcon.colcon_core.environment:checking '/home/manoj/turtlebot3_ws/install/turtlebot3_gazebo/lib'
[37.829s] Level 1:colcon.colcon_core.environment:checking '/home/manoj/turtlebot3_ws/install/turtlebot3_gazebo/bin'
[37.829s] Level 1:colcon.colcon_core.environment:checking '/home/manoj/turtlebot3_ws/install/turtlebot3_gazebo/lib/pkgconfig/turtlebot3_gazebo.pc'
[37.829s] Level 1:colcon.colcon_core.environment:checking '/home/manoj/turtlebot3_ws/install/turtlebot3_gazebo/lib/python3.10/site-packages'
[37.829s] Level 1:colcon.colcon_core.environment:checking '/home/manoj/turtlebot3_ws/install/turtlebot3_gazebo/bin'
[37.842s] INFO:colcon.colcon_core.shell:Creating package script '/home/manoj/turtlebot3_ws/install/turtlebot3_gazebo/share/turtlebot3_gazebo/package.ps1'
[37.843s] INFO:colcon.colcon_core.shell:Creating package descriptor '/home/manoj/turtlebot3_ws/install/turtlebot3_gazebo/share/turtlebot3_gazebo/package.dsv'
[37.843s] INFO:colcon.colcon_core.shell:Creating package script '/home/manoj/turtlebot3_ws/install/turtlebot3_gazebo/share/turtlebot3_gazebo/package.sh'
[37.843s] INFO:colcon.colcon_core.shell:Creating package script '/home/manoj/turtlebot3_ws/install/turtlebot3_gazebo/share/turtlebot3_gazebo/package.bash'
[37.843s] INFO:colcon.colcon_core.shell:Creating package script '/home/manoj/turtlebot3_ws/install/turtlebot3_gazebo/share/turtlebot3_gazebo/package.zsh'
[37.844s] Level 1:colcon.colcon_core.environment:create_file_with_runtime_dependencies(/home/manoj/turtlebot3_ws/install/turtlebot3_gazebo/share/colcon-core/packages/turtlebot3_gazebo)
[37.891s] Level 1:colcon.colcon_core.environment:create_environment_scripts_only(turtlebot3_gazebo)
[37.904s] Level 1:colcon.colcon_core.environment:checking '/home/manoj/turtlebot3_ws/install/turtlebot3_gazebo' for CMake module files
[37.904s] Level 1:colcon.colcon_core.environment:checking '/home/manoj/turtlebot3_ws/install/turtlebot3_gazebo' for CMake config files
[37.905s] Level 1:colcon.colcon_core.shell:create_environment_hook('turtlebot3_gazebo', 'cmake_prefix_path')
[37.918s] INFO:colcon.colcon_core.shell:Creating environment hook '/home/manoj/turtlebot3_ws/install/turtlebot3_gazebo/share/turtlebot3_gazebo/hook/cmake_prefix_path.ps1'
[37.918s] INFO:colcon.colcon_core.shell:Creating environment descriptor '/home/manoj/turtlebot3_ws/install/turtlebot3_gazebo/share/turtlebot3_gazebo/hook/cmake_prefix_path.dsv'
[37.918s] INFO:colcon.colcon_core.shell:Creating environment hook '/home/manoj/turtlebot3_ws/install/turtlebot3_gazebo/share/turtlebot3_gazebo/hook/cmake_prefix_path.sh'
[37.919s] Level 1:colcon.colcon_core.environment:checking '/home/manoj/turtlebot3_ws/install/turtlebot3_gazebo/lib'
[37.919s] Level 1:colcon.colcon_core.environment:checking '/home/manoj/turtlebot3_ws/install/turtlebot3_gazebo/bin'
[37.919s] Level 1:colcon.colcon_core.environment:checking '/home/manoj/turtlebot3_ws/install/turtlebot3_gazebo/lib/pkgconfig/turtlebot3_gazebo.pc'
[37.919s] Level 1:colcon.colcon_core.environment:checking '/home/manoj/turtlebot3_ws/install/turtlebot3_gazebo/lib/python3.10/site-packages'
[37.919s] Level 1:colcon.colcon_core.environment:checking '/home/manoj/turtlebot3_ws/install/turtlebot3_gazebo/bin'
[37.933s] INFO:colcon.colcon_core.shell:Creating package script '/home/manoj/turtlebot3_ws/install/turtlebot3_gazebo/share/turtlebot3_gazebo/package.ps1'
[37.934s] INFO:colcon.colcon_core.shell:Creating package descriptor '/home/manoj/turtlebot3_ws/install/turtlebot3_gazebo/share/turtlebot3_gazebo/package.dsv'
[37.934s] INFO:colcon.colcon_core.shell:Creating package script '/home/manoj/turtlebot3_ws/install/turtlebot3_gazebo/share/turtlebot3_gazebo/package.sh'
[37.934s] INFO:colcon.colcon_core.shell:Creating package script '/home/manoj/turtlebot3_ws/install/turtlebot3_gazebo/share/turtlebot3_gazebo/package.bash'
[37.935s] INFO:colcon.colcon_core.shell:Creating package script '/home/manoj/turtlebot3_ws/install/turtlebot3_gazebo/share/turtlebot3_gazebo/package.zsh'
[37.935s] Level 1:colcon.colcon_core.environment:create_file_with_runtime_dependencies(/home/manoj/turtlebot3_ws/install/turtlebot3_gazebo/share/colcon-core/packages/turtlebot3_gazebo)
[37.935s] INFO:colcon.colcon_ros.task.ament_cmake.build:Building ROS package in '/home/manoj/turtlebot3_ws/turtlebot3_simulations/turtlebot3_simulations' with build type 'ament_cmake'
[37.935s] INFO:colcon.colcon_cmake.task.cmake.build:Building CMake package in '/home/manoj/turtlebot3_ws/turtlebot3_simulations/turtlebot3_simulations'
[37.950s] INFO:colcon.colcon_core.shell:Skip shell extension 'powershell' for command environment: Not usable outside of PowerShell
[37.950s] DEBUG:colcon.colcon_core.shell:Skip shell extension 'dsv' for command environment
[38.285s] DEBUG:colcon.colcon_core.event_handler.log_command:Invoking command in '/home/manoj/turtlebot3_ws/build/turtlebot3_simulations': CMAKE_PREFIX_PATH=/home/manoj/turtlebot3_ws/install/turtlebot3_gazebo:/home/manoj/turtlebot3_ws/install/turtlebot3_fake_node:/home/manoj/turtlebot3_ws/install/turtlebot3_node:/home/manoj/turtlebot3_ws/install/turtlebot3_navigation2:/home/manoj/turtlebot3_ws/install/turtlebot3_msgs:/home/manoj/turtlebot3_ws/install/turtlebot3_description:/home/manoj/turtlebot3_ws/install/turtlebot3_cartographer:/home/manoj/turtlebot3_ws/install/dynamixel_sdk_examples:/home/manoj/turtlebot3_ws/install/dynamixel_sdk_custom_interfaces:/home/manoj/turtlebot3_ws/install/dynamixel_sdk:/opt/ros/humble:/home/manoj/turtlebot3_ws/install/turtlebot3_teleop:/home/manoj/turtlebot3_ws/install/turtlebot3_example /usr/bin/cmake /home/manoj/turtlebot3_ws/turtlebot3_simulations/turtlebot3_simulations -DAMENT_CMAKE_SYMLINK_INSTALL=1 -DCMAKE_INSTALL_PREFIX=/home/manoj/turtlebot3_ws/install/turtlebot3_simulations
[42.076s] DEBUG:colcon.colcon_core.event_handler.log_command:Invoked command in '/home/manoj/turtlebot3_ws/build/turtlebot3_simulations' returned '0': CMAKE_PREFIX_PATH=/home/manoj/turtlebot3_ws/install/turtlebot3_gazebo:/home/manoj/turtlebot3_ws/install/turtlebot3_fake_node:/home/manoj/turtlebot3_ws/install/turtlebot3_node:/home/manoj/turtlebot3_ws/install/turtlebot3_navigation2:/home/manoj/turtlebot3_ws/install/turtlebot3_msgs:/home/manoj/turtlebot3_ws/install/turtlebot3_description:/home/manoj/turtlebot3_ws/install/turtlebot3_cartographer:/home/manoj/turtlebot3_ws/install/dynamixel_sdk_examples:/home/manoj/turtlebot3_ws/install/dynamixel_sdk_custom_interfaces:/home/manoj/turtlebot3_ws/install/dynamixel_sdk:/opt/ros/humble:/home/manoj/turtlebot3_ws/install/turtlebot3_teleop:/home/manoj/turtlebot3_ws/install/turtlebot3_example /usr/bin/cmake /home/manoj/turtlebot3_ws/turtlebot3_simulations/turtlebot3_simulations -DAMENT_CMAKE_SYMLINK_INSTALL=1 -DCMAKE_INSTALL_PREFIX=/home/manoj/turtlebot3_ws/install/turtlebot3_simulations
[42.077s] DEBUG:colcon.colcon_core.event_handler.log_command:Invoking command in '/home/manoj/turtlebot3_ws/build/turtlebot3_simulations': CMAKE_PREFIX_PATH=/home/manoj/turtlebot3_ws/install/turtlebot3_gazebo:/home/manoj/turtlebot3_ws/install/turtlebot3_fake_node:/home/manoj/turtlebot3_ws/install/turtlebot3_node:/home/manoj/turtlebot3_ws/install/turtlebot3_navigation2:/home/manoj/turtlebot3_ws/install/turtlebot3_msgs:/home/manoj/turtlebot3_ws/install/turtlebot3_description:/home/manoj/turtlebot3_ws/install/turtlebot3_cartographer:/home/manoj/turtlebot3_ws/install/dynamixel_sdk_examples:/home/manoj/turtlebot3_ws/install/dynamixel_sdk_custom_interfaces:/home/manoj/turtlebot3_ws/install/dynamixel_sdk:/opt/ros/humble:/home/manoj/turtlebot3_ws/install/turtlebot3_teleop:/home/manoj/turtlebot3_ws/install/turtlebot3_example /usr/bin/cmake --build /home/manoj/turtlebot3_ws/build/turtlebot3_simulations -- -j8 -l8
[42.128s] DEBUG:colcon.colcon_core.event_handler.log_command:Invoked command in '/home/manoj/turtlebot3_ws/build/turtlebot3_simulations' returned '0': CMAKE_PREFIX_PATH=/home/manoj/turtlebot3_ws/install/turtlebot3_gazebo:/home/manoj/turtlebot3_ws/install/turtlebot3_fake_node:/home/manoj/turtlebot3_ws/install/turtlebot3_node:/home/manoj/turtlebot3_ws/install/turtlebot3_navigation2:/home/manoj/turtlebot3_ws/install/turtlebot3_msgs:/home/manoj/turtlebot3_ws/install/turtlebot3_description:/home/manoj/turtlebot3_ws/install/turtlebot3_cartographer:/home/manoj/turtlebot3_ws/install/dynamixel_sdk_examples:/home/manoj/turtlebot3_ws/install/dynamixel_sdk_custom_interfaces:/home/manoj/turtlebot3_ws/install/dynamixel_sdk:/opt/ros/humble:/home/manoj/turtlebot3_ws/install/turtlebot3_teleop:/home/manoj/turtlebot3_ws/install/turtlebot3_example /usr/bin/cmake --build /home/manoj/turtlebot3_ws/build/turtlebot3_simulations -- -j8 -l8
[42.163s] DEBUG:colcon.colcon_core.event_handler.log_command:Invoking command in '/home/manoj/turtlebot3_ws/build/turtlebot3_simulations': CMAKE_PREFIX_PATH=/home/manoj/turtlebot3_ws/install/turtlebot3_gazebo:/home/manoj/turtlebot3_ws/install/turtlebot3_fake_node:/home/manoj/turtlebot3_ws/install/turtlebot3_node:/home/manoj/turtlebot3_ws/install/turtlebot3_navigation2:/home/manoj/turtlebot3_ws/install/turtlebot3_msgs:/home/manoj/turtlebot3_ws/install/turtlebot3_description:/home/manoj/turtlebot3_ws/install/turtlebot3_cartographer:/home/manoj/turtlebot3_ws/install/dynamixel_sdk_examples:/home/manoj/turtlebot3_ws/install/dynamixel_sdk_custom_interfaces:/home/manoj/turtlebot3_ws/install/dynamixel_sdk:/opt/ros/humble:/home/manoj/turtlebot3_ws/install/turtlebot3_teleop:/home/manoj/turtlebot3_ws/install/turtlebot3_example /usr/bin/cmake --install /home/manoj/turtlebot3_ws/build/turtlebot3_simulations
[42.304s] Level 1:colcon.colcon_core.environment:create_environment_scripts_only(turtlebot3_simulations)
[42.305s] DEBUG:colcon.colcon_core.event_handler.log_command:Invoked command in '/home/manoj/turtlebot3_ws/build/turtlebot3_simulations' returned '0': CMAKE_PREFIX_PATH=/home/manoj/turtlebot3_ws/install/turtlebot3_gazebo:/home/manoj/turtlebot3_ws/install/turtlebot3_fake_node:/home/manoj/turtlebot3_ws/install/turtlebot3_node:/home/manoj/turtlebot3_ws/install/turtlebot3_navigation2:/home/manoj/turtlebot3_ws/install/turtlebot3_msgs:/home/manoj/turtlebot3_ws/install/turtlebot3_description:/home/manoj/turtlebot3_ws/install/turtlebot3_cartographer:/home/manoj/turtlebot3_ws/install/dynamixel_sdk_examples:/home/manoj/turtlebot3_ws/install/dynamixel_sdk_custom_interfaces:/home/manoj/turtlebot3_ws/install/dynamixel_sdk:/opt/ros/humble:/home/manoj/turtlebot3_ws/install/turtlebot3_teleop:/home/manoj/turtlebot3_ws/install/turtlebot3_example /usr/bin/cmake --install /home/manoj/turtlebot3_ws/build/turtlebot3_simulations
[42.318s] Level 1:colcon.colcon_core.environment:checking '/home/manoj/turtlebot3_ws/install/turtlebot3_simulations' for CMake module files
[42.318s] Level 1:colcon.colcon_core.environment:checking '/home/manoj/turtlebot3_ws/install/turtlebot3_simulations' for CMake config files
[42.318s] Level 1:colcon.colcon_core.shell:create_environment_hook('turtlebot3_simulations', 'cmake_prefix_path')
[42.332s] INFO:colcon.colcon_core.shell:Creating environment hook '/home/manoj/turtlebot3_ws/install/turtlebot3_simulations/share/turtlebot3_simulations/hook/cmake_prefix_path.ps1'
[42.332s] INFO:colcon.colcon_core.shell:Creating environment descriptor '/home/manoj/turtlebot3_ws/install/turtlebot3_simulations/share/turtlebot3_simulations/hook/cmake_prefix_path.dsv'
[42.333s] INFO:colcon.colcon_core.shell:Creating environment hook '/home/manoj/turtlebot3_ws/install/turtlebot3_simulations/share/turtlebot3_simulations/hook/cmake_prefix_path.sh'
[42.333s] Level 1:colcon.colcon_core.environment:checking '/home/manoj/turtlebot3_ws/install/turtlebot3_simulations/bin'
[42.333s] Level 1:colcon.colcon_core.environment:checking '/home/manoj/turtlebot3_ws/install/turtlebot3_simulations/lib/pkgconfig/turtlebot3_simulations.pc'
[42.333s] Level 1:colcon.colcon_core.environment:checking '/home/manoj/turtlebot3_ws/install/turtlebot3_simulations/lib/python3.10/site-packages'
[42.333s] Level 1:colcon.colcon_core.environment:checking '/home/manoj/turtlebot3_ws/install/turtlebot3_simulations/bin'
[42.347s] INFO:colcon.colcon_core.shell:Creating package script '/home/manoj/turtlebot3_ws/install/turtlebot3_simulations/share/turtlebot3_simulations/package.ps1'
[42.348s] INFO:colcon.colcon_core.shell:Creating package descriptor '/home/manoj/turtlebot3_ws/install/turtlebot3_simulations/share/turtlebot3_simulations/package.dsv'
[42.348s] INFO:colcon.colcon_core.shell:Creating package script '/home/manoj/turtlebot3_ws/install/turtlebot3_simulations/share/turtlebot3_simulations/package.sh'
[42.348s] INFO:colcon.colcon_core.shell:Creating package script '/home/manoj/turtlebot3_ws/install/turtlebot3_simulations/share/turtlebot3_simulations/package.bash'
[42.348s] INFO:colcon.colcon_core.shell:Creating package script '/home/manoj/turtlebot3_ws/install/turtlebot3_simulations/share/turtlebot3_simulations/package.zsh'
[42.349s] Level 1:colcon.colcon_core.environment:create_file_with_runtime_dependencies(/home/manoj/turtlebot3_ws/install/turtlebot3_simulations/share/colcon-core/packages/turtlebot3_simulations)
[42.380s] Level 1:colcon.colcon_core.environment:create_environment_scripts_only(turtlebot3_simulations)
[42.394s] Level 1:colcon.colcon_core.environment:checking '/home/manoj/turtlebot3_ws/install/turtlebot3_simulations' for CMake module files
[42.394s] Level 1:colcon.colcon_core.environment:checking '/home/manoj/turtlebot3_ws/install/turtlebot3_simulations' for CMake config files
[42.394s] Level 1:colcon.colcon_core.shell:create_environment_hook('turtlebot3_simulations', 'cmake_prefix_path')
[42.407s] INFO:colcon.colcon_core.shell:Creating environment hook '/home/manoj/turtlebot3_ws/install/turtlebot3_simulations/share/turtlebot3_simulations/hook/cmake_prefix_path.ps1'
[42.408s] INFO:colcon.colcon_core.shell:Creating environment descriptor '/home/manoj/turtlebot3_ws/install/turtlebot3_simulations/share/turtlebot3_simulations/hook/cmake_prefix_path.dsv'
[42.408s] INFO:colcon.colcon_core.shell:Creating environment hook '/home/manoj/turtlebot3_ws/install/turtlebot3_simulations/share/turtlebot3_simulations/hook/cmake_prefix_path.sh'
[42.408s] Level 1:colcon.colcon_core.environment:checking '/home/manoj/turtlebot3_ws/install/turtlebot3_simulations/bin'
[42.408s] Level 1:colcon.colcon_core.environment:checking '/home/manoj/turtlebot3_ws/install/turtlebot3_simulations/lib/pkgconfig/turtlebot3_simulations.pc'
[42.409s] Level 1:colcon.colcon_core.environment:checking '/home/manoj/turtlebot3_ws/install/turtlebot3_simulations/lib/python3.10/site-packages'
[42.409s] Level 1:colcon.colcon_core.environment:checking '/home/manoj/turtlebot3_ws/install/turtlebot3_simulations/bin'
[42.421s] INFO:colcon.colcon_core.shell:Creating package script '/home/manoj/turtlebot3_ws/install/turtlebot3_simulations/share/turtlebot3_simulations/package.ps1'
[42.422s] INFO:colcon.colcon_core.shell:Creating package descriptor '/home/manoj/turtlebot3_ws/install/turtlebot3_simulations/share/turtlebot3_simulations/package.dsv'
[42.422s] INFO:colcon.colcon_core.shell:Creating package script '/home/manoj/turtlebot3_ws/install/turtlebot3_simulations/share/turtlebot3_simulations/package.sh'
[42.423s] INFO:colcon.colcon_core.shell:Creating package script '/home/manoj/turtlebot3_ws/install/turtlebot3_simulations/share/turtlebot3_simulations/package.bash'
[42.423s] INFO:colcon.colcon_core.shell:Creating package script '/home/manoj/turtlebot3_ws/install/turtlebot3_simulations/share/turtlebot3_simulations/package.zsh'
[42.423s] Level 1:colcon.colcon_core.environment:create_file_with_runtime_dependencies(/home/manoj/turtlebot3_ws/install/turtlebot3_simulations/share/colcon-core/packages/turtlebot3_simulations)
[42.423s] DEBUG:colcon.colcon_parallel_executor.executor.parallel:closing loop
[42.424s] DEBUG:colcon.colcon_parallel_executor.executor.parallel:loop closed
[42.424s] DEBUG:colcon.colcon_parallel_executor.executor.parallel:run_until_complete finished with '0'
[42.424s] DEBUG:colcon.colcon_core.event_reactor:joining thread
[42.646s] INFO:colcon.colcon_core.plugin_system:Skipping extension 'colcon_notification.desktop_notification.terminal_notifier': Not used on non-Darwin systems
[42.646s] INFO:colcon.colcon_core.plugin_system:Skipping extension 'colcon_notification.desktop_notification.win32': Not used on non-Windows systems
[42.646s] INFO:colcon.colcon_notification.desktop_notification:Sending desktop notification using 'notify2'
[42.685s] DEBUG:colcon.colcon_core.event_reactor:joined thread
[42.709s] INFO:colcon.colcon_core.shell:Creating prefix script '/home/manoj/turtlebot3_ws/install/local_setup.ps1'
[42.762s] INFO:colcon.colcon_core.shell:Creating prefix util module '/home/manoj/turtlebot3_ws/install/_local_setup_util_ps1.py'
[42.802s] INFO:colcon.colcon_core.shell:Creating prefix chain script '/home/manoj/turtlebot3_ws/install/setup.ps1'
[42.831s] INFO:colcon.colcon_core.shell:Creating prefix script '/home/manoj/turtlebot3_ws/install/local_setup.sh'
[42.844s] INFO:colcon.colcon_core.shell:Creating prefix util module '/home/manoj/turtlebot3_ws/install/_local_setup_util_sh.py'
[42.845s] INFO:colcon.colcon_core.shell:Creating prefix chain script '/home/manoj/turtlebot3_ws/install/setup.sh'
[42.864s] INFO:colcon.colcon_core.shell:Creating prefix script '/home/manoj/turtlebot3_ws/install/local_setup.bash'
[42.864s] INFO:colcon.colcon_core.shell:Creating prefix chain script '/home/manoj/turtlebot3_ws/install/setup.bash'
[42.890s] INFO:colcon.colcon_core.shell:Creating prefix script '/home/manoj/turtlebot3_ws/install/local_setup.zsh'
[42.926s] INFO:colcon.colcon_core.shell:Creating prefix chain script '/home/manoj/turtlebot3_ws/install/setup.zsh'
