[9.610s] DEBUG:colcon:Command line arguments: ['/usr/bin/colcon', 'build', '--packages-select', 'my_package']
[9.611s] DEBUG:colcon:Parsed command line arguments: Namespace(log_base=None, log_level=None, verb_name='build', build_base='build', install_base='install', merge_install=False, symlink_install=False, test_result_base=None, continue_on_error=False, executor='parallel', parallel_workers=8, event_handlers=None, ignore_user_meta=False, metas=['./colcon.meta'], base_paths=['.'], packages_ignore=None, packages_ignore_regex=None, paths=None, packages_up_to=None, packages_up_to_regex=None, packages_above=None, packages_above_and_dependencies=None, packages_above_depth=None, packages_select_by_dep=None, packages_skip_by_dep=None, packages_skip_up_to=None, packages_select_build_failed=False, packages_skip_build_finished=False, packages_select_test_failures=False, packages_skip_test_passed=False, packages_select=['my_package'], packages_skip=None, packages_select_regex=None, packages_skip_regex=None, packages_start=None, packages_end=None, allow_overriding=[], cmake_args=None, cmake_target=None, cmake_target_skip_unavailable=False, cmake_clean_cache=False, cmake_clean_first=False, cmake_force_configure=False, ament_cmake_args=None, catkin_cmake_args=None, catkin_skip_building_tests=False, verb_parser=<colcon_defaults.argument_parser.defaults.DefaultArgumentsDecorator object at 0x7ff5a40b33a0>, verb_extension=<colcon_core.verb.build.BuildVerb object at 0x7ff5a43809d0>, main=<bound method BuildVerb.main of <colcon_core.verb.build.BuildVerb object at 0x7ff5a43809d0>>)
[9.882s] Level 1:colcon.colcon_core.package_discovery:discover_packages(colcon_meta) check parameters
[9.883s] Level 1:colcon.colcon_core.package_discovery:discover_packages(recursive) check parameters
[9.883s] Level 1:colcon.colcon_core.package_discovery:discover_packages(ignore) check parameters
[9.884s] Level 1:colcon.colcon_core.package_discovery:discover_packages(path) check parameters
[9.884s] Level 1:colcon.colcon_core.package_discovery:discover_packages(colcon_meta) discover
[9.884s] Level 1:colcon.colcon_core.package_discovery:discover_packages(recursive) discover
[9.884s] INFO:colcon.colcon_core.package_discovery:Crawling recursively for packages in '/home/manoj/ros2_ws'
[9.885s] Level 1:colcon.colcon_core.package_identification:_identify(.) by extensions ['ignore', 'ignore_ament_install']
[9.885s] Level 1:colcon.colcon_core.package_identification:_identify(.) by extension 'ignore'
[9.885s] Level 1:colcon.colcon_core.package_identification:_identify(.) by extension 'ignore_ament_install'
[9.886s] Level 1:colcon.colcon_core.package_identification:_identify(.) by extensions ['colcon_pkg']
[9.886s] Level 1:colcon.colcon_core.package_identification:_identify(.) by extension 'colcon_pkg'
[9.886s] Level 1:colcon.colcon_core.package_identification:_identify(.) by extensions ['colcon_meta']
[9.886s] Level 1:colcon.colcon_core.package_identification:_identify(.) by extension 'colcon_meta'
[9.886s] Level 1:colcon.colcon_core.package_identification:_identify(.) by extensions ['ros']
[9.886s] Level 1:colcon.colcon_core.package_identification:_identify(.) by extension 'ros'
[9.933s] Level 1:colcon.colcon_core.package_identification:_identify(.) by extensions ['cmake', 'python']
[9.933s] Level 1:colcon.colcon_core.package_identification:_identify(.) by extension 'cmake'
[9.933s] Level 1:colcon.colcon_core.package_identification:_identify(.) by extension 'python'
[9.933s] Level 1:colcon.colcon_core.package_identification:_identify(.) by extensions ['python_setup_py']
[9.933s] Level 1:colcon.colcon_core.package_identification:_identify(.) by extension 'python_setup_py'
[9.961s] Level 1:colcon.colcon_core.package_identification:_identify(build) by extensions ['ignore', 'ignore_ament_install']
[9.962s] Level 1:colcon.colcon_core.package_identification:_identify(build) by extension 'ignore'
[9.963s] Level 1:colcon.colcon_core.package_identification:_identify(build) ignored
[9.963s] Level 1:colcon.colcon_core.package_identification:_identify(install) by extensions ['ignore', 'ignore_ament_install']
[9.964s] Level 1:colcon.colcon_core.package_identification:_identify(install) by extension 'ignore'
[9.964s] Level 1:colcon.colcon_core.package_identification:_identify(install) ignored
[9.964s] Level 1:colcon.colcon_core.package_identification:_identify(log) by extensions ['ignore', 'ignore_ament_install']
[9.964s] Level 1:colcon.colcon_core.package_identification:_identify(log) by extension 'ignore'
[9.964s] Level 1:colcon.colcon_core.package_identification:_identify(log) ignored
[9.964s] Level 1:colcon.colcon_core.package_identification:_identify(src) by extensions ['ignore', 'ignore_ament_install']
[9.964s] Level 1:colcon.colcon_core.package_identification:_identify(src) by extension 'ignore'
[9.964s] Level 1:colcon.colcon_core.package_identification:_identify(src) by extension 'ignore_ament_install'
[9.964s] Level 1:colcon.colcon_core.package_identification:_identify(src) by extensions ['colcon_pkg']
[9.964s] Level 1:colcon.colcon_core.package_identification:_identify(src) by extension 'colcon_pkg'
[9.965s] Level 1:colcon.colcon_core.package_identification:_identify(src) by extensions ['colcon_meta']
[9.965s] Level 1:colcon.colcon_core.package_identification:_identify(src) by extension 'colcon_meta'
[9.965s] Level 1:colcon.colcon_core.package_identification:_identify(src) by extensions ['ros']
[9.965s] Level 1:colcon.colcon_core.package_identification:_identify(src) by extension 'ros'
[9.965s] Level 1:colcon.colcon_core.package_identification:_identify(src) by extensions ['cmake', 'python']
[9.965s] Level 1:colcon.colcon_core.package_identification:_identify(src) by extension 'cmake'
[9.965s] Level 1:colcon.colcon_core.package_identification:_identify(src) by extension 'python'
[9.965s] Level 1:colcon.colcon_core.package_identification:_identify(src) by extensions ['python_setup_py']
[9.965s] Level 1:colcon.colcon_core.package_identification:_identify(src) by extension 'python_setup_py'
[9.965s] Level 1:colcon.colcon_core.package_identification:_identify(src/my_package) by extensions ['ignore', 'ignore_ament_install']
[9.965s] Level 1:colcon.colcon_core.package_identification:_identify(src/my_package) by extension 'ignore'
[9.965s] Level 1:colcon.colcon_core.package_identification:_identify(src/my_package) by extension 'ignore_ament_install'
[9.965s] Level 1:colcon.colcon_core.package_identification:_identify(src/my_package) by extensions ['colcon_pkg']
[9.965s] Level 1:colcon.colcon_core.package_identification:_identify(src/my_package) by extension 'colcon_pkg'
[9.965s] Level 1:colcon.colcon_core.package_identification:_identify(src/my_package) by extensions ['colcon_meta']
[9.966s] Level 1:colcon.colcon_core.package_identification:_identify(src/my_package) by extension 'colcon_meta'
[9.966s] Level 1:colcon.colcon_core.package_identification:_identify(src/my_package) by extensions ['ros']
[9.966s] Level 1:colcon.colcon_core.package_identification:_identify(src/my_package) by extension 'ros'
[9.975s] DEBUG:colcon.colcon_core.package_identification:Package 'src/my_package' with type 'ros.ament_python' and name 'my_package'
[9.975s] Level 1:colcon.colcon_core.package_discovery:discover_packages(recursive) using defaults
[9.975s] Level 1:colcon.colcon_core.package_discovery:discover_packages(ignore) discover
[9.975s] Level 1:colcon.colcon_core.package_discovery:discover_packages(ignore) using defaults
[9.976s] Level 1:colcon.colcon_core.package_discovery:discover_packages(path) discover
[9.976s] Level 1:colcon.colcon_core.package_discovery:discover_packages(path) using defaults
[10.571s] Level 1:colcon.colcon_core.package_discovery:discover_packages(prefix_path) check parameters
[10.572s] Level 1:colcon.colcon_core.package_discovery:discover_packages(prefix_path) discover
[10.645s] WARNING:colcon.colcon_ros.prefix_path.ament:The path '/home/manoj/ros2_ws/install/bug0' in the environment variable AMENT_PREFIX_PATH doesn't exist
[10.751s] DEBUG:colcon.colcon_installed_package_information.package_discovery:Found 1 installed packages in /home/manoj/ros2_ws/install
[10.876s] DEBUG:colcon.colcon_installed_package_information.package_discovery:Found 394 installed packages in /opt/ros/humble
[10.881s] Level 1:colcon.colcon_core.package_discovery:discover_packages(prefix_path) using defaults
[11.424s] Level 5:colcon.colcon_core.verb:set package 'my_package' build argument 'cmake_args' from command line to 'None'
[11.424s] Level 5:colcon.colcon_core.verb:set package 'my_package' build argument 'cmake_target' from command line to 'None'
[11.424s] Level 5:colcon.colcon_core.verb:set package 'my_package' build argument 'cmake_target_skip_unavailable' from command line to 'False'
[11.424s] Level 5:colcon.colcon_core.verb:set package 'my_package' build argument 'cmake_clean_cache' from command line to 'False'
[11.424s] Level 5:colcon.colcon_core.verb:set package 'my_package' build argument 'cmake_clean_first' from command line to 'False'
[11.424s] Level 5:colcon.colcon_core.verb:set package 'my_package' build argument 'cmake_force_configure' from command line to 'False'
[11.424s] Level 5:colcon.colcon_core.verb:set package 'my_package' build argument 'ament_cmake_args' from command line to 'None'
[11.424s] Level 5:colcon.colcon_core.verb:set package 'my_package' build argument 'catkin_cmake_args' from command line to 'None'
[11.424s] Level 5:colcon.colcon_core.verb:set package 'my_package' build argument 'catkin_skip_building_tests' from command line to 'False'
[11.424s] DEBUG:colcon.colcon_core.verb:Building package 'my_package' with the following arguments: {'ament_cmake_args': None, 'build_base': '/home/manoj/ros2_ws/build/my_package', 'catkin_cmake_args': None, 'catkin_skip_building_tests': False, 'cmake_args': None, 'cmake_clean_cache': False, 'cmake_clean_first': False, 'cmake_force_configure': False, 'cmake_target': None, 'cmake_target_skip_unavailable': False, 'install_base': '/home/manoj/ros2_ws/install/my_package', 'merge_install': False, 'path': '/home/manoj/ros2_ws/src/my_package', 'symlink_install': False, 'test_result_base': None}
[11.500s] INFO:colcon.colcon_core.executor:Executing jobs using 'parallel' executor
[11.567s] DEBUG:colcon.colcon_parallel_executor.executor.parallel:run_until_complete
[11.567s] INFO:colcon.colcon_ros.task.ament_python.build:Building ROS package in '/home/manoj/ros2_ws/src/my_package' with build type 'ament_python'
[11.568s] Level 1:colcon.colcon_core.shell:create_environment_hook('my_package', 'ament_prefix_path')
[11.655s] INFO:colcon.colcon_core.plugin_system:Skipping extension 'colcon_core.shell.bat': Not used on non-Windows systems
[11.656s] INFO:colcon.colcon_core.shell:Creating environment hook '/home/manoj/ros2_ws/install/my_package/share/my_package/hook/ament_prefix_path.ps1'
[11.689s] INFO:colcon.colcon_core.shell:Creating environment descriptor '/home/manoj/ros2_ws/install/my_package/share/my_package/hook/ament_prefix_path.dsv'
[11.693s] INFO:colcon.colcon_core.shell:Creating environment hook '/home/manoj/ros2_ws/install/my_package/share/my_package/hook/ament_prefix_path.sh'
[11.815s] INFO:colcon.colcon_core.shell:Skip shell extension 'powershell' for command environment: Not usable outside of PowerShell
[11.815s] DEBUG:colcon.colcon_core.shell:Skip shell extension 'dsv' for command environment
[13.314s] INFO:colcon.colcon_core.task.python.build:Building Python package in '/home/manoj/ros2_ws/src/my_package'
[13.406s] INFO:colcon.colcon_core.shell:Skip shell extension 'powershell' for command environment: Not usable outside of PowerShell
[13.407s] DEBUG:colcon.colcon_core.shell:Skip shell extension 'dsv' for command environment
[16.149s] DEBUG:colcon.colcon_core.event_handler.log_command:Invoking command in '/home/manoj/ros2_ws/src/my_package': PYTHONPATH=/home/manoj/ros2_ws/build/my_package/prefix_override:/home/manoj/ros2_ws/install/my_package/lib/python3.10/site-packages:${PYTHONPATH} /usr/bin/python3 setup.py egg_info --egg-base ../../build/my_package build --build-base /home/manoj/ros2_ws/build/my_package/build install --record /home/manoj/ros2_ws/build/my_package/install.log --single-version-externally-managed
[16.616s] DEBUG:colcon.colcon_core.event_handler.log_command:Invoked command in '/home/manoj/ros2_ws/src/my_package' returned '0': PYTHONPATH=/home/manoj/ros2_ws/build/my_package/prefix_override:/home/manoj/ros2_ws/install/my_package/lib/python3.10/site-packages:${PYTHONPATH} /usr/bin/python3 setup.py egg_info --egg-base ../../build/my_package build --build-base /home/manoj/ros2_ws/build/my_package/build install --record /home/manoj/ros2_ws/build/my_package/install.log --single-version-externally-managed
[16.632s] Level 1:colcon.colcon_core.environment:checking '/home/manoj/ros2_ws/install/my_package' for CMake module files
[16.633s] Level 1:colcon.colcon_core.environment:checking '/home/manoj/ros2_ws/install/my_package' for CMake config files
[16.686s] Level 1:colcon.colcon_core.environment:checking '/home/manoj/ros2_ws/install/my_package/lib'
[16.687s] Level 1:colcon.colcon_core.environment:checking '/home/manoj/ros2_ws/install/my_package/bin'
[16.687s] Level 1:colcon.colcon_core.environment:checking '/home/manoj/ros2_ws/install/my_package/lib/pkgconfig/my_package.pc'
[16.688s] Level 1:colcon.colcon_core.environment:checking '/home/manoj/ros2_ws/install/my_package/lib/python3.10/site-packages'
[16.688s] Level 1:colcon.colcon_core.shell:create_environment_hook('my_package', 'pythonpath')
[16.711s] INFO:colcon.colcon_core.shell:Creating environment hook '/home/manoj/ros2_ws/install/my_package/share/my_package/hook/pythonpath.ps1'
[16.711s] INFO:colcon.colcon_core.shell:Creating environment descriptor '/home/manoj/ros2_ws/install/my_package/share/my_package/hook/pythonpath.dsv'
[16.712s] INFO:colcon.colcon_core.shell:Creating environment hook '/home/manoj/ros2_ws/install/my_package/share/my_package/hook/pythonpath.sh'
[16.712s] Level 1:colcon.colcon_core.environment:checking '/home/manoj/ros2_ws/install/my_package/bin'
[16.712s] Level 1:colcon.colcon_core.environment:create_environment_scripts_only(my_package)
[16.725s] INFO:colcon.colcon_core.shell:Creating package script '/home/manoj/ros2_ws/install/my_package/share/my_package/package.ps1'
[16.726s] INFO:colcon.colcon_core.shell:Creating package descriptor '/home/manoj/ros2_ws/install/my_package/share/my_package/package.dsv'
[16.727s] INFO:colcon.colcon_core.shell:Creating package script '/home/manoj/ros2_ws/install/my_package/share/my_package/package.sh'
[16.727s] INFO:colcon.colcon_core.shell:Creating package script '/home/manoj/ros2_ws/install/my_package/share/my_package/package.bash'
[16.728s] INFO:colcon.colcon_core.shell:Creating package script '/home/manoj/ros2_ws/install/my_package/share/my_package/package.zsh'
[16.728s] Level 1:colcon.colcon_core.environment:create_file_with_runtime_dependencies(/home/manoj/ros2_ws/install/my_package/share/colcon-core/packages/my_package)
[16.728s] DEBUG:colcon.colcon_parallel_executor.executor.parallel:closing loop
[16.729s] DEBUG:colcon.colcon_parallel_executor.executor.parallel:loop closed
[16.729s] DEBUG:colcon.colcon_parallel_executor.executor.parallel:run_until_complete finished with '0'
[16.729s] DEBUG:colcon.colcon_core.event_reactor:joining thread
[16.747s] INFO:colcon.colcon_core.plugin_system:Skipping extension 'colcon_notification.desktop_notification.terminal_notifier': Not used on non-Darwin systems
[16.747s] INFO:colcon.colcon_core.plugin_system:Skipping extension 'colcon_notification.desktop_notification.win32': Not used on non-Windows systems
[16.747s] INFO:colcon.colcon_notification.desktop_notification:Sending desktop notification using 'notify2'
[16.758s] DEBUG:colcon.colcon_core.event_reactor:joined thread
[16.773s] INFO:colcon.colcon_core.shell:Creating prefix script '/home/manoj/ros2_ws/install/local_setup.ps1'
[16.774s] INFO:colcon.colcon_core.shell:Creating prefix util module '/home/manoj/ros2_ws/install/_local_setup_util_ps1.py'
[16.775s] INFO:colcon.colcon_core.shell:Creating prefix chain script '/home/manoj/ros2_ws/install/setup.ps1'
[16.791s] INFO:colcon.colcon_core.shell:Creating prefix script '/home/manoj/ros2_ws/install/local_setup.sh'
[16.791s] INFO:colcon.colcon_core.shell:Creating prefix util module '/home/manoj/ros2_ws/install/_local_setup_util_sh.py'
[16.792s] INFO:colcon.colcon_core.shell:Creating prefix chain script '/home/manoj/ros2_ws/install/setup.sh'
[16.808s] INFO:colcon.colcon_core.shell:Creating prefix script '/home/manoj/ros2_ws/install/local_setup.bash'
[16.808s] INFO:colcon.colcon_core.shell:Creating prefix chain script '/home/manoj/ros2_ws/install/setup.bash'
[16.824s] INFO:colcon.colcon_core.shell:Creating prefix script '/home/manoj/ros2_ws/install/local_setup.zsh'
[16.824s] INFO:colcon.colcon_core.shell:Creating prefix chain script '/home/manoj/ros2_ws/install/setup.zsh'
