[2.359s] Invoking command in '/home/manoj/ros2_ws/src/my_package': PYTHONPATH=/home/manoj/ros2_ws/build/my_package/prefix_override:/home/manoj/ros2_ws/install/my_package/lib/python3.10/site-packages:${PYTHONPATH} /usr/bin/python3 setup.py egg_info --egg-base ../../build/my_package build --build-base /home/manoj/ros2_ws/build/my_package/build install --record /home/manoj/ros2_ws/build/my_package/install.log --single-version-externally-managed
[3.076s] running egg_info
[3.077s] writing ../../build/my_package/my_package.egg-info/PKG-INFO
[3.077s] writing dependency_links to ../../build/my_package/my_package.egg-info/dependency_links.txt
[3.077s] writing entry points to ../../build/my_package/my_package.egg-info/entry_points.txt
[3.078s] writing requirements to ../../build/my_package/my_package.egg-info/requires.txt
[3.078s] writing top-level names to ../../build/my_package/my_package.egg-info/top_level.txt
[3.080s] reading manifest file '../../build/my_package/my_package.egg-info/SOURCES.txt'
[3.087s] writing manifest file '../../build/my_package/my_package.egg-info/SOURCES.txt'
[3.087s] running build
[3.088s] running build_py
[3.088s] copying my_package/my_node.py -> /home/manoj/ros2_ws/build/my_package/build/lib/my_package
[3.088s] running install
[3.089s] running install_lib
[3.092s] copying /home/manoj/ros2_ws/build/my_package/build/lib/my_package/my_node.py -> /home/manoj/ros2_ws/install/my_package/lib/python3.10/site-packages/my_package
[3.093s] byte-compiling /home/manoj/ros2_ws/install/my_package/lib/python3.10/site-packages/my_package/my_node.py to my_node.cpython-310.pyc
[3.094s] running install_data
[3.095s] running install_egg_info
[3.102s] removing '/home/manoj/ros2_ws/install/my_package/lib/python3.10/site-packages/my_package-0.0.0-py3.10.egg-info' (and everything under it)
[3.104s] Copying ../../build/my_package/my_package.egg-info to /home/manoj/ros2_ws/install/my_package/lib/python3.10/site-packages/my_package-0.0.0-py3.10.egg-info
[3.105s] running install_scripts
[3.155s] Installing my_node script to /home/manoj/ros2_ws/install/my_package/lib/my_package
[3.156s] writing list of installed files to '/home/manoj/ros2_ws/build/my_package/install.log'
[3.252s] Invoked command in '/home/manoj/ros2_ws/src/my_package' returned '0': PYTHONPATH=/home/manoj/ros2_ws/build/my_package/prefix_override:/home/manoj/ros2_ws/install/my_package/lib/python3.10/site-packages:${PYTHONPATH} /usr/bin/python3 setup.py egg_info --egg-base ../../build/my_package build --build-base /home/manoj/ros2_ws/build/my_package/build install --record /home/manoj/ros2_ws/build/my_package/install.log --single-version-externally-managed
