[2.678s] Invoking command in '/home/manoj/ros2_ws/src/my_package': PYTHONPATH=/home/manoj/ros2_ws/build/my_package/prefix_override:/home/manoj/ros2_ws/install/my_package/lib/python3.10/site-packages:${PYTHONPATH} /usr/bin/python3 setup.py egg_info --egg-base ../../build/my_package build --build-base /home/manoj/ros2_ws/build/my_package/build install --record /home/manoj/ros2_ws/build/my_package/install.log --single-version-externally-managed
[3.497s] running egg_info
[3.503s] writing ../../build/my_package/my_package.egg-info/PKG-INFO
[3.505s] writing dependency_links to ../../build/my_package/my_package.egg-info/dependency_links.txt
[3.505s] writing entry points to ../../build/my_package/my_package.egg-info/entry_points.txt
[3.505s] writing requirements to ../../build/my_package/my_package.egg-info/requires.txt
[3.506s] writing top-level names to ../../build/my_package/my_package.egg-info/top_level.txt
[3.510s] reading manifest file '../../build/my_package/my_package.egg-info/SOURCES.txt'
[3.512s] writing manifest file '../../build/my_package/my_package.egg-info/SOURCES.txt'
[3.512s] running build
[3.512s] running build_py
[3.513s] copying my_package/my_node.py -> /home/manoj/ros2_ws/build/my_package/build/lib/my_package
[3.513s] running install
[3.513s] running install_lib
[3.520s] copying /home/manoj/ros2_ws/build/my_package/build/lib/my_package/my_node.py -> /home/manoj/ros2_ws/install/my_package/lib/python3.10/site-packages/my_package
[3.522s] byte-compiling /home/manoj/ros2_ws/install/my_package/lib/python3.10/site-packages/my_package/my_node.py to my_node.cpython-310.pyc
[3.524s] running install_data
[3.525s] running install_egg_info
[3.528s] removing '/home/manoj/ros2_ws/install/my_package/lib/python3.10/site-packages/my_package-0.0.0-py3.10.egg-info' (and everything under it)
[3.529s] Copying ../../build/my_package/my_package.egg-info to /home/manoj/ros2_ws/install/my_package/lib/python3.10/site-packages/my_package-0.0.0-py3.10.egg-info
[3.530s] running install_scripts
[3.593s] Installing my_node script to /home/manoj/ros2_ws/install/my_package/lib/my_package
[3.593s] writing list of installed files to '/home/manoj/ros2_ws/build/my_package/install.log'
[3.705s] Invoked command in '/home/manoj/ros2_ws/src/my_package' returned '0': PYTHONPATH=/home/manoj/ros2_ws/build/my_package/prefix_override:/home/manoj/ros2_ws/install/my_package/lib/python3.10/site-packages:${PYTHONPATH} /usr/bin/python3 setup.py egg_info --egg-base ../../build/my_package build --build-base /home/manoj/ros2_ws/build/my_package/build install --record /home/manoj/ros2_ws/build/my_package/install.log --single-version-externally-managed
