[4.581s] Invoking command in '/home/manoj/ros2_ws/src/my_package': PYTHONPATH=/home/manoj/ros2_ws/build/my_package/prefix_override:/home/manoj/ros2_ws/install/my_package/lib/python3.10/site-packages:${PYTHONPATH} /usr/bin/python3 setup.py egg_info --egg-base ../../build/my_package build --build-base /home/manoj/ros2_ws/build/my_package/build install --record /home/manoj/ros2_ws/build/my_package/install.log --single-version-externally-managed
[4.923s] running egg_info
[4.924s] writing ../../build/my_package/my_package.egg-info/PKG-INFO
[4.924s] writing dependency_links to ../../build/my_package/my_package.egg-info/dependency_links.txt
[4.924s] writing entry points to ../../build/my_package/my_package.egg-info/entry_points.txt
[4.924s] writing requirements to ../../build/my_package/my_package.egg-info/requires.txt
[4.924s] writing top-level names to ../../build/my_package/my_package.egg-info/top_level.txt
[4.955s] reading manifest file '../../build/my_package/my_package.egg-info/SOURCES.txt'
[4.987s] writing manifest file '../../build/my_package/my_package.egg-info/SOURCES.txt'
[4.987s] running build
[4.987s] running build_py
[4.988s] copying my_package/my_node.py -> /home/manoj/ros2_ws/build/my_package/build/lib/my_package
[4.988s] running install
[4.989s] running install_lib
[4.996s] copying /home/manoj/ros2_ws/build/my_package/build/lib/my_package/my_node.py -> /home/manoj/ros2_ws/install/my_package/lib/python3.10/site-packages/my_package
[4.997s] byte-compiling /home/manoj/ros2_ws/install/my_package/lib/python3.10/site-packages/my_package/my_node.py to my_node.cpython-310.pyc
[4.997s] running install_data
[4.998s] running install_egg_info
[5.000s] removing '/home/manoj/ros2_ws/install/my_package/lib/python3.10/site-packages/my_package-0.0.0-py3.10.egg-info' (and everything under it)
[5.000s] Copying ../../build/my_package/my_package.egg-info to /home/manoj/ros2_ws/install/my_package/lib/python3.10/site-packages/my_package-0.0.0-py3.10.egg-info
[5.001s] running install_scripts
[5.020s] Installing my_node script to /home/manoj/ros2_ws/install/my_package/lib/my_package
[5.020s] writing list of installed files to '/home/manoj/ros2_ws/build/my_package/install.log'
[5.048s] Invoked command in '/home/manoj/ros2_ws/src/my_package' returned '0': PYTHONPATH=/home/manoj/ros2_ws/build/my_package/prefix_override:/home/manoj/ros2_ws/install/my_package/lib/python3.10/site-packages:${PYTHONPATH} /usr/bin/python3 setup.py egg_info --egg-base ../../build/my_package build --build-base /home/manoj/ros2_ws/build/my_package/build install --record /home/manoj/ros2_ws/build/my_package/install.log --single-version-externally-managed
